# Parquet scan
select * from tpch_parquet.lineitem
---- PLAN
Max Per-Host Resource Reservation: Memory=40.00MB Threads=2
Per-Host Resource Estimates: Memory=80MB

F00:PLAN FRAGMENT [UNPARTITIONED] hosts=1 instances=1
|  Per-Host Resources: mem-estimate=80.00MB mem-reservation=40.00MB thread-reservation=2
PLAN-ROOT SINK
|  mem-estimate=0B mem-reservation=0B thread-reservation=0
|
00:SCAN HDFS [tpch_parquet.lineitem]
   partitions=1/1 files=3 size=193.99MB
   stored statistics:
     table: rows=6001215 size=193.99MB
     columns: all
   extrapolated-rows=disabled max-scan-range-rows=2141664
   mem-estimate=80.00MB mem-reservation=40.00MB thread-reservation=1
   tuple-ids=0 row-size=263B cardinality=6001215
   in pipelines: 00(GETNEXT)
---- DISTRIBUTEDPLAN
Max Per-Host Resource Reservation: Memory=40.00MB Threads=3
Per-Host Resource Estimates: Memory=80MB

F01:PLAN FRAGMENT [UNPARTITIONED] hosts=1 instances=1
|  Per-Host Resources: mem-estimate=0B mem-reservation=0B thread-reservation=1
PLAN-ROOT SINK
|  mem-estimate=0B mem-reservation=0B thread-reservation=0
|
01:EXCHANGE [UNPARTITIONED]
|  mem-estimate=0B mem-reservation=0B thread-reservation=0
|  tuple-ids=0 row-size=263B cardinality=6001215
|  in pipelines: 00(GETNEXT)
|
F00:PLAN FRAGMENT [RANDOM] hosts=3 instances=3
Per-Host Resources: mem-estimate=80.00MB mem-reservation=40.00MB thread-reservation=2
00:SCAN HDFS [tpch_parquet.lineitem, RANDOM]
   partitions=1/1 files=3 size=193.99MB
   stored statistics:
     table: rows=6001215 size=193.99MB
     columns: all
   extrapolated-rows=disabled max-scan-range-rows=2141664
   mem-estimate=80.00MB mem-reservation=40.00MB thread-reservation=1
   tuple-ids=0 row-size=263B cardinality=6001215
   in pipelines: 00(GETNEXT)
---- PARALLELPLANS
Max Per-Host Resource Reservation: Memory=80.00MB Threads=3
Per-Host Resource Estimates: Memory=160MB

F01:PLAN FRAGMENT [UNPARTITIONED] hosts=1 instances=1
|  Per-Host Resources: mem-estimate=0B mem-reservation=0B thread-reservation=1
PLAN-ROOT SINK
|  mem-estimate=0B mem-reservation=0B thread-reservation=0
|
01:EXCHANGE [UNPARTITIONED]
|  mem-estimate=0B mem-reservation=0B thread-reservation=0
|  tuple-ids=0 row-size=263B cardinality=6001215
|  in pipelines: 00(GETNEXT)
|
F00:PLAN FRAGMENT [RANDOM] hosts=3 instances=6
Per-Host Resources: mem-estimate=160.00MB mem-reservation=80.00MB thread-reservation=2
00:SCAN HDFS [tpch_parquet.lineitem, RANDOM]
   partitions=1/1 files=3 size=193.99MB
   stored statistics:
     table: rows=6001215 size=193.99MB
     columns: all
   extrapolated-rows=disabled max-scan-range-rows=2141664
   mem-estimate=80.00MB mem-reservation=40.00MB thread-reservation=0
   tuple-ids=0 row-size=263B cardinality=6001215
   in pipelines: 00(GETNEXT)
====
# Single column parquet scan - memory reservation is reduced compared to multi-column
# scan.
select l_comment from tpch_parquet.lineitem
---- PLAN
Max Per-Host Resource Reservation: Memory=4.00MB Threads=2
Per-Host Resource Estimates: Memory=80MB

F00:PLAN FRAGMENT [UNPARTITIONED] hosts=1 instances=1
|  Per-Host Resources: mem-estimate=80.00MB mem-reservation=4.00MB thread-reservation=2
PLAN-ROOT SINK
|  mem-estimate=0B mem-reservation=0B thread-reservation=0
|
00:SCAN HDFS [tpch_parquet.lineitem]
   partitions=1/1 files=3 size=193.99MB
   stored statistics:
     table: rows=6001215 size=193.99MB
     columns: all
   extrapolated-rows=disabled max-scan-range-rows=2141664
   mem-estimate=80.00MB mem-reservation=4.00MB thread-reservation=1
   tuple-ids=0 row-size=42B cardinality=6001215
   in pipelines: 00(GETNEXT)
---- DISTRIBUTEDPLAN
Max Per-Host Resource Reservation: Memory=4.00MB Threads=3
Per-Host Resource Estimates: Memory=80MB

F01:PLAN FRAGMENT [UNPARTITIONED] hosts=1 instances=1
|  Per-Host Resources: mem-estimate=0B mem-reservation=0B thread-reservation=1
PLAN-ROOT SINK
|  mem-estimate=0B mem-reservation=0B thread-reservation=0
|
01:EXCHANGE [UNPARTITIONED]
|  mem-estimate=0B mem-reservation=0B thread-reservation=0
|  tuple-ids=0 row-size=42B cardinality=6001215
|  in pipelines: 00(GETNEXT)
|
F00:PLAN FRAGMENT [RANDOM] hosts=3 instances=3
Per-Host Resources: mem-estimate=80.00MB mem-reservation=4.00MB thread-reservation=2
00:SCAN HDFS [tpch_parquet.lineitem, RANDOM]
   partitions=1/1 files=3 size=193.99MB
   stored statistics:
     table: rows=6001215 size=193.99MB
     columns: all
   extrapolated-rows=disabled max-scan-range-rows=2141664
   mem-estimate=80.00MB mem-reservation=4.00MB thread-reservation=1
   tuple-ids=0 row-size=42B cardinality=6001215
   in pipelines: 00(GETNEXT)
---- PARALLELPLANS
Max Per-Host Resource Reservation: Memory=8.00MB Threads=3
Per-Host Resource Estimates: Memory=160MB

F01:PLAN FRAGMENT [UNPARTITIONED] hosts=1 instances=1
|  Per-Host Resources: mem-estimate=0B mem-reservation=0B thread-reservation=1
PLAN-ROOT SINK
|  mem-estimate=0B mem-reservation=0B thread-reservation=0
|
01:EXCHANGE [UNPARTITIONED]
|  mem-estimate=0B mem-reservation=0B thread-reservation=0
|  tuple-ids=0 row-size=42B cardinality=6001215
|  in pipelines: 00(GETNEXT)
|
F00:PLAN FRAGMENT [RANDOM] hosts=3 instances=6
Per-Host Resources: mem-estimate=160.00MB mem-reservation=8.00MB thread-reservation=2
00:SCAN HDFS [tpch_parquet.lineitem, RANDOM]
   partitions=1/1 files=3 size=193.99MB
   stored statistics:
     table: rows=6001215 size=193.99MB
     columns: all
   extrapolated-rows=disabled max-scan-range-rows=2141664
   mem-estimate=80.00MB mem-reservation=4.00MB thread-reservation=0
   tuple-ids=0 row-size=42B cardinality=6001215
   in pipelines: 00(GETNEXT)
====
# Small parquet files - memory reservation is reduced because of small file size.
select string_col from functional_parquet.alltypes;
---- PLAN
Max Per-Host Resource Reservation: Memory=16.00KB Threads=2
Per-Host Resource Estimates: Memory=16MB
WARNING: The following tables are missing relevant table and/or column statistics.
functional_parquet.alltypes

F00:PLAN FRAGMENT [UNPARTITIONED] hosts=1 instances=1
|  Per-Host Resources: mem-estimate=16.00MB mem-reservation=16.00KB thread-reservation=2
PLAN-ROOT SINK
|  mem-estimate=0B mem-reservation=0B thread-reservation=0
|
00:SCAN HDFS [functional_parquet.alltypes]
   partitions=24/24 files=24 size=199.69KB
   stored statistics:
     table: rows=unavailable size=unavailable
     partitions: 0/24 rows=unavailable
     columns: unavailable
   extrapolated-rows=disabled max-scan-range-rows=unavailable
   mem-estimate=16.00MB mem-reservation=16.00KB thread-reservation=1
   tuple-ids=0 row-size=16B cardinality=unavailable
   in pipelines: 00(GETNEXT)
---- DISTRIBUTEDPLAN
Max Per-Host Resource Reservation: Memory=16.00KB Threads=3
Per-Host Resource Estimates: Memory=16MB
WARNING: The following tables are missing relevant table and/or column statistics.
functional_parquet.alltypes

F01:PLAN FRAGMENT [UNPARTITIONED] hosts=1 instances=1
|  Per-Host Resources: mem-estimate=0B mem-reservation=0B thread-reservation=1
PLAN-ROOT SINK
|  mem-estimate=0B mem-reservation=0B thread-reservation=0
|
01:EXCHANGE [UNPARTITIONED]
|  mem-estimate=0B mem-reservation=0B thread-reservation=0
|  tuple-ids=0 row-size=16B cardinality=unavailable
|  in pipelines: 00(GETNEXT)
|
F00:PLAN FRAGMENT [RANDOM] hosts=3 instances=3
Per-Host Resources: mem-estimate=16.00MB mem-reservation=16.00KB thread-reservation=2
00:SCAN HDFS [functional_parquet.alltypes, RANDOM]
   partitions=24/24 files=24 size=199.69KB
   stored statistics:
     table: rows=unavailable size=unavailable
     partitions: 0/24 rows=unavailable
     columns: unavailable
   extrapolated-rows=disabled max-scan-range-rows=unavailable
   mem-estimate=16.00MB mem-reservation=16.00KB thread-reservation=1
   tuple-ids=0 row-size=16B cardinality=unavailable
   in pipelines: 00(GETNEXT)
---- PARALLELPLANS
Max Per-Host Resource Reservation: Memory=32.00KB Threads=3
Per-Host Resource Estimates: Memory=32MB
WARNING: The following tables are missing relevant table and/or column statistics.
functional_parquet.alltypes

F01:PLAN FRAGMENT [UNPARTITIONED] hosts=1 instances=1
|  Per-Host Resources: mem-estimate=0B mem-reservation=0B thread-reservation=1
PLAN-ROOT SINK
|  mem-estimate=0B mem-reservation=0B thread-reservation=0
|
01:EXCHANGE [UNPARTITIONED]
|  mem-estimate=0B mem-reservation=0B thread-reservation=0
|  tuple-ids=0 row-size=16B cardinality=unavailable
|  in pipelines: 00(GETNEXT)
|
F00:PLAN FRAGMENT [RANDOM] hosts=3 instances=6
Per-Host Resources: mem-estimate=32.00MB mem-reservation=32.00KB thread-reservation=2
00:SCAN HDFS [functional_parquet.alltypes, RANDOM]
   partitions=24/24 files=24 size=199.69KB
   stored statistics:
     table: rows=unavailable size=unavailable
     partitions: 0/24 rows=unavailable
     columns: unavailable
   extrapolated-rows=disabled max-scan-range-rows=unavailable
   mem-estimate=16.00MB mem-reservation=16.00KB thread-reservation=0
   tuple-ids=0 row-size=16B cardinality=unavailable
   in pipelines: 00(GETNEXT)
====
# Multi-column parquet scan with small files - memory reservation is reduced because of
# small file size but a minimum amount is reserved per column.
select int_col, float_col, string_col from functional_parquet.alltypes;
---- PLAN
Max Per-Host Resource Reservation: Memory=24.00KB Threads=2
Per-Host Resource Estimates: Memory=16MB
WARNING: The following tables are missing relevant table and/or column statistics.
functional_parquet.alltypes

F00:PLAN FRAGMENT [UNPARTITIONED] hosts=1 instances=1
|  Per-Host Resources: mem-estimate=16.00MB mem-reservation=24.00KB thread-reservation=2
PLAN-ROOT SINK
|  mem-estimate=0B mem-reservation=0B thread-reservation=0
|
00:SCAN HDFS [functional_parquet.alltypes]
   partitions=24/24 files=24 size=199.69KB
   stored statistics:
     table: rows=unavailable size=unavailable
     partitions: 0/24 rows=unavailable
     columns: unavailable
   extrapolated-rows=disabled max-scan-range-rows=unavailable
   mem-estimate=16.00MB mem-reservation=24.00KB thread-reservation=1
   tuple-ids=0 row-size=24B cardinality=unavailable
   in pipelines: 00(GETNEXT)
---- DISTRIBUTEDPLAN
Max Per-Host Resource Reservation: Memory=24.00KB Threads=3
Per-Host Resource Estimates: Memory=16MB
WARNING: The following tables are missing relevant table and/or column statistics.
functional_parquet.alltypes

F01:PLAN FRAGMENT [UNPARTITIONED] hosts=1 instances=1
|  Per-Host Resources: mem-estimate=0B mem-reservation=0B thread-reservation=1
PLAN-ROOT SINK
|  mem-estimate=0B mem-reservation=0B thread-reservation=0
|
01:EXCHANGE [UNPARTITIONED]
|  mem-estimate=0B mem-reservation=0B thread-reservation=0
|  tuple-ids=0 row-size=24B cardinality=unavailable
|  in pipelines: 00(GETNEXT)
|
F00:PLAN FRAGMENT [RANDOM] hosts=3 instances=3
Per-Host Resources: mem-estimate=16.00MB mem-reservation=24.00KB thread-reservation=2
00:SCAN HDFS [functional_parquet.alltypes, RANDOM]
   partitions=24/24 files=24 size=199.69KB
   stored statistics:
     table: rows=unavailable size=unavailable
     partitions: 0/24 rows=unavailable
     columns: unavailable
   extrapolated-rows=disabled max-scan-range-rows=unavailable
   mem-estimate=16.00MB mem-reservation=24.00KB thread-reservation=1
   tuple-ids=0 row-size=24B cardinality=unavailable
   in pipelines: 00(GETNEXT)
---- PARALLELPLANS
Max Per-Host Resource Reservation: Memory=48.00KB Threads=3
Per-Host Resource Estimates: Memory=32MB
WARNING: The following tables are missing relevant table and/or column statistics.
functional_parquet.alltypes

F01:PLAN FRAGMENT [UNPARTITIONED] hosts=1 instances=1
|  Per-Host Resources: mem-estimate=0B mem-reservation=0B thread-reservation=1
PLAN-ROOT SINK
|  mem-estimate=0B mem-reservation=0B thread-reservation=0
|
01:EXCHANGE [UNPARTITIONED]
|  mem-estimate=0B mem-reservation=0B thread-reservation=0
|  tuple-ids=0 row-size=24B cardinality=unavailable
|  in pipelines: 00(GETNEXT)
|
F00:PLAN FRAGMENT [RANDOM] hosts=3 instances=6
Per-Host Resources: mem-estimate=32.00MB mem-reservation=48.00KB thread-reservation=2
00:SCAN HDFS [functional_parquet.alltypes, RANDOM]
   partitions=24/24 files=24 size=199.69KB
   stored statistics:
     table: rows=unavailable size=unavailable
     partitions: 0/24 rows=unavailable
     columns: unavailable
   extrapolated-rows=disabled max-scan-range-rows=unavailable
   mem-estimate=16.00MB mem-reservation=24.00KB thread-reservation=0
   tuple-ids=0 row-size=24B cardinality=unavailable
   in pipelines: 00(GETNEXT)
====
# Parquet scan with no materialized columns. Need reservation to scan levels to determine
# row count.
select 'foo' from functional_parquet.alltypes
---- PLAN
Max Per-Host Resource Reservation: Memory=16.00KB Threads=2
Per-Host Resource Estimates: Memory=10MB
WARNING: The following tables are missing relevant table and/or column statistics.
functional_parquet.alltypes

F00:PLAN FRAGMENT [UNPARTITIONED] hosts=1 instances=1
|  Per-Host Resources: mem-estimate=1.00MB mem-reservation=16.00KB thread-reservation=2
PLAN-ROOT SINK
|  mem-estimate=0B mem-reservation=0B thread-reservation=0
|
00:SCAN HDFS [functional_parquet.alltypes]
   partitions=24/24 files=24 size=199.69KB
   stored statistics:
     table: rows=unavailable size=unavailable
     partitions: 0/24 rows=unavailable
     columns: all
   extrapolated-rows=disabled max-scan-range-rows=unavailable
   mem-estimate=1.00MB mem-reservation=16.00KB thread-reservation=1
   tuple-ids=0 row-size=0B cardinality=unavailable
   in pipelines: 00(GETNEXT)
---- DISTRIBUTEDPLAN
Max Per-Host Resource Reservation: Memory=16.00KB Threads=3
Per-Host Resource Estimates: Memory=10MB
WARNING: The following tables are missing relevant table and/or column statistics.
functional_parquet.alltypes

F01:PLAN FRAGMENT [UNPARTITIONED] hosts=1 instances=1
|  Per-Host Resources: mem-estimate=0B mem-reservation=0B thread-reservation=1
PLAN-ROOT SINK
|  mem-estimate=0B mem-reservation=0B thread-reservation=0
|
01:EXCHANGE [UNPARTITIONED]
|  mem-estimate=0B mem-reservation=0B thread-reservation=0
|  tuple-ids=0 row-size=0B cardinality=unavailable
|  in pipelines: 00(GETNEXT)
|
F00:PLAN FRAGMENT [RANDOM] hosts=3 instances=3
Per-Host Resources: mem-estimate=1.00MB mem-reservation=16.00KB thread-reservation=2
00:SCAN HDFS [functional_parquet.alltypes, RANDOM]
   partitions=24/24 files=24 size=199.69KB
   stored statistics:
     table: rows=unavailable size=unavailable
     partitions: 0/24 rows=unavailable
     columns: all
   extrapolated-rows=disabled max-scan-range-rows=unavailable
   mem-estimate=1.00MB mem-reservation=16.00KB thread-reservation=1
   tuple-ids=0 row-size=0B cardinality=unavailable
   in pipelines: 00(GETNEXT)
---- PARALLELPLANS
Max Per-Host Resource Reservation: Memory=32.00KB Threads=3
Per-Host Resource Estimates: Memory=32MB
WARNING: The following tables are missing relevant table and/or column statistics.
functional_parquet.alltypes

F01:PLAN FRAGMENT [UNPARTITIONED] hosts=1 instances=1
|  Per-Host Resources: mem-estimate=0B mem-reservation=0B thread-reservation=1
PLAN-ROOT SINK
|  mem-estimate=0B mem-reservation=0B thread-reservation=0
|
01:EXCHANGE [UNPARTITIONED]
|  mem-estimate=0B mem-reservation=0B thread-reservation=0
|  tuple-ids=0 row-size=0B cardinality=unavailable
|  in pipelines: 00(GETNEXT)
|
F00:PLAN FRAGMENT [RANDOM] hosts=3 instances=6
Per-Host Resources: mem-estimate=32.00MB mem-reservation=32.00KB thread-reservation=2
00:SCAN HDFS [functional_parquet.alltypes, RANDOM]
   partitions=24/24 files=24 size=199.69KB
   stored statistics:
     table: rows=unavailable size=unavailable
     partitions: 0/24 rows=unavailable
     columns: all
   extrapolated-rows=disabled max-scan-range-rows=unavailable
   mem-estimate=16.00MB mem-reservation=16.00KB thread-reservation=0
   tuple-ids=0 row-size=0B cardinality=unavailable
   in pipelines: 00(GETNEXT)
====
# Parquet scan - reservation estimate based on dictionary-encoded size reduces
# reservation for column with low NDV.
select c_nationkey from tpch_parquet.customer
---- PLAN
Max Per-Host Resource Reservation: Memory=128.00KB Threads=2
Per-Host Resource Estimates: Memory=24MB

F00:PLAN FRAGMENT [UNPARTITIONED] hosts=1 instances=1
|  Per-Host Resources: mem-estimate=24.00MB mem-reservation=128.00KB thread-reservation=2
PLAN-ROOT SINK
|  mem-estimate=0B mem-reservation=0B thread-reservation=0
|
00:SCAN HDFS [tpch_parquet.customer]
   partitions=1/1 files=1 size=12.34MB
   stored statistics:
     table: rows=150000 size=12.34MB
     columns: all
   extrapolated-rows=disabled max-scan-range-rows=150000
   mem-estimate=24.00MB mem-reservation=128.00KB thread-reservation=1
   tuple-ids=0 row-size=2B cardinality=150000
   in pipelines: 00(GETNEXT)
====
# Parquet scan - reservation estimate based on uncompressed size reduces reservation
# for fixed-width column with high NDV.
select c_custkey from tpch_parquet.customer
---- PLAN
Max Per-Host Resource Reservation: Memory=2.00MB Threads=2
Per-Host Resource Estimates: Memory=24MB

F00:PLAN FRAGMENT [UNPARTITIONED] hosts=1 instances=1
|  Per-Host Resources: mem-estimate=24.00MB mem-reservation=2.00MB thread-reservation=2
PLAN-ROOT SINK
|  mem-estimate=0B mem-reservation=0B thread-reservation=0
|
00:SCAN HDFS [tpch_parquet.customer]
   partitions=1/1 files=1 size=12.34MB
   stored statistics:
     table: rows=150000 size=12.34MB
     columns: all
   extrapolated-rows=disabled max-scan-range-rows=150000
   mem-estimate=24.00MB mem-reservation=2.00MB thread-reservation=1
   tuple-ids=0 row-size=8B cardinality=150000
   in pipelines: 00(GETNEXT)
====
# Parquet scan - reservation estimate is not reduced based on column stats when they
# are not present (c_mktsegment is a low NDV column so we can reduce our estimate of
# the column size to significantly smaller than the file size.
select c_mktsegment from functional_parquet.customer_multiblock
---- PLAN
Max Per-Host Resource Reservation: Memory=512.00KB Threads=2
Per-Host Resource Estimates: Memory=16MB
WARNING: The following tables are missing relevant table and/or column statistics.
functional_parquet.customer_multiblock

F00:PLAN FRAGMENT [UNPARTITIONED] hosts=1 instances=1
|  Per-Host Resources: mem-estimate=16.00MB mem-reservation=512.00KB thread-reservation=2
PLAN-ROOT SINK
|  mem-estimate=0B mem-reservation=0B thread-reservation=0
|
00:SCAN HDFS [functional_parquet.customer_multiblock]
   partitions=1/1 files=1 size=482.93KB
   stored statistics:
     table: rows=unavailable size=unavailable
     columns: unavailable
   extrapolated-rows=disabled max-scan-range-rows=unavailable
   mem-estimate=16.00MB mem-reservation=512.00KB thread-reservation=1
   tuple-ids=0 row-size=16B cardinality=unavailable
   in pipelines: 00(GETNEXT)
====
# Parquet nested types, unnested in scan - should reserve memory for each column.
select o_orderkey, o_orderstatus, o_totalprice, o_orderdate, o_orderpriority, o_clerk
from tpch_nested_parquet.customer.c_orders
---- PLAN
Max Per-Host Resource Reservation: Memory=24.00MB Threads=2
Per-Host Resource Estimates: Memory=88MB

F00:PLAN FRAGMENT [UNPARTITIONED] hosts=1 instances=1
|  Per-Host Resources: mem-estimate=88.00MB mem-reservation=24.00MB thread-reservation=2
PLAN-ROOT SINK
|  mem-estimate=0B mem-reservation=0B thread-reservation=0
|
00:SCAN HDFS [tpch_nested_parquet.customer.c_orders]
   partitions=1/1 files=4 size=289.00MB
   stored statistics:
     table: rows=150000 size=289.00MB
     columns: all
   extrapolated-rows=disabled max-scan-range-rows=44227
   mem-estimate=88.00MB mem-reservation=24.00MB thread-reservation=1
   tuple-ids=0 row-size=80B cardinality=1500000
   in pipelines: 00(GETNEXT)
====
# Parquet nested types, unnested in scan - don't reserve extra memory for "pos" virtual
# column that piggy-backs on another column.
select o_orderkey, pos
from tpch_nested_parquet.customer.c_orders
---- PLAN
Max Per-Host Resource Reservation: Memory=4.00MB Threads=2
Per-Host Resource Estimates: Memory=88MB

F00:PLAN FRAGMENT [UNPARTITIONED] hosts=1 instances=1
|  Per-Host Resources: mem-estimate=88.00MB mem-reservation=4.00MB thread-reservation=2
PLAN-ROOT SINK
|  mem-estimate=0B mem-reservation=0B thread-reservation=0
|
00:SCAN HDFS [tpch_nested_parquet.customer.c_orders]
   partitions=1/1 files=4 size=289.00MB
   stored statistics:
     table: rows=150000 size=289.00MB
     columns: all
   extrapolated-rows=disabled max-scan-range-rows=44227
   mem-estimate=88.00MB mem-reservation=4.00MB thread-reservation=1
   tuple-ids=0 row-size=16B cardinality=1500000
   in pipelines: 00(GETNEXT)
====
# Parquet nested types, unnested in scan - reserve memory for "pos" virtual column if it
# is the only column materialized.
select pos
from tpch_nested_parquet.customer.c_orders
---- PLAN
Max Per-Host Resource Reservation: Memory=4.00MB Threads=2
Per-Host Resource Estimates: Memory=88MB

F00:PLAN FRAGMENT [UNPARTITIONED] hosts=1 instances=1
|  Per-Host Resources: mem-estimate=88.00MB mem-reservation=4.00MB thread-reservation=2
PLAN-ROOT SINK
|  mem-estimate=0B mem-reservation=0B thread-reservation=0
|
00:SCAN HDFS [tpch_nested_parquet.customer.c_orders]
   partitions=1/1 files=4 size=289.00MB
   stored statistics:
     table: rows=150000 size=289.00MB
     columns: all
   extrapolated-rows=disabled max-scan-range-rows=44227
   mem-estimate=88.00MB mem-reservation=4.00MB thread-reservation=1
   tuple-ids=0 row-size=8B cardinality=1500000
   in pipelines: 00(GETNEXT)
====
# Parquet nested types, left nested in scan - should reserve memory for each scalar
# column in the nested collection plus the top-level column.
select c_custkey, o_orderkey, o_orderstatus, o_totalprice, o_orderdate, o_orderpriority,
    o_clerk
from tpch_nested_parquet.customer c, c.c_orders
---- PLAN
Max Per-Host Resource Reservation: Memory=32.00MB Threads=2
Per-Host Resource Estimates: Memory=88MB
WARNING: The following tables are missing relevant table and/or column statistics.
tpch_nested_parquet.customer

F00:PLAN FRAGMENT [UNPARTITIONED] hosts=1 instances=1
|  Per-Host Resources: mem-estimate=88.00MB mem-reservation=32.00MB thread-reservation=2
PLAN-ROOT SINK
|  mem-estimate=0B mem-reservation=0B thread-reservation=0
|
01:SUBPLAN
|  mem-estimate=0B mem-reservation=0B thread-reservation=0
|  tuple-ids=1,0 row-size=104B cardinality=1500000
|  in pipelines: 00(GETNEXT)
|
|--04:NESTED LOOP JOIN [CROSS JOIN]
|  |  mem-estimate=24B mem-reservation=0B thread-reservation=0
|  |  tuple-ids=1,0 row-size=104B cardinality=10
|  |  in pipelines: 00(GETNEXT)
|  |
|  |--02:SINGULAR ROW SRC
|  |     parent-subplan=01
|  |     mem-estimate=0B mem-reservation=0B thread-reservation=0
|  |     tuple-ids=0 row-size=24B cardinality=1
|  |     in pipelines: 00(GETNEXT)
|  |
|  03:UNNEST [c.c_orders]
|     parent-subplan=01
|     mem-estimate=0B mem-reservation=0B thread-reservation=0
|     tuple-ids=1 row-size=0B cardinality=10
|     in pipelines: 00(GETNEXT)
|
00:SCAN HDFS [tpch_nested_parquet.customer c]
   partitions=1/1 files=4 size=289.00MB
   predicates: !empty(c.c_orders)
   stored statistics:
     table: rows=150000 size=289.00MB
     columns missing stats: c_orders
   extrapolated-rows=disabled max-scan-range-rows=44227
   mem-estimate=88.00MB mem-reservation=32.00MB thread-reservation=1
   tuple-ids=0 row-size=24B cardinality=150000
   in pipelines: 00(GETNEXT)
====
# Parquet nested types, left nested in scan - should reserve memory for each scalar
# column (excluding pos) in the nested collection plus the top-level column.
select c_custkey, o_orderkey, pos
from tpch_nested_parquet.customer c, c.c_orders
---- PLAN
Max Per-Host Resource Reservation: Memory=8.00MB Threads=2
Per-Host Resource Estimates: Memory=88MB
WARNING: The following tables are missing relevant table and/or column statistics.
tpch_nested_parquet.customer

F00:PLAN FRAGMENT [UNPARTITIONED] hosts=1 instances=1
|  Per-Host Resources: mem-estimate=88.00MB mem-reservation=8.00MB thread-reservation=2
PLAN-ROOT SINK
|  mem-estimate=0B mem-reservation=0B thread-reservation=0
|
01:SUBPLAN
|  mem-estimate=0B mem-reservation=0B thread-reservation=0
|  tuple-ids=1,0 row-size=40B cardinality=1500000
|  in pipelines: 00(GETNEXT)
|
|--04:NESTED LOOP JOIN [CROSS JOIN]
|  |  mem-estimate=24B mem-reservation=0B thread-reservation=0
|  |  tuple-ids=1,0 row-size=40B cardinality=10
|  |  in pipelines: 00(GETNEXT)
|  |
|  |--02:SINGULAR ROW SRC
|  |     parent-subplan=01
|  |     mem-estimate=0B mem-reservation=0B thread-reservation=0
|  |     tuple-ids=0 row-size=24B cardinality=1
|  |     in pipelines: 00(GETNEXT)
|  |
|  03:UNNEST [c.c_orders]
|     parent-subplan=01
|     mem-estimate=0B mem-reservation=0B thread-reservation=0
|     tuple-ids=1 row-size=0B cardinality=10
|     in pipelines: 00(GETNEXT)
|
00:SCAN HDFS [tpch_nested_parquet.customer c]
   partitions=1/1 files=4 size=289.00MB
   predicates: !empty(c.c_orders)
   stored statistics:
     table: rows=150000 size=289.00MB
     columns missing stats: c_orders
   extrapolated-rows=disabled max-scan-range-rows=44227
   mem-estimate=88.00MB mem-reservation=8.00MB thread-reservation=1
   tuple-ids=0 row-size=24B cardinality=150000
   in pipelines: 00(GETNEXT)
====
# Parquet nested types, left nested in scan - should reserve memory for virtual
# pos column in the nested collection because nothing else is materialized from
# the collection, plus the top-level column.
select c_custkey, pos
from tpch_nested_parquet.customer c, c.c_orders
---- PLAN
Max Per-Host Resource Reservation: Memory=8.00MB Threads=2
Per-Host Resource Estimates: Memory=88MB
WARNING: The following tables are missing relevant table and/or column statistics.
tpch_nested_parquet.customer

F00:PLAN FRAGMENT [UNPARTITIONED] hosts=1 instances=1
|  Per-Host Resources: mem-estimate=88.00MB mem-reservation=8.00MB thread-reservation=2
PLAN-ROOT SINK
|  mem-estimate=0B mem-reservation=0B thread-reservation=0
|
01:SUBPLAN
|  mem-estimate=0B mem-reservation=0B thread-reservation=0
|  tuple-ids=1,0 row-size=32B cardinality=1500000
|  in pipelines: 00(GETNEXT)
|
|--04:NESTED LOOP JOIN [CROSS JOIN]
|  |  mem-estimate=24B mem-reservation=0B thread-reservation=0
|  |  tuple-ids=1,0 row-size=32B cardinality=10
|  |  in pipelines: 00(GETNEXT)
|  |
|  |--02:SINGULAR ROW SRC
|  |     parent-subplan=01
|  |     mem-estimate=0B mem-reservation=0B thread-reservation=0
|  |     tuple-ids=0 row-size=24B cardinality=1
|  |     in pipelines: 00(GETNEXT)
|  |
|  03:UNNEST [c.c_orders]
|     parent-subplan=01
|     mem-estimate=0B mem-reservation=0B thread-reservation=0
|     tuple-ids=1 row-size=0B cardinality=10
|     in pipelines: 00(GETNEXT)
|
00:SCAN HDFS [tpch_nested_parquet.customer c]
   partitions=1/1 files=4 size=289.00MB
   predicates: !empty(c.c_orders)
   stored statistics:
     table: rows=150000 size=289.00MB
     columns missing stats: c_orders
   extrapolated-rows=disabled max-scan-range-rows=44227
   mem-estimate=88.00MB mem-reservation=8.00MB thread-reservation=1
   tuple-ids=0 row-size=24B cardinality=150000
   in pipelines: 00(GETNEXT)
====
# Parquet nested types, left nested in scan - should reserve memory for nested column
# plus top-level column even though nested fields are not materialized because the
# column levels still need to be scanned to determine the # of elements in the collection.
select c_custkey
from tpch_nested_parquet.customer c, c.c_orders
---- PLAN
Max Per-Host Resource Reservation: Memory=8.00MB Threads=2
Per-Host Resource Estimates: Memory=88MB
WARNING: The following tables are missing relevant table and/or column statistics.
tpch_nested_parquet.customer

F00:PLAN FRAGMENT [UNPARTITIONED] hosts=1 instances=1
|  Per-Host Resources: mem-estimate=88.00MB mem-reservation=8.00MB thread-reservation=2
PLAN-ROOT SINK
|  mem-estimate=0B mem-reservation=0B thread-reservation=0
|
01:SUBPLAN
|  mem-estimate=0B mem-reservation=0B thread-reservation=0
|  tuple-ids=1,0 row-size=24B cardinality=1500000
|  in pipelines: 00(GETNEXT)
|
|--04:NESTED LOOP JOIN [CROSS JOIN]
|  |  mem-estimate=24B mem-reservation=0B thread-reservation=0
|  |  tuple-ids=1,0 row-size=24B cardinality=10
|  |  in pipelines: 00(GETNEXT)
|  |
|  |--02:SINGULAR ROW SRC
|  |     parent-subplan=01
|  |     mem-estimate=0B mem-reservation=0B thread-reservation=0
|  |     tuple-ids=0 row-size=24B cardinality=1
|  |     in pipelines: 00(GETNEXT)
|  |
|  03:UNNEST [c.c_orders]
|     parent-subplan=01
|     mem-estimate=0B mem-reservation=0B thread-reservation=0
|     tuple-ids=1 row-size=0B cardinality=10
|     in pipelines: 00(GETNEXT)
|
00:SCAN HDFS [tpch_nested_parquet.customer c]
   partitions=1/1 files=4 size=289.00MB
   predicates: !empty(c.c_orders)
   stored statistics:
     table: rows=150000 size=289.00MB
     columns missing stats: c_orders
   extrapolated-rows=disabled max-scan-range-rows=44227
   mem-estimate=88.00MB mem-reservation=8.00MB thread-reservation=1
   tuple-ids=0 row-size=24B cardinality=150000
   in pipelines: 00(GETNEXT)
====
# Parquet nested types, left nested in scan - should reserve memory for nested column
# only when no top-level column is materialized.
select o_orderkey
from tpch_nested_parquet.customer c, c.c_orders
---- PLAN
Max Per-Host Resource Reservation: Memory=4.00MB Threads=2
Per-Host Resource Estimates: Memory=88MB
WARNING: The following tables are missing relevant table and/or column statistics.
tpch_nested_parquet.customer

F00:PLAN FRAGMENT [UNPARTITIONED] hosts=1 instances=1
|  Per-Host Resources: mem-estimate=88.00MB mem-reservation=4.00MB thread-reservation=2
PLAN-ROOT SINK
|  mem-estimate=0B mem-reservation=0B thread-reservation=0
|
01:SUBPLAN
|  mem-estimate=0B mem-reservation=0B thread-reservation=0
|  tuple-ids=1,0 row-size=24B cardinality=1500000
|  in pipelines: 00(GETNEXT)
|
|--04:NESTED LOOP JOIN [CROSS JOIN]
|  |  mem-estimate=16B mem-reservation=0B thread-reservation=0
|  |  tuple-ids=1,0 row-size=24B cardinality=10
|  |  in pipelines: 00(GETNEXT)
|  |
|  |--02:SINGULAR ROW SRC
|  |     parent-subplan=01
|  |     mem-estimate=0B mem-reservation=0B thread-reservation=0
|  |     tuple-ids=0 row-size=16B cardinality=1
|  |     in pipelines: 00(GETNEXT)
|  |
|  03:UNNEST [c.c_orders]
|     parent-subplan=01
|     mem-estimate=0B mem-reservation=0B thread-reservation=0
|     tuple-ids=1 row-size=0B cardinality=10
|     in pipelines: 00(GETNEXT)
|
00:SCAN HDFS [tpch_nested_parquet.customer c]
   partitions=1/1 files=4 size=289.00MB
   predicates: !empty(c.c_orders)
   stored statistics:
     table: rows=150000 size=289.00MB
     columns: unavailable
   extrapolated-rows=disabled max-scan-range-rows=44227
   mem-estimate=88.00MB mem-reservation=4.00MB thread-reservation=1
   tuple-ids=0 row-size=16B cardinality=150000
   in pipelines: 00(GETNEXT)
====
# Parquet nested types with two levels of nesting materialized in scan. Should
# reserve memory for columns at all three levels
select c_custkey, o_orderkey, l_comment
from tpch_nested_parquet.customer c, c.c_orders o, o.o_lineitems
---- PLAN
Max Per-Host Resource Reservation: Memory=16.00MB Threads=2
Per-Host Resource Estimates: Memory=88MB
WARNING: The following tables are missing relevant table and/or column statistics.
tpch_nested_parquet.customer

F00:PLAN FRAGMENT [UNPARTITIONED] hosts=1 instances=1
|  Per-Host Resources: mem-estimate=88.00MB mem-reservation=16.00MB thread-reservation=2
PLAN-ROOT SINK
|  mem-estimate=0B mem-reservation=0B thread-reservation=0
|
01:SUBPLAN
|  mem-estimate=0B mem-reservation=0B thread-reservation=0
|  tuple-ids=2,1,0 row-size=64B cardinality=15000000
|  in pipelines: 00(GETNEXT)
|
|--08:NESTED LOOP JOIN [CROSS JOIN]
|  |  mem-estimate=24B mem-reservation=0B thread-reservation=0
|  |  tuple-ids=2,1,0 row-size=64B cardinality=100
|  |  in pipelines: 00(GETNEXT)
|  |
|  |--02:SINGULAR ROW SRC
|  |     parent-subplan=01
|  |     mem-estimate=0B mem-reservation=0B thread-reservation=0
|  |     tuple-ids=0 row-size=24B cardinality=1
|  |     in pipelines: 00(GETNEXT)
|  |
|  04:SUBPLAN
|  |  mem-estimate=0B mem-reservation=0B thread-reservation=0
|  |  tuple-ids=2,1 row-size=40B cardinality=100
|  |  in pipelines: 00(GETNEXT)
|  |
|  |--07:NESTED LOOP JOIN [CROSS JOIN]
|  |  |  mem-estimate=24B mem-reservation=0B thread-reservation=0
|  |  |  tuple-ids=2,1 row-size=40B cardinality=10
|  |  |  in pipelines: 00(GETNEXT)
|  |  |
|  |  |--05:SINGULAR ROW SRC
|  |  |     parent-subplan=04
|  |  |     mem-estimate=0B mem-reservation=0B thread-reservation=0
|  |  |     tuple-ids=1 row-size=24B cardinality=1
|  |  |     in pipelines: 00(GETNEXT)
|  |  |
|  |  06:UNNEST [o.o_lineitems]
|  |     parent-subplan=04
|  |     mem-estimate=0B mem-reservation=0B thread-reservation=0
|  |     tuple-ids=2 row-size=0B cardinality=10
|  |     in pipelines: 00(GETNEXT)
|  |
|  03:UNNEST [c.c_orders o]
|     parent-subplan=01
|     mem-estimate=0B mem-reservation=0B thread-reservation=0
|     tuple-ids=1 row-size=0B cardinality=10
|     in pipelines: 00(GETNEXT)
|
00:SCAN HDFS [tpch_nested_parquet.customer c]
   partitions=1/1 files=4 size=289.00MB
   predicates: !empty(c.c_orders)
   predicates on o: !empty(o.o_lineitems)
   stored statistics:
     table: rows=150000 size=289.00MB
     columns missing stats: c_orders
   extrapolated-rows=disabled max-scan-range-rows=44227
   mem-estimate=88.00MB mem-reservation=16.00MB thread-reservation=1
   tuple-ids=0 row-size=24B cardinality=150000
   in pipelines: 00(GETNEXT)
====
# Text scan
select * from tpch.lineitem
---- PLAN
Max Per-Host Resource Reservation: Memory=8.00MB Threads=2
Per-Host Resource Estimates: Memory=88MB

F00:PLAN FRAGMENT [UNPARTITIONED] hosts=1 instances=1
|  Per-Host Resources: mem-estimate=88.00MB mem-reservation=8.00MB thread-reservation=2
PLAN-ROOT SINK
|  mem-estimate=0B mem-reservation=0B thread-reservation=0
|
00:SCAN HDFS [tpch.lineitem]
   partitions=1/1 files=1 size=718.94MB
   stored statistics:
     table: rows=6001215 size=718.94MB
     columns: all
   extrapolated-rows=disabled max-scan-range-rows=1068457
   mem-estimate=88.00MB mem-reservation=8.00MB thread-reservation=1
   tuple-ids=0 row-size=263B cardinality=6001215
   in pipelines: 00(GETNEXT)
---- DISTRIBUTEDPLAN
Max Per-Host Resource Reservation: Memory=8.00MB Threads=3
Per-Host Resource Estimates: Memory=88MB

F01:PLAN FRAGMENT [UNPARTITIONED] hosts=1 instances=1
|  Per-Host Resources: mem-estimate=0B mem-reservation=0B thread-reservation=1
PLAN-ROOT SINK
|  mem-estimate=0B mem-reservation=0B thread-reservation=0
|
01:EXCHANGE [UNPARTITIONED]
|  mem-estimate=0B mem-reservation=0B thread-reservation=0
|  tuple-ids=0 row-size=263B cardinality=6001215
|  in pipelines: 00(GETNEXT)
|
F00:PLAN FRAGMENT [RANDOM] hosts=3 instances=3
Per-Host Resources: mem-estimate=88.00MB mem-reservation=8.00MB thread-reservation=2
00:SCAN HDFS [tpch.lineitem, RANDOM]
   partitions=1/1 files=1 size=718.94MB
   stored statistics:
     table: rows=6001215 size=718.94MB
     columns: all
   extrapolated-rows=disabled max-scan-range-rows=1068457
   mem-estimate=88.00MB mem-reservation=8.00MB thread-reservation=1
   tuple-ids=0 row-size=263B cardinality=6001215
   in pipelines: 00(GETNEXT)
---- PARALLELPLANS
Max Per-Host Resource Reservation: Memory=16.00MB Threads=3
Per-Host Resource Estimates: Memory=176MB

F01:PLAN FRAGMENT [UNPARTITIONED] hosts=1 instances=1
|  Per-Host Resources: mem-estimate=0B mem-reservation=0B thread-reservation=1
PLAN-ROOT SINK
|  mem-estimate=0B mem-reservation=0B thread-reservation=0
|
01:EXCHANGE [UNPARTITIONED]
|  mem-estimate=0B mem-reservation=0B thread-reservation=0
|  tuple-ids=0 row-size=263B cardinality=6001215
|  in pipelines: 00(GETNEXT)
|
F00:PLAN FRAGMENT [RANDOM] hosts=3 instances=6
Per-Host Resources: mem-estimate=176.00MB mem-reservation=16.00MB thread-reservation=2
00:SCAN HDFS [tpch.lineitem, RANDOM]
   partitions=1/1 files=1 size=718.94MB
   stored statistics:
     table: rows=6001215 size=718.94MB
     columns: all
   extrapolated-rows=disabled max-scan-range-rows=1068457
   mem-estimate=88.00MB mem-reservation=8.00MB thread-reservation=0
   tuple-ids=0 row-size=263B cardinality=6001215
   in pipelines: 00(GETNEXT)
====
# Single column text scan - memory reservation is same as multi-column scan.
select l_comment from tpch.lineitem
---- PLAN
Max Per-Host Resource Reservation: Memory=8.00MB Threads=2
Per-Host Resource Estimates: Memory=88MB

F00:PLAN FRAGMENT [UNPARTITIONED] hosts=1 instances=1
|  Per-Host Resources: mem-estimate=88.00MB mem-reservation=8.00MB thread-reservation=2
PLAN-ROOT SINK
|  mem-estimate=0B mem-reservation=0B thread-reservation=0
|
00:SCAN HDFS [tpch.lineitem]
   partitions=1/1 files=1 size=718.94MB
   stored statistics:
     table: rows=6001215 size=718.94MB
     columns: all
   extrapolated-rows=disabled max-scan-range-rows=1068457
   mem-estimate=88.00MB mem-reservation=8.00MB thread-reservation=1
   tuple-ids=0 row-size=42B cardinality=6001215
   in pipelines: 00(GETNEXT)
---- DISTRIBUTEDPLAN
Max Per-Host Resource Reservation: Memory=8.00MB Threads=3
Per-Host Resource Estimates: Memory=88MB

F01:PLAN FRAGMENT [UNPARTITIONED] hosts=1 instances=1
|  Per-Host Resources: mem-estimate=0B mem-reservation=0B thread-reservation=1
PLAN-ROOT SINK
|  mem-estimate=0B mem-reservation=0B thread-reservation=0
|
01:EXCHANGE [UNPARTITIONED]
|  mem-estimate=0B mem-reservation=0B thread-reservation=0
|  tuple-ids=0 row-size=42B cardinality=6001215
|  in pipelines: 00(GETNEXT)
|
F00:PLAN FRAGMENT [RANDOM] hosts=3 instances=3
Per-Host Resources: mem-estimate=88.00MB mem-reservation=8.00MB thread-reservation=2
00:SCAN HDFS [tpch.lineitem, RANDOM]
   partitions=1/1 files=1 size=718.94MB
   stored statistics:
     table: rows=6001215 size=718.94MB
     columns: all
   extrapolated-rows=disabled max-scan-range-rows=1068457
   mem-estimate=88.00MB mem-reservation=8.00MB thread-reservation=1
   tuple-ids=0 row-size=42B cardinality=6001215
   in pipelines: 00(GETNEXT)
---- PARALLELPLANS
Max Per-Host Resource Reservation: Memory=16.00MB Threads=3
Per-Host Resource Estimates: Memory=176MB

F01:PLAN FRAGMENT [UNPARTITIONED] hosts=1 instances=1
|  Per-Host Resources: mem-estimate=0B mem-reservation=0B thread-reservation=1
PLAN-ROOT SINK
|  mem-estimate=0B mem-reservation=0B thread-reservation=0
|
01:EXCHANGE [UNPARTITIONED]
|  mem-estimate=0B mem-reservation=0B thread-reservation=0
|  tuple-ids=0 row-size=42B cardinality=6001215
|  in pipelines: 00(GETNEXT)
|
F00:PLAN FRAGMENT [RANDOM] hosts=3 instances=6
Per-Host Resources: mem-estimate=176.00MB mem-reservation=16.00MB thread-reservation=2
00:SCAN HDFS [tpch.lineitem, RANDOM]
   partitions=1/1 files=1 size=718.94MB
   stored statistics:
     table: rows=6001215 size=718.94MB
     columns: all
   extrapolated-rows=disabled max-scan-range-rows=1068457
   mem-estimate=88.00MB mem-reservation=8.00MB thread-reservation=0
   tuple-ids=0 row-size=42B cardinality=6001215
   in pipelines: 00(GETNEXT)
====
# Text scan on small files - memory reservation is reduced.
select * from functional.alltypes
---- PLAN
Max Per-Host Resource Reservation: Memory=32.00KB Threads=2
Per-Host Resource Estimates: Memory=16MB
Codegen disabled by planner

F00:PLAN FRAGMENT [UNPARTITIONED] hosts=1 instances=1
|  Per-Host Resources: mem-estimate=16.00MB mem-reservation=32.00KB thread-reservation=2
PLAN-ROOT SINK
|  mem-estimate=0B mem-reservation=0B thread-reservation=0
|
00:SCAN HDFS [functional.alltypes]
   partitions=24/24 files=24 size=478.45KB
   stored statistics:
     table: rows=7300 size=478.45KB
     partitions: 24/24 rows=7300
     columns: all
   extrapolated-rows=disabled max-scan-range-rows=310
   mem-estimate=16.00MB mem-reservation=32.00KB thread-reservation=1
   tuple-ids=0 row-size=97B cardinality=7300
   in pipelines: 00(GETNEXT)
---- DISTRIBUTEDPLAN
Max Per-Host Resource Reservation: Memory=32.00KB Threads=3
Per-Host Resource Estimates: Memory=16MB
Codegen disabled by planner

F01:PLAN FRAGMENT [UNPARTITIONED] hosts=1 instances=1
|  Per-Host Resources: mem-estimate=0B mem-reservation=0B thread-reservation=1
PLAN-ROOT SINK
|  mem-estimate=0B mem-reservation=0B thread-reservation=0
|
01:EXCHANGE [UNPARTITIONED]
|  mem-estimate=0B mem-reservation=0B thread-reservation=0
|  tuple-ids=0 row-size=97B cardinality=7300
|  in pipelines: 00(GETNEXT)
|
F00:PLAN FRAGMENT [RANDOM] hosts=3 instances=3
Per-Host Resources: mem-estimate=16.00MB mem-reservation=32.00KB thread-reservation=2
00:SCAN HDFS [functional.alltypes, RANDOM]
   partitions=24/24 files=24 size=478.45KB
   stored statistics:
     table: rows=7300 size=478.45KB
     partitions: 24/24 rows=7300
     columns: all
   extrapolated-rows=disabled max-scan-range-rows=310
   mem-estimate=16.00MB mem-reservation=32.00KB thread-reservation=1
   tuple-ids=0 row-size=97B cardinality=7300
   in pipelines: 00(GETNEXT)
---- PARALLELPLANS
Max Per-Host Resource Reservation: Memory=64.00KB Threads=3
Per-Host Resource Estimates: Memory=32MB
Codegen disabled by planner

F01:PLAN FRAGMENT [UNPARTITIONED] hosts=1 instances=1
|  Per-Host Resources: mem-estimate=0B mem-reservation=0B thread-reservation=1
PLAN-ROOT SINK
|  mem-estimate=0B mem-reservation=0B thread-reservation=0
|
01:EXCHANGE [UNPARTITIONED]
|  mem-estimate=0B mem-reservation=0B thread-reservation=0
|  tuple-ids=0 row-size=97B cardinality=7300
|  in pipelines: 00(GETNEXT)
|
F00:PLAN FRAGMENT [RANDOM] hosts=3 instances=6
Per-Host Resources: mem-estimate=32.00MB mem-reservation=64.00KB thread-reservation=2
00:SCAN HDFS [functional.alltypes, RANDOM]
   partitions=24/24 files=24 size=478.45KB
   stored statistics:
     table: rows=7300 size=478.45KB
     partitions: 24/24 rows=7300
     columns: all
   extrapolated-rows=disabled max-scan-range-rows=310
   mem-estimate=16.00MB mem-reservation=32.00KB thread-reservation=0
   tuple-ids=0 row-size=97B cardinality=7300
   in pipelines: 00(GETNEXT)
====
# Avro scan.
select * from tpch_avro.orders
---- PLAN
Max Per-Host Resource Reservation: Memory=8.00MB Threads=2
Per-Host Resource Estimates: Memory=88MB
WARNING: The following tables are missing relevant table and/or column statistics.
tpch_avro.orders

F00:PLAN FRAGMENT [UNPARTITIONED] hosts=1 instances=1
|  Per-Host Resources: mem-estimate=88.00MB mem-reservation=8.00MB thread-reservation=2
PLAN-ROOT SINK
|  mem-estimate=0B mem-reservation=0B thread-reservation=0
|
00:SCAN HDFS [tpch_avro.orders]
   partitions=1/1 files=2 size=156.92MB
   stored statistics:
     table: rows=unavailable size=156.92MB
     columns: unavailable
   extrapolated-rows=disabled max-scan-range-rows=unavailable
   mem-estimate=88.00MB mem-reservation=8.00MB thread-reservation=1
   tuple-ids=0 row-size=108B cardinality=unavailable
   in pipelines: 00(GETNEXT)
---- DISTRIBUTEDPLAN
Max Per-Host Resource Reservation: Memory=8.00MB Threads=3
Per-Host Resource Estimates: Memory=88MB
WARNING: The following tables are missing relevant table and/or column statistics.
tpch_avro.orders

F01:PLAN FRAGMENT [UNPARTITIONED] hosts=1 instances=1
|  Per-Host Resources: mem-estimate=0B mem-reservation=0B thread-reservation=1
PLAN-ROOT SINK
|  mem-estimate=0B mem-reservation=0B thread-reservation=0
|
01:EXCHANGE [UNPARTITIONED]
|  mem-estimate=0B mem-reservation=0B thread-reservation=0
|  tuple-ids=0 row-size=108B cardinality=unavailable
|  in pipelines: 00(GETNEXT)
|
F00:PLAN FRAGMENT [RANDOM] hosts=2 instances=2
Per-Host Resources: mem-estimate=88.00MB mem-reservation=8.00MB thread-reservation=2
00:SCAN HDFS [tpch_avro.orders, RANDOM]
   partitions=1/1 files=2 size=156.92MB
   stored statistics:
     table: rows=unavailable size=156.92MB
     columns: unavailable
   extrapolated-rows=disabled max-scan-range-rows=unavailable
   mem-estimate=88.00MB mem-reservation=8.00MB thread-reservation=1
   tuple-ids=0 row-size=108B cardinality=unavailable
   in pipelines: 00(GETNEXT)
---- PARALLELPLANS
Max Per-Host Resource Reservation: Memory=16.00MB Threads=5
Per-Host Resource Estimates: Memory=176MB
WARNING: The following tables are missing relevant table and/or column statistics.
tpch_avro.orders

F01:PLAN FRAGMENT [UNPARTITIONED] hosts=1 instances=1
|  Per-Host Resources: mem-estimate=0B mem-reservation=0B thread-reservation=1
PLAN-ROOT SINK
|  mem-estimate=0B mem-reservation=0B thread-reservation=0
|
01:EXCHANGE [UNPARTITIONED]
|  mem-estimate=0B mem-reservation=0B thread-reservation=0
|  tuple-ids=0 row-size=108B cardinality=unavailable
|  in pipelines: 00(GETNEXT)
|
F00:PLAN FRAGMENT [RANDOM] hosts=2 instances=4
Per-Host Resources: mem-estimate=176.00MB mem-reservation=16.00MB thread-reservation=4
00:SCAN HDFS [tpch_avro.orders, RANDOM]
   partitions=1/1 files=2 size=156.92MB
   stored statistics:
     table: rows=unavailable size=156.92MB
     columns: unavailable
   extrapolated-rows=disabled max-scan-range-rows=unavailable
   mem-estimate=88.00MB mem-reservation=8.00MB thread-reservation=1
   tuple-ids=0 row-size=108B cardinality=unavailable
   in pipelines: 00(GETNEXT)
====
# RC scan.
select * from tpch_rc.customer
---- PLAN
Max Per-Host Resource Reservation: Memory=8.00MB Threads=2
Per-Host Resource Estimates: Memory=32MB
WARNING: The following tables are missing relevant table and/or column statistics.
tpch_rc.customer

F00:PLAN FRAGMENT [UNPARTITIONED] hosts=1 instances=1
|  Per-Host Resources: mem-estimate=32.00MB mem-reservation=8.00MB thread-reservation=2
PLAN-ROOT SINK
|  mem-estimate=0B mem-reservation=0B thread-reservation=0
|
00:SCAN HDFS [tpch_rc.customer]
   partitions=1/1 files=1 size=22.47MB
   stored statistics:
     table: rows=unavailable size=22.47MB
     columns: unavailable
   extrapolated-rows=disabled max-scan-range-rows=unavailable
   mem-estimate=32.00MB mem-reservation=8.00MB thread-reservation=1
   tuple-ids=0 row-size=98B cardinality=unavailable
   in pipelines: 00(GETNEXT)
---- DISTRIBUTEDPLAN
Max Per-Host Resource Reservation: Memory=8.00MB Threads=3
Per-Host Resource Estimates: Memory=32MB
WARNING: The following tables are missing relevant table and/or column statistics.
tpch_rc.customer

F01:PLAN FRAGMENT [UNPARTITIONED] hosts=1 instances=1
|  Per-Host Resources: mem-estimate=0B mem-reservation=0B thread-reservation=1
PLAN-ROOT SINK
|  mem-estimate=0B mem-reservation=0B thread-reservation=0
|
01:EXCHANGE [UNPARTITIONED]
|  mem-estimate=0B mem-reservation=0B thread-reservation=0
|  tuple-ids=0 row-size=98B cardinality=unavailable
|  in pipelines: 00(GETNEXT)
|
F00:PLAN FRAGMENT [RANDOM] hosts=1 instances=1
Per-Host Resources: mem-estimate=32.00MB mem-reservation=8.00MB thread-reservation=2
00:SCAN HDFS [tpch_rc.customer, RANDOM]
   partitions=1/1 files=1 size=22.47MB
   stored statistics:
     table: rows=unavailable size=22.47MB
     columns: unavailable
   extrapolated-rows=disabled max-scan-range-rows=unavailable
   mem-estimate=32.00MB mem-reservation=8.00MB thread-reservation=1
   tuple-ids=0 row-size=98B cardinality=unavailable
   in pipelines: 00(GETNEXT)
---- PARALLELPLANS
Max Per-Host Resource Reservation: Memory=16.00MB Threads=5
Per-Host Resource Estimates: Memory=64MB
WARNING: The following tables are missing relevant table and/or column statistics.
tpch_rc.customer

F01:PLAN FRAGMENT [UNPARTITIONED] hosts=1 instances=1
|  Per-Host Resources: mem-estimate=0B mem-reservation=0B thread-reservation=1
PLAN-ROOT SINK
|  mem-estimate=0B mem-reservation=0B thread-reservation=0
|
01:EXCHANGE [UNPARTITIONED]
|  mem-estimate=0B mem-reservation=0B thread-reservation=0
|  tuple-ids=0 row-size=98B cardinality=unavailable
|  in pipelines: 00(GETNEXT)
|
F00:PLAN FRAGMENT [RANDOM] hosts=1 instances=2
Per-Host Resources: mem-estimate=64.00MB mem-reservation=16.00MB thread-reservation=4
00:SCAN HDFS [tpch_rc.customer, RANDOM]
   partitions=1/1 files=1 size=22.47MB
   stored statistics:
     table: rows=unavailable size=22.47MB
     columns: unavailable
   extrapolated-rows=disabled max-scan-range-rows=unavailable
   mem-estimate=32.00MB mem-reservation=8.00MB thread-reservation=1
   tuple-ids=0 row-size=98B cardinality=unavailable
   in pipelines: 00(GETNEXT)
====
# Seq scan.
select * from tpcds_seq_snap.web_returns
---- PLAN
Max Per-Host Resource Reservation: Memory=8.00MB Threads=2
Per-Host Resource Estimates: Memory=16MB
WARNING: The following tables are missing relevant table and/or column statistics.
tpcds_seq_snap.web_returns

F00:PLAN FRAGMENT [UNPARTITIONED] hosts=1 instances=1
|  Per-Host Resources: mem-estimate=16.00MB mem-reservation=8.00MB thread-reservation=2
PLAN-ROOT SINK
|  mem-estimate=0B mem-reservation=0B thread-reservation=0
|
00:SCAN HDFS [tpcds_seq_snap.web_returns]
   partitions=1/1 files=1 size=6.61MB
   stored statistics:
     table: rows=unavailable size=6.61MB
     columns: unavailable
   extrapolated-rows=disabled max-scan-range-rows=unavailable
   mem-estimate=16.00MB mem-reservation=8.00MB thread-reservation=1
   tuple-ids=0 row-size=104B cardinality=unavailable
   in pipelines: 00(GETNEXT)
---- DISTRIBUTEDPLAN
Max Per-Host Resource Reservation: Memory=8.00MB Threads=3
Per-Host Resource Estimates: Memory=16MB
WARNING: The following tables are missing relevant table and/or column statistics.
tpcds_seq_snap.web_returns

F01:PLAN FRAGMENT [UNPARTITIONED] hosts=1 instances=1
|  Per-Host Resources: mem-estimate=0B mem-reservation=0B thread-reservation=1
PLAN-ROOT SINK
|  mem-estimate=0B mem-reservation=0B thread-reservation=0
|
01:EXCHANGE [UNPARTITIONED]
|  mem-estimate=0B mem-reservation=0B thread-reservation=0
|  tuple-ids=0 row-size=104B cardinality=unavailable
|  in pipelines: 00(GETNEXT)
|
F00:PLAN FRAGMENT [RANDOM] hosts=1 instances=1
Per-Host Resources: mem-estimate=16.00MB mem-reservation=8.00MB thread-reservation=2
00:SCAN HDFS [tpcds_seq_snap.web_returns, RANDOM]
   partitions=1/1 files=1 size=6.61MB
   stored statistics:
     table: rows=unavailable size=6.61MB
     columns: unavailable
   extrapolated-rows=disabled max-scan-range-rows=unavailable
   mem-estimate=16.00MB mem-reservation=8.00MB thread-reservation=1
   tuple-ids=0 row-size=104B cardinality=unavailable
   in pipelines: 00(GETNEXT)
---- PARALLELPLANS
Max Per-Host Resource Reservation: Memory=16.00MB Threads=5
Per-Host Resource Estimates: Memory=32MB
WARNING: The following tables are missing relevant table and/or column statistics.
tpcds_seq_snap.web_returns

F01:PLAN FRAGMENT [UNPARTITIONED] hosts=1 instances=1
|  Per-Host Resources: mem-estimate=0B mem-reservation=0B thread-reservation=1
PLAN-ROOT SINK
|  mem-estimate=0B mem-reservation=0B thread-reservation=0
|
01:EXCHANGE [UNPARTITIONED]
|  mem-estimate=0B mem-reservation=0B thread-reservation=0
|  tuple-ids=0 row-size=104B cardinality=unavailable
|  in pipelines: 00(GETNEXT)
|
F00:PLAN FRAGMENT [RANDOM] hosts=1 instances=2
Per-Host Resources: mem-estimate=32.00MB mem-reservation=16.00MB thread-reservation=4
00:SCAN HDFS [tpcds_seq_snap.web_returns, RANDOM]
   partitions=1/1 files=1 size=6.61MB
   stored statistics:
     table: rows=unavailable size=6.61MB
     columns: unavailable
   extrapolated-rows=disabled max-scan-range-rows=unavailable
   mem-estimate=16.00MB mem-reservation=8.00MB thread-reservation=1
   tuple-ids=0 row-size=104B cardinality=unavailable
   in pipelines: 00(GETNEXT)
====
# ORC scan
select * from tpch_orc_def.lineitem
---- PLAN
Max Per-Host Resource Reservation: Memory=8.00MB Threads=2
Per-Host Resource Estimates: Memory=40MB

F00:PLAN FRAGMENT [UNPARTITIONED] hosts=1 instances=1
|  Per-Host Resources: mem-estimate=40.00MB mem-reservation=8.00MB thread-reservation=2
PLAN-ROOT SINK
|  mem-estimate=0B mem-reservation=0B thread-reservation=0
|
00:SCAN HDFS [tpch_orc_def.lineitem]
   partitions=1/1 files=6 size=144.66MB
   stored statistics:
     table: rows=6001215 size=144.66MB
     columns: all
   extrapolated-rows=disabled max-scan-range-rows=1075682
   mem-estimate=40.00MB mem-reservation=8.00MB thread-reservation=1
   tuple-ids=0 row-size=263B cardinality=6001215
   in pipelines: 00(GETNEXT)
====
# Single column ORC scan - memory reservation is same as multi-column scan.
select l_comment from tpch_orc_def.lineitem
---- PLAN
Max Per-Host Resource Reservation: Memory=8.00MB Threads=2
Per-Host Resource Estimates: Memory=40MB

F00:PLAN FRAGMENT [UNPARTITIONED] hosts=1 instances=1
|  Per-Host Resources: mem-estimate=40.00MB mem-reservation=8.00MB thread-reservation=2
PLAN-ROOT SINK
|  mem-estimate=0B mem-reservation=0B thread-reservation=0
|
00:SCAN HDFS [tpch_orc_def.lineitem]
   partitions=1/1 files=6 size=144.66MB
   stored statistics:
     table: rows=6001215 size=144.66MB
     columns: all
   extrapolated-rows=disabled max-scan-range-rows=1075682
   mem-estimate=40.00MB mem-reservation=8.00MB thread-reservation=1
   tuple-ids=0 row-size=42B cardinality=6001215
   in pipelines: 00(GETNEXT)
====
# ORC scan on small files - memory reservation is reduced.
select * from functional_orc_def.alltypes
---- PLAN
Max Per-Host Resource Reservation: Memory=88.00KB Threads=2
Per-Host Resource Estimates: Memory=16MB
WARNING: The following tables are missing relevant table and/or column statistics.
functional_orc_def.alltypes

F00:PLAN FRAGMENT [UNPARTITIONED] hosts=1 instances=1
|  Per-Host Resources: mem-estimate=16.00MB mem-reservation=88.00KB thread-reservation=2
PLAN-ROOT SINK
|  mem-estimate=0B mem-reservation=0B thread-reservation=0
|
00:SCAN HDFS [functional_orc_def.alltypes]
   partitions=24/24 files=24 size=42.27KB
   stored statistics:
     table: rows=unavailable size=unavailable
     partitions: 0/24 rows=unavailable
     columns missing stats: id, bool_col, tinyint_col, smallint_col, int_col, bigint_col, float_col, double_col, date_string_col, string_col, timestamp_col
   extrapolated-rows=disabled max-scan-range-rows=unavailable
   mem-estimate=16.00MB mem-reservation=88.00KB thread-reservation=1
   tuple-ids=0 row-size=88B cardinality=unavailable
   in pipelines: 00(GETNEXT)
====
# Mixed table format scan
select * from functional.alltypesmixedformat
---- PLAN
Max Per-Host Resource Reservation: Memory=88.00KB Threads=2
Per-Host Resource Estimates: Memory=16MB
WARNING: The following tables are missing relevant table and/or column statistics.
functional.alltypesmixedformat

F00:PLAN FRAGMENT [UNPARTITIONED] hosts=1 instances=1
|  Per-Host Resources: mem-estimate=16.00MB mem-reservation=88.00KB thread-reservation=2
PLAN-ROOT SINK
|  mem-estimate=0B mem-reservation=0B thread-reservation=0
|
00:SCAN HDFS [functional.alltypesmixedformat]
   partitions=4/4 files=4 size=66.48KB
   stored statistics:
     table: rows=unavailable size=unavailable
     partitions: 0/4 rows=unavailable
     columns missing stats: id, bool_col, tinyint_col, smallint_col, int_col, bigint_col, float_col, double_col, date_string_col, string_col, timestamp_col
   extrapolated-rows=disabled max-scan-range-rows=unavailable
   mem-estimate=16.00MB mem-reservation=88.00KB thread-reservation=1
   tuple-ids=0 row-size=88B cardinality=unavailable
   in pipelines: 00(GETNEXT)
---- DISTRIBUTEDPLAN
Max Per-Host Resource Reservation: Memory=88.00KB Threads=3
Per-Host Resource Estimates: Memory=16MB
WARNING: The following tables are missing relevant table and/or column statistics.
functional.alltypesmixedformat

F01:PLAN FRAGMENT [UNPARTITIONED] hosts=1 instances=1
|  Per-Host Resources: mem-estimate=0B mem-reservation=0B thread-reservation=1
PLAN-ROOT SINK
|  mem-estimate=0B mem-reservation=0B thread-reservation=0
|
01:EXCHANGE [UNPARTITIONED]
|  mem-estimate=0B mem-reservation=0B thread-reservation=0
|  tuple-ids=0 row-size=88B cardinality=unavailable
|  in pipelines: 00(GETNEXT)
|
F00:PLAN FRAGMENT [RANDOM] hosts=3 instances=3
Per-Host Resources: mem-estimate=16.00MB mem-reservation=88.00KB thread-reservation=2
00:SCAN HDFS [functional.alltypesmixedformat, RANDOM]
   partitions=4/4 files=4 size=66.48KB
   stored statistics:
     table: rows=unavailable size=unavailable
     partitions: 0/4 rows=unavailable
     columns missing stats: id, bool_col, tinyint_col, smallint_col, int_col, bigint_col, float_col, double_col, date_string_col, string_col, timestamp_col
   extrapolated-rows=disabled max-scan-range-rows=unavailable
   mem-estimate=16.00MB mem-reservation=88.00KB thread-reservation=1
   tuple-ids=0 row-size=88B cardinality=unavailable
   in pipelines: 00(GETNEXT)
---- PARALLELPLANS
Max Per-Host Resource Reservation: Memory=176.00KB Threads=5
Per-Host Resource Estimates: Memory=32MB
WARNING: The following tables are missing relevant table and/or column statistics.
functional.alltypesmixedformat

F01:PLAN FRAGMENT [UNPARTITIONED] hosts=1 instances=1
|  Per-Host Resources: mem-estimate=0B mem-reservation=0B thread-reservation=1
PLAN-ROOT SINK
|  mem-estimate=0B mem-reservation=0B thread-reservation=0
|
01:EXCHANGE [UNPARTITIONED]
|  mem-estimate=0B mem-reservation=0B thread-reservation=0
|  tuple-ids=0 row-size=88B cardinality=unavailable
|  in pipelines: 00(GETNEXT)
|
F00:PLAN FRAGMENT [RANDOM] hosts=3 instances=6
Per-Host Resources: mem-estimate=32.00MB mem-reservation=176.00KB thread-reservation=4
00:SCAN HDFS [functional.alltypesmixedformat, RANDOM]
   partitions=4/4 files=4 size=66.48KB
   stored statistics:
     table: rows=unavailable size=unavailable
     partitions: 0/4 rows=unavailable
     columns missing stats: id, bool_col, tinyint_col, smallint_col, int_col, bigint_col, float_col, double_col, date_string_col, string_col, timestamp_col
   extrapolated-rows=disabled max-scan-range-rows=unavailable
   mem-estimate=16.00MB mem-reservation=88.00KB thread-reservation=1
   tuple-ids=0 row-size=88B cardinality=unavailable
   in pipelines: 00(GETNEXT)
====
# HBase scan on table without stats.
select * from functional_hbase.alltypes
---- PLAN
Max Per-Host Resource Reservation: Memory=0B Threads=1
Per-Host Resource Estimates: Memory=10MB
WARNING: The following tables are missing relevant table and/or column statistics.
functional_hbase.alltypes

F00:PLAN FRAGMENT [UNPARTITIONED] hosts=1 instances=1
|  Per-Host Resources: mem-estimate=256.00KB mem-reservation=0B thread-reservation=1
PLAN-ROOT SINK
|  mem-estimate=0B mem-reservation=0B thread-reservation=0
|
00:SCAN HBASE [functional_hbase.alltypes]
   stored statistics:
     table: rows=unavailable
     columns: unavailable
   mem-estimate=256.00KB mem-reservation=0B thread-reservation=0
   tuple-ids=0 row-size=88B cardinality=14298
   in pipelines: 00(GETNEXT)
---- DISTRIBUTEDPLAN
Max Per-Host Resource Reservation: Memory=0B Threads=2
Per-Host Resource Estimates: Memory=10MB
WARNING: The following tables are missing relevant table and/or column statistics.
functional_hbase.alltypes

F01:PLAN FRAGMENT [UNPARTITIONED] hosts=1 instances=1
|  Per-Host Resources: mem-estimate=0B mem-reservation=0B thread-reservation=1
PLAN-ROOT SINK
|  mem-estimate=0B mem-reservation=0B thread-reservation=0
|
01:EXCHANGE [UNPARTITIONED]
|  mem-estimate=0B mem-reservation=0B thread-reservation=0
|  tuple-ids=0 row-size=88B cardinality=14298
|  in pipelines: 00(GETNEXT)
|
F00:PLAN FRAGMENT [RANDOM] hosts=1 instances=1
Per-Host Resources: mem-estimate=256.00KB mem-reservation=0B thread-reservation=1
00:SCAN HBASE [functional_hbase.alltypes]
   stored statistics:
     table: rows=unavailable
     columns: unavailable
   mem-estimate=256.00KB mem-reservation=0B thread-reservation=0
   tuple-ids=0 row-size=88B cardinality=14298
   in pipelines: 00(GETNEXT)
---- PARALLELPLANS
Max Per-Host Resource Reservation: Memory=0B Threads=3
Per-Host Resource Estimates: Memory=10MB
WARNING: The following tables are missing relevant table and/or column statistics.
functional_hbase.alltypes

F01:PLAN FRAGMENT [UNPARTITIONED] hosts=1 instances=1
|  Per-Host Resources: mem-estimate=0B mem-reservation=0B thread-reservation=1
PLAN-ROOT SINK
|  mem-estimate=0B mem-reservation=0B thread-reservation=0
|
01:EXCHANGE [UNPARTITIONED]
|  mem-estimate=0B mem-reservation=0B thread-reservation=0
|  tuple-ids=0 row-size=88B cardinality=14298
|  in pipelines: 00(GETNEXT)
|
F00:PLAN FRAGMENT [RANDOM] hosts=1 instances=2
Per-Host Resources: mem-estimate=512.00KB mem-reservation=0B thread-reservation=2
00:SCAN HBASE [functional_hbase.alltypes]
   stored statistics:
     table: rows=unavailable
     columns: unavailable
   mem-estimate=256.00KB mem-reservation=0B thread-reservation=0
   tuple-ids=0 row-size=88B cardinality=14298
   in pipelines: 00(GETNEXT)
====
# HBase scan on table with stats.
select * from functional_hbase.alltypessmall
---- PLAN
Max Per-Host Resource Reservation: Memory=0B Threads=1
Per-Host Resource Estimates: Memory=10MB
Codegen disabled by planner

F00:PLAN FRAGMENT [UNPARTITIONED] hosts=1 instances=1
|  Per-Host Resources: mem-estimate=4.00KB mem-reservation=0B thread-reservation=1
PLAN-ROOT SINK
|  mem-estimate=0B mem-reservation=0B thread-reservation=0
|
00:SCAN HBASE [functional_hbase.alltypessmall]
   stored statistics:
     table: rows=100
     columns: all
   mem-estimate=4.00KB mem-reservation=0B thread-reservation=0
   tuple-ids=0 row-size=97B cardinality=50
   in pipelines: 00(GETNEXT)
---- DISTRIBUTEDPLAN
Max Per-Host Resource Reservation: Memory=0B Threads=2
Per-Host Resource Estimates: Memory=10MB
Codegen disabled by planner

F01:PLAN FRAGMENT [UNPARTITIONED] hosts=1 instances=1
|  Per-Host Resources: mem-estimate=0B mem-reservation=0B thread-reservation=1
PLAN-ROOT SINK
|  mem-estimate=0B mem-reservation=0B thread-reservation=0
|
01:EXCHANGE [UNPARTITIONED]
|  mem-estimate=0B mem-reservation=0B thread-reservation=0
|  tuple-ids=0 row-size=97B cardinality=50
|  in pipelines: 00(GETNEXT)
|
F00:PLAN FRAGMENT [RANDOM] hosts=3 instances=3
Per-Host Resources: mem-estimate=4.00KB mem-reservation=0B thread-reservation=1
00:SCAN HBASE [functional_hbase.alltypessmall]
   stored statistics:
     table: rows=100
     columns: all
   mem-estimate=4.00KB mem-reservation=0B thread-reservation=0
   tuple-ids=0 row-size=97B cardinality=50
   in pipelines: 00(GETNEXT)
---- PARALLELPLANS
Max Per-Host Resource Reservation: Memory=0B Threads=3
Per-Host Resource Estimates: Memory=10MB
Codegen disabled by planner

F01:PLAN FRAGMENT [UNPARTITIONED] hosts=1 instances=1
|  Per-Host Resources: mem-estimate=0B mem-reservation=0B thread-reservation=1
PLAN-ROOT SINK
|  mem-estimate=0B mem-reservation=0B thread-reservation=0
|
01:EXCHANGE [UNPARTITIONED]
|  mem-estimate=0B mem-reservation=0B thread-reservation=0
|  tuple-ids=0 row-size=97B cardinality=50
|  in pipelines: 00(GETNEXT)
|
F00:PLAN FRAGMENT [RANDOM] hosts=3 instances=6
Per-Host Resources: mem-estimate=8.00KB mem-reservation=0B thread-reservation=2
00:SCAN HBASE [functional_hbase.alltypessmall]
   stored statistics:
     table: rows=100
     columns: all
   mem-estimate=4.00KB mem-reservation=0B thread-reservation=0
   tuple-ids=0 row-size=97B cardinality=50
   in pipelines: 00(GETNEXT)
====
# Data source scan
select * from functional.alltypes_datasource
---- PLAN
Max Per-Host Resource Reservation: Memory=0B Threads=1
Per-Host Resource Estimates: Memory=1.00GB
WARNING: The following tables are missing relevant table and/or column statistics.
functional.alltypes_datasource

F00:PLAN FRAGMENT [UNPARTITIONED] hosts=1 instances=1
|  Per-Host Resources: mem-estimate=1.00GB mem-reservation=0B thread-reservation=1
PLAN-ROOT SINK
|  mem-estimate=0B mem-reservation=0B thread-reservation=0
|
00:SCAN DATA SOURCE [functional.alltypes_datasource]
   mem-estimate=1.00GB mem-reservation=0B thread-reservation=0
   tuple-ids=0 row-size=116B cardinality=5000
   in pipelines: 00(GETNEXT)
---- DISTRIBUTEDPLAN
Max Per-Host Resource Reservation: Memory=0B Threads=2
Per-Host Resource Estimates: Memory=1.00GB
WARNING: The following tables are missing relevant table and/or column statistics.
functional.alltypes_datasource

F01:PLAN FRAGMENT [UNPARTITIONED] hosts=1 instances=1
|  Per-Host Resources: mem-estimate=0B mem-reservation=0B thread-reservation=1
PLAN-ROOT SINK
|  mem-estimate=0B mem-reservation=0B thread-reservation=0
|
01:EXCHANGE [UNPARTITIONED]
|  mem-estimate=0B mem-reservation=0B thread-reservation=0
|  tuple-ids=0 row-size=116B cardinality=5000
|  in pipelines: 00(GETNEXT)
|
F00:PLAN FRAGMENT [RANDOM] hosts=1 instances=1
Per-Host Resources: mem-estimate=1.00GB mem-reservation=0B thread-reservation=1
00:SCAN DATA SOURCE [functional.alltypes_datasource]
   mem-estimate=1.00GB mem-reservation=0B thread-reservation=0
   tuple-ids=0 row-size=116B cardinality=5000
   in pipelines: 00(GETNEXT)
---- PARALLELPLANS
Max Per-Host Resource Reservation: Memory=0B Threads=3
Per-Host Resource Estimates: Memory=2.00GB
WARNING: The following tables are missing relevant table and/or column statistics.
functional.alltypes_datasource

F01:PLAN FRAGMENT [UNPARTITIONED] hosts=1 instances=1
|  Per-Host Resources: mem-estimate=0B mem-reservation=0B thread-reservation=1
PLAN-ROOT SINK
|  mem-estimate=0B mem-reservation=0B thread-reservation=0
|
01:EXCHANGE [UNPARTITIONED]
|  mem-estimate=0B mem-reservation=0B thread-reservation=0
|  tuple-ids=0 row-size=116B cardinality=5000
|  in pipelines: 00(GETNEXT)
|
F00:PLAN FRAGMENT [RANDOM] hosts=1 instances=2
Per-Host Resources: mem-estimate=2.00GB mem-reservation=0B thread-reservation=2
00:SCAN DATA SOURCE [functional.alltypes_datasource]
   mem-estimate=1.00GB mem-reservation=0B thread-reservation=0
   tuple-ids=0 row-size=116B cardinality=5000
   in pipelines: 00(GETNEXT)
====
# Union
select * from tpch.lineitem
union all
select * from tpch.lineitem
---- PLAN
Max Per-Host Resource Reservation: Memory=8.00MB Threads=2
Per-Host Resource Estimates: Memory=88MB

F00:PLAN FRAGMENT [UNPARTITIONED] hosts=1 instances=1
|  Per-Host Resources: mem-estimate=88.00MB mem-reservation=8.00MB thread-reservation=2
PLAN-ROOT SINK
|  mem-estimate=0B mem-reservation=0B thread-reservation=0
|
00:UNION
|  pass-through-operands: all
|  mem-estimate=0B mem-reservation=0B thread-reservation=0
|  tuple-ids=2 row-size=263B cardinality=12002430
|  in pipelines: 01(GETNEXT), 02(GETNEXT)
|
|--02:SCAN HDFS [tpch.lineitem]
|     partitions=1/1 files=1 size=718.94MB
|     stored statistics:
|       table: rows=6001215 size=718.94MB
|       columns: all
|     extrapolated-rows=disabled max-scan-range-rows=1068457
|     mem-estimate=88.00MB mem-reservation=8.00MB thread-reservation=1
|     tuple-ids=1 row-size=263B cardinality=6001215
|     in pipelines: 02(GETNEXT)
|
01:SCAN HDFS [tpch.lineitem]
   partitions=1/1 files=1 size=718.94MB
   stored statistics:
     table: rows=6001215 size=718.94MB
     columns: all
   extrapolated-rows=disabled max-scan-range-rows=1068457
   mem-estimate=88.00MB mem-reservation=8.00MB thread-reservation=1
   tuple-ids=0 row-size=263B cardinality=6001215
   in pipelines: 01(GETNEXT)
---- DISTRIBUTEDPLAN
Max Per-Host Resource Reservation: Memory=8.00MB Threads=3
Per-Host Resource Estimates: Memory=88MB

F03:PLAN FRAGMENT [UNPARTITIONED] hosts=1 instances=1
|  Per-Host Resources: mem-estimate=0B mem-reservation=0B thread-reservation=1
PLAN-ROOT SINK
|  mem-estimate=0B mem-reservation=0B thread-reservation=0
|
03:EXCHANGE [UNPARTITIONED]
|  mem-estimate=0B mem-reservation=0B thread-reservation=0
|  tuple-ids=2 row-size=263B cardinality=12002430
|  in pipelines: 01(GETNEXT), 02(GETNEXT)
|
F02:PLAN FRAGMENT [RANDOM] hosts=3 instances=3
Per-Host Resources: mem-estimate=88.00MB mem-reservation=8.00MB thread-reservation=2
00:UNION
|  pass-through-operands: all
|  mem-estimate=0B mem-reservation=0B thread-reservation=0
|  tuple-ids=2 row-size=263B cardinality=12002430
|  in pipelines: 01(GETNEXT), 02(GETNEXT)
|
|--02:SCAN HDFS [tpch.lineitem, RANDOM]
|     partitions=1/1 files=1 size=718.94MB
|     stored statistics:
|       table: rows=6001215 size=718.94MB
|       columns: all
|     extrapolated-rows=disabled max-scan-range-rows=1068457
|     mem-estimate=88.00MB mem-reservation=8.00MB thread-reservation=1
|     tuple-ids=1 row-size=263B cardinality=6001215
|     in pipelines: 02(GETNEXT)
|
01:SCAN HDFS [tpch.lineitem, RANDOM]
   partitions=1/1 files=1 size=718.94MB
   stored statistics:
     table: rows=6001215 size=718.94MB
     columns: all
   extrapolated-rows=disabled max-scan-range-rows=1068457
   mem-estimate=88.00MB mem-reservation=8.00MB thread-reservation=1
   tuple-ids=0 row-size=263B cardinality=6001215
   in pipelines: 01(GETNEXT)
---- PARALLELPLANS
Max Per-Host Resource Reservation: Memory=16.00MB Threads=3
Per-Host Resource Estimates: Memory=176MB

F03:PLAN FRAGMENT [UNPARTITIONED] hosts=1 instances=1
|  Per-Host Resources: mem-estimate=0B mem-reservation=0B thread-reservation=1
PLAN-ROOT SINK
|  mem-estimate=0B mem-reservation=0B thread-reservation=0
|
03:EXCHANGE [UNPARTITIONED]
|  mem-estimate=0B mem-reservation=0B thread-reservation=0
|  tuple-ids=2 row-size=263B cardinality=12002430
|  in pipelines: 01(GETNEXT), 02(GETNEXT)
|
F02:PLAN FRAGMENT [RANDOM] hosts=3 instances=6
Per-Host Resources: mem-estimate=176.00MB mem-reservation=16.00MB thread-reservation=2
00:UNION
|  pass-through-operands: all
|  mem-estimate=0B mem-reservation=0B thread-reservation=0
|  tuple-ids=2 row-size=263B cardinality=12002430
|  in pipelines: 01(GETNEXT), 02(GETNEXT)
|
|--02:SCAN HDFS [tpch.lineitem, RANDOM]
|     partitions=1/1 files=1 size=718.94MB
|     stored statistics:
|       table: rows=6001215 size=718.94MB
|       columns: all
|     extrapolated-rows=disabled max-scan-range-rows=1068457
|     mem-estimate=88.00MB mem-reservation=8.00MB thread-reservation=0
|     tuple-ids=1 row-size=263B cardinality=6001215
|     in pipelines: 02(GETNEXT)
|
01:SCAN HDFS [tpch.lineitem, RANDOM]
   partitions=1/1 files=1 size=718.94MB
   stored statistics:
     table: rows=6001215 size=718.94MB
     columns: all
   extrapolated-rows=disabled max-scan-range-rows=1068457
   mem-estimate=88.00MB mem-reservation=8.00MB thread-reservation=0
   tuple-ids=0 row-size=263B cardinality=6001215
   in pipelines: 01(GETNEXT)
====
# Grouping aggregation
select l_orderkey, count(*)
from tpch_parquet.lineitem
group by l_orderkey
---- PLAN
Max Per-Host Resource Reservation: Memory=38.00MB Threads=2
Per-Host Resource Estimates: Memory=114MB

F00:PLAN FRAGMENT [UNPARTITIONED] hosts=1 instances=1
|  Per-Host Resources: mem-estimate=114.00MB mem-reservation=38.00MB thread-reservation=2
PLAN-ROOT SINK
|  mem-estimate=0B mem-reservation=0B thread-reservation=0
|
01:AGGREGATE [FINALIZE]
|  output: count(*)
|  group by: l_orderkey
|  mem-estimate=34.00MB mem-reservation=34.00MB spill-buffer=2.00MB thread-reservation=0
|  tuple-ids=1 row-size=16B cardinality=1563438
|  in pipelines: 01(GETNEXT), 00(OPEN)
|
00:SCAN HDFS [tpch_parquet.lineitem]
   partitions=1/1 files=3 size=193.99MB
   stored statistics:
     table: rows=6001215 size=193.99MB
     columns: all
   extrapolated-rows=disabled max-scan-range-rows=2141664
   mem-estimate=80.00MB mem-reservation=4.00MB thread-reservation=1
   tuple-ids=0 row-size=8B cardinality=6001215
   in pipelines: 00(GETNEXT)
---- DISTRIBUTEDPLAN
Max Per-Host Resource Reservation: Memory=46.50MB Threads=4
Per-Host Resource Estimates: Memory=124MB

F02:PLAN FRAGMENT [UNPARTITIONED] hosts=1 instances=1
|  Per-Host Resources: mem-estimate=0B mem-reservation=0B thread-reservation=1
PLAN-ROOT SINK
|  mem-estimate=0B mem-reservation=0B thread-reservation=0
|
04:EXCHANGE [UNPARTITIONED]
|  mem-estimate=0B mem-reservation=0B thread-reservation=0
|  tuple-ids=1 row-size=16B cardinality=1563438
|  in pipelines: 03(GETNEXT)
|
F01:PLAN FRAGMENT [HASH(l_orderkey)] hosts=3 instances=3
Per-Host Resources: mem-estimate=10.00MB mem-reservation=8.50MB thread-reservation=1
03:AGGREGATE [FINALIZE]
|  output: count:merge(*)
|  group by: l_orderkey
|  mem-estimate=10.00MB mem-reservation=8.50MB spill-buffer=512.00KB thread-reservation=0
|  tuple-ids=1 row-size=16B cardinality=1563438
|  in pipelines: 03(GETNEXT), 00(OPEN)
|
02:EXCHANGE [HASH(l_orderkey)]
|  mem-estimate=0B mem-reservation=0B thread-reservation=0
|  tuple-ids=1 row-size=16B cardinality=1563438
|  in pipelines: 00(GETNEXT)
|
F00:PLAN FRAGMENT [RANDOM] hosts=3 instances=3
Per-Host Resources: mem-estimate=114.00MB mem-reservation=38.00MB thread-reservation=2
01:AGGREGATE [STREAMING]
|  output: count(*)
|  group by: l_orderkey
|  mem-estimate=34.00MB mem-reservation=34.00MB spill-buffer=2.00MB thread-reservation=0
|  tuple-ids=1 row-size=16B cardinality=1563438
|  in pipelines: 00(GETNEXT)
|
00:SCAN HDFS [tpch_parquet.lineitem, RANDOM]
   partitions=1/1 files=3 size=193.99MB
   stored statistics:
     table: rows=6001215 size=193.99MB
     columns: all
   extrapolated-rows=disabled max-scan-range-rows=2141664
   mem-estimate=80.00MB mem-reservation=4.00MB thread-reservation=1
   tuple-ids=0 row-size=8B cardinality=6001215
   in pipelines: 00(GETNEXT)
---- PARALLELPLANS
Max Per-Host Resource Reservation: Memory=85.50MB Threads=5
Per-Host Resource Estimates: Memory=248MB

F02:PLAN FRAGMENT [UNPARTITIONED] hosts=1 instances=1
|  Per-Host Resources: mem-estimate=0B mem-reservation=0B thread-reservation=1
PLAN-ROOT SINK
|  mem-estimate=0B mem-reservation=0B thread-reservation=0
|
04:EXCHANGE [UNPARTITIONED]
|  mem-estimate=0B mem-reservation=0B thread-reservation=0
|  tuple-ids=1 row-size=16B cardinality=1563438
|  in pipelines: 03(GETNEXT)
|
F01:PLAN FRAGMENT [HASH(l_orderkey)] hosts=3 instances=6
Per-Host Resources: mem-estimate=20.00MB mem-reservation=9.50MB thread-reservation=2
03:AGGREGATE [FINALIZE]
|  output: count:merge(*)
|  group by: l_orderkey
|  mem-estimate=10.00MB mem-reservation=4.75MB spill-buffer=256.00KB thread-reservation=0
|  tuple-ids=1 row-size=16B cardinality=1563438
|  in pipelines: 03(GETNEXT), 00(OPEN)
|
02:EXCHANGE [HASH(l_orderkey)]
|  mem-estimate=0B mem-reservation=0B thread-reservation=0
|  tuple-ids=1 row-size=16B cardinality=1563438
|  in pipelines: 00(GETNEXT)
|
F00:PLAN FRAGMENT [RANDOM] hosts=3 instances=6
Per-Host Resources: mem-estimate=228.00MB mem-reservation=76.00MB thread-reservation=2
01:AGGREGATE [STREAMING]
|  output: count(*)
|  group by: l_orderkey
|  mem-estimate=34.00MB mem-reservation=34.00MB spill-buffer=2.00MB thread-reservation=0
|  tuple-ids=1 row-size=16B cardinality=1563438
|  in pipelines: 00(GETNEXT)
|
00:SCAN HDFS [tpch_parquet.lineitem, RANDOM]
   partitions=1/1 files=3 size=193.99MB
   stored statistics:
     table: rows=6001215 size=193.99MB
     columns: all
   extrapolated-rows=disabled max-scan-range-rows=2141664
   mem-estimate=80.00MB mem-reservation=4.00MB thread-reservation=0
   tuple-ids=0 row-size=8B cardinality=6001215
   in pipelines: 00(GETNEXT)
====
# Non-grouping aggregation with zero-slot parquet scan
select count(*) from tpch_parquet.lineitem
---- PLAN
Max Per-Host Resource Reservation: Memory=128.00KB Threads=2
Per-Host Resource Estimates: Memory=11MB

F00:PLAN FRAGMENT [UNPARTITIONED] hosts=1 instances=1
|  Per-Host Resources: mem-estimate=11.00MB mem-reservation=128.00KB thread-reservation=2
PLAN-ROOT SINK
|  mem-estimate=0B mem-reservation=0B thread-reservation=0
|
01:AGGREGATE [FINALIZE]
|  output: sum_init_zero(tpch_parquet.lineitem.parquet-stats: num_rows)
|  mem-estimate=10.00MB mem-reservation=0B spill-buffer=2.00MB thread-reservation=0
|  tuple-ids=1 row-size=8B cardinality=1
|  in pipelines: 01(GETNEXT), 00(OPEN)
|
00:SCAN HDFS [tpch_parquet.lineitem]
   partitions=1/1 files=3 size=193.99MB
   stored statistics:
     table: rows=6001215 size=193.99MB
     columns: all
   extrapolated-rows=disabled max-scan-range-rows=2141664
   mem-estimate=1.00MB mem-reservation=128.00KB thread-reservation=1
   tuple-ids=0 row-size=8B cardinality=6001215
   in pipelines: 00(GETNEXT)
---- DISTRIBUTEDPLAN
Max Per-Host Resource Reservation: Memory=128.00KB Threads=3
Per-Host Resource Estimates: Memory=21MB

F01:PLAN FRAGMENT [UNPARTITIONED] hosts=1 instances=1
|  Per-Host Resources: mem-estimate=10.00MB mem-reservation=0B thread-reservation=1
PLAN-ROOT SINK
|  mem-estimate=0B mem-reservation=0B thread-reservation=0
|
03:AGGREGATE [FINALIZE]
|  output: count:merge(*)
|  mem-estimate=10.00MB mem-reservation=0B spill-buffer=2.00MB thread-reservation=0
|  tuple-ids=1 row-size=8B cardinality=1
|  in pipelines: 03(GETNEXT), 01(OPEN)
|
02:EXCHANGE [UNPARTITIONED]
|  mem-estimate=0B mem-reservation=0B thread-reservation=0
|  tuple-ids=1 row-size=8B cardinality=1
|  in pipelines: 01(GETNEXT)
|
F00:PLAN FRAGMENT [RANDOM] hosts=3 instances=3
Per-Host Resources: mem-estimate=11.00MB mem-reservation=128.00KB thread-reservation=2
01:AGGREGATE
|  output: sum_init_zero(tpch_parquet.lineitem.parquet-stats: num_rows)
|  mem-estimate=10.00MB mem-reservation=0B spill-buffer=2.00MB thread-reservation=0
|  tuple-ids=1 row-size=8B cardinality=1
|  in pipelines: 01(GETNEXT), 00(OPEN)
|
00:SCAN HDFS [tpch_parquet.lineitem, RANDOM]
   partitions=1/1 files=3 size=193.99MB
   stored statistics:
     table: rows=6001215 size=193.99MB
     columns: all
   extrapolated-rows=disabled max-scan-range-rows=2141664
   mem-estimate=1.00MB mem-reservation=128.00KB thread-reservation=1
   tuple-ids=0 row-size=8B cardinality=6001215
   in pipelines: 00(GETNEXT)
---- PARALLELPLANS
Max Per-Host Resource Reservation: Memory=256.00KB Threads=3
Per-Host Resource Estimates: Memory=190MB

F01:PLAN FRAGMENT [UNPARTITIONED] hosts=1 instances=1
|  Per-Host Resources: mem-estimate=10.00MB mem-reservation=0B thread-reservation=1
PLAN-ROOT SINK
|  mem-estimate=0B mem-reservation=0B thread-reservation=0
|
03:AGGREGATE [FINALIZE]
|  output: count:merge(*)
|  mem-estimate=10.00MB mem-reservation=0B spill-buffer=2.00MB thread-reservation=0
|  tuple-ids=1 row-size=8B cardinality=1
|  in pipelines: 03(GETNEXT), 01(OPEN)
|
02:EXCHANGE [UNPARTITIONED]
|  mem-estimate=0B mem-reservation=0B thread-reservation=0
|  tuple-ids=1 row-size=8B cardinality=1
|  in pipelines: 01(GETNEXT)
|
F00:PLAN FRAGMENT [RANDOM] hosts=3 instances=6
Per-Host Resources: mem-estimate=180.00MB mem-reservation=256.00KB thread-reservation=2
01:AGGREGATE
|  output: sum_init_zero(tpch_parquet.lineitem.parquet-stats: num_rows)
|  mem-estimate=10.00MB mem-reservation=0B spill-buffer=2.00MB thread-reservation=0
|  tuple-ids=1 row-size=8B cardinality=1
|  in pipelines: 01(GETNEXT), 00(OPEN)
|
00:SCAN HDFS [tpch_parquet.lineitem, RANDOM]
   partitions=1/1 files=3 size=193.99MB
   stored statistics:
     table: rows=6001215 size=193.99MB
     columns: all
   extrapolated-rows=disabled max-scan-range-rows=2141664
   mem-estimate=80.00MB mem-reservation=128.00KB thread-reservation=0
   tuple-ids=0 row-size=8B cardinality=6001215
   in pipelines: 00(GETNEXT)
====
# Sort
select *
from tpch_parquet.lineitem
order by l_comment
---- PLAN
Max Per-Host Resource Reservation: Memory=52.00MB Threads=2
Per-Host Resource Estimates: Memory=120MB

F00:PLAN FRAGMENT [UNPARTITIONED] hosts=1 instances=1
|  Per-Host Resources: mem-estimate=120.00MB mem-reservation=52.00MB thread-reservation=2
PLAN-ROOT SINK
|  mem-estimate=0B mem-reservation=0B thread-reservation=0
|
01:SORT
|  order by: l_comment ASC
|  mem-estimate=40.00MB mem-reservation=12.00MB spill-buffer=2.00MB thread-reservation=0
|  tuple-ids=1 row-size=263B cardinality=6001215
|  in pipelines: 01(GETNEXT), 00(OPEN)
|
00:SCAN HDFS [tpch_parquet.lineitem]
   partitions=1/1 files=3 size=193.99MB
   stored statistics:
     table: rows=6001215 size=193.99MB
     columns: all
   extrapolated-rows=disabled max-scan-range-rows=2141664
   mem-estimate=80.00MB mem-reservation=40.00MB thread-reservation=1
   tuple-ids=0 row-size=263B cardinality=6001215
   in pipelines: 00(GETNEXT)
---- DISTRIBUTEDPLAN
Max Per-Host Resource Reservation: Memory=52.00MB Threads=3
Per-Host Resource Estimates: Memory=120MB

F01:PLAN FRAGMENT [UNPARTITIONED] hosts=1 instances=1
|  Per-Host Resources: mem-estimate=0B mem-reservation=0B thread-reservation=1
PLAN-ROOT SINK
|  mem-estimate=0B mem-reservation=0B thread-reservation=0
|
02:MERGING-EXCHANGE [UNPARTITIONED]
|  order by: l_comment ASC
|  mem-estimate=0B mem-reservation=0B thread-reservation=0
|  tuple-ids=1 row-size=263B cardinality=6001215
|  in pipelines: 01(GETNEXT)
|
F00:PLAN FRAGMENT [RANDOM] hosts=3 instances=3
Per-Host Resources: mem-estimate=120.00MB mem-reservation=52.00MB thread-reservation=2
01:SORT
|  order by: l_comment ASC
|  mem-estimate=40.00MB mem-reservation=12.00MB spill-buffer=2.00MB thread-reservation=0
|  tuple-ids=1 row-size=263B cardinality=6001215
|  in pipelines: 01(GETNEXT), 00(OPEN)
|
00:SCAN HDFS [tpch_parquet.lineitem, RANDOM]
   partitions=1/1 files=3 size=193.99MB
   stored statistics:
     table: rows=6001215 size=193.99MB
     columns: all
   extrapolated-rows=disabled max-scan-range-rows=2141664
   mem-estimate=80.00MB mem-reservation=40.00MB thread-reservation=1
   tuple-ids=0 row-size=263B cardinality=6001215
   in pipelines: 00(GETNEXT)
---- PARALLELPLANS
Max Per-Host Resource Reservation: Memory=104.00MB Threads=3
Per-Host Resource Estimates: Memory=240MB

F01:PLAN FRAGMENT [UNPARTITIONED] hosts=1 instances=1
|  Per-Host Resources: mem-estimate=0B mem-reservation=0B thread-reservation=1
PLAN-ROOT SINK
|  mem-estimate=0B mem-reservation=0B thread-reservation=0
|
02:MERGING-EXCHANGE [UNPARTITIONED]
|  order by: l_comment ASC
|  mem-estimate=0B mem-reservation=0B thread-reservation=0
|  tuple-ids=1 row-size=263B cardinality=6001215
|  in pipelines: 01(GETNEXT)
|
F00:PLAN FRAGMENT [RANDOM] hosts=3 instances=6
Per-Host Resources: mem-estimate=240.00MB mem-reservation=104.00MB thread-reservation=2
01:SORT
|  order by: l_comment ASC
|  mem-estimate=40.00MB mem-reservation=12.00MB spill-buffer=2.00MB thread-reservation=0
|  tuple-ids=1 row-size=263B cardinality=6001215
|  in pipelines: 01(GETNEXT), 00(OPEN)
|
00:SCAN HDFS [tpch_parquet.lineitem, RANDOM]
   partitions=1/1 files=3 size=193.99MB
   stored statistics:
     table: rows=6001215 size=193.99MB
     columns: all
   extrapolated-rows=disabled max-scan-range-rows=2141664
   mem-estimate=80.00MB mem-reservation=40.00MB thread-reservation=0
   tuple-ids=0 row-size=263B cardinality=6001215
   in pipelines: 00(GETNEXT)
====
# TOP-N
select *
from tpch_parquet.lineitem
order by l_comment
limit 100
---- PLAN
Max Per-Host Resource Reservation: Memory=40.00MB Threads=2
Per-Host Resource Estimates: Memory=80MB

F00:PLAN FRAGMENT [UNPARTITIONED] hosts=1 instances=1
|  Per-Host Resources: mem-estimate=80.03MB mem-reservation=40.00MB thread-reservation=2
PLAN-ROOT SINK
|  mem-estimate=0B mem-reservation=0B thread-reservation=0
|
01:TOP-N [LIMIT=100]
|  order by: l_comment ASC
|  mem-estimate=25.66KB mem-reservation=0B thread-reservation=0
|  tuple-ids=1 row-size=263B cardinality=100
|  in pipelines: 01(GETNEXT), 00(OPEN)
|
00:SCAN HDFS [tpch_parquet.lineitem]
   partitions=1/1 files=3 size=193.99MB
   stored statistics:
     table: rows=6001215 size=193.99MB
     columns: all
   extrapolated-rows=disabled max-scan-range-rows=2141664
   mem-estimate=80.00MB mem-reservation=40.00MB thread-reservation=1
   tuple-ids=0 row-size=263B cardinality=6001215
   in pipelines: 00(GETNEXT)
---- DISTRIBUTEDPLAN
Max Per-Host Resource Reservation: Memory=40.00MB Threads=3
Per-Host Resource Estimates: Memory=80MB

F01:PLAN FRAGMENT [UNPARTITIONED] hosts=1 instances=1
|  Per-Host Resources: mem-estimate=0B mem-reservation=0B thread-reservation=1
PLAN-ROOT SINK
|  mem-estimate=0B mem-reservation=0B thread-reservation=0
|
02:MERGING-EXCHANGE [UNPARTITIONED]
|  order by: l_comment ASC
|  limit: 100
|  mem-estimate=0B mem-reservation=0B thread-reservation=0
|  tuple-ids=1 row-size=263B cardinality=100
|  in pipelines: 01(GETNEXT)
|
F00:PLAN FRAGMENT [RANDOM] hosts=3 instances=3
Per-Host Resources: mem-estimate=80.03MB mem-reservation=40.00MB thread-reservation=2
01:TOP-N [LIMIT=100]
|  order by: l_comment ASC
|  mem-estimate=25.66KB mem-reservation=0B thread-reservation=0
|  tuple-ids=1 row-size=263B cardinality=100
|  in pipelines: 01(GETNEXT), 00(OPEN)
|
00:SCAN HDFS [tpch_parquet.lineitem, RANDOM]
   partitions=1/1 files=3 size=193.99MB
   stored statistics:
     table: rows=6001215 size=193.99MB
     columns: all
   extrapolated-rows=disabled max-scan-range-rows=2141664
   mem-estimate=80.00MB mem-reservation=40.00MB thread-reservation=1
   tuple-ids=0 row-size=263B cardinality=6001215
   in pipelines: 00(GETNEXT)
---- PARALLELPLANS
Max Per-Host Resource Reservation: Memory=80.00MB Threads=3
Per-Host Resource Estimates: Memory=160MB

F01:PLAN FRAGMENT [UNPARTITIONED] hosts=1 instances=1
|  Per-Host Resources: mem-estimate=0B mem-reservation=0B thread-reservation=1
PLAN-ROOT SINK
|  mem-estimate=0B mem-reservation=0B thread-reservation=0
|
02:MERGING-EXCHANGE [UNPARTITIONED]
|  order by: l_comment ASC
|  limit: 100
|  mem-estimate=0B mem-reservation=0B thread-reservation=0
|  tuple-ids=1 row-size=263B cardinality=100
|  in pipelines: 01(GETNEXT)
|
F00:PLAN FRAGMENT [RANDOM] hosts=3 instances=6
Per-Host Resources: mem-estimate=160.05MB mem-reservation=80.00MB thread-reservation=2
01:TOP-N [LIMIT=100]
|  order by: l_comment ASC
|  mem-estimate=25.66KB mem-reservation=0B thread-reservation=0
|  tuple-ids=1 row-size=263B cardinality=100
|  in pipelines: 01(GETNEXT), 00(OPEN)
|
00:SCAN HDFS [tpch_parquet.lineitem, RANDOM]
   partitions=1/1 files=3 size=193.99MB
   stored statistics:
     table: rows=6001215 size=193.99MB
     columns: all
   extrapolated-rows=disabled max-scan-range-rows=2141664
   mem-estimate=80.00MB mem-reservation=40.00MB thread-reservation=0
   tuple-ids=0 row-size=263B cardinality=6001215
   in pipelines: 00(GETNEXT)
====
# Broadcast Hash Join
select *
from tpch.lineitem inner join tpch.orders on l_orderkey = o_orderkey
---- PLAN
Max Per-Host Resource Reservation: Memory=51.00MB Threads=3
Per-Host Resource Estimates: Memory=477MB

F00:PLAN FRAGMENT [UNPARTITIONED] hosts=1 instances=1
|  Per-Host Resources: mem-estimate=477.41MB mem-reservation=51.00MB thread-reservation=3 runtime-filters-memory=1.00MB
PLAN-ROOT SINK
|  mem-estimate=0B mem-reservation=0B thread-reservation=0
|
02:HASH JOIN [INNER JOIN]
|  hash predicates: l_orderkey = o_orderkey
|  fk/pk conjuncts: l_orderkey = o_orderkey
|  runtime filters: RF000[bloom] <- o_orderkey
|  mem-estimate=300.41MB mem-reservation=34.00MB spill-buffer=2.00MB thread-reservation=0
|  tuple-ids=0,1 row-size=454B cardinality=5757710
|  in pipelines: 00(GETNEXT), 01(OPEN)
|
|--01:SCAN HDFS [tpch.orders]
|     partitions=1/1 files=1 size=162.56MB
|     stored statistics:
|       table: rows=1500000 size=162.56MB
|       columns: all
|     extrapolated-rows=disabled max-scan-range-rows=1181132
|     mem-estimate=88.00MB mem-reservation=8.00MB thread-reservation=1
|     tuple-ids=1 row-size=191B cardinality=1500000
|     in pipelines: 01(GETNEXT)
|
00:SCAN HDFS [tpch.lineitem]
   partitions=1/1 files=1 size=718.94MB
   runtime filters: RF000[bloom] -> l_orderkey
   stored statistics:
     table: rows=6001215 size=718.94MB
     columns: all
   extrapolated-rows=disabled max-scan-range-rows=1068457
   mem-estimate=88.00MB mem-reservation=8.00MB thread-reservation=1
   tuple-ids=0 row-size=263B cardinality=6001215
   in pipelines: 00(GETNEXT)
---- DISTRIBUTEDPLAN
Max Per-Host Resource Reservation: Memory=51.00MB Threads=5
Per-Host Resource Estimates: Memory=477MB

F02:PLAN FRAGMENT [UNPARTITIONED] hosts=1 instances=1
|  Per-Host Resources: mem-estimate=0B mem-reservation=0B thread-reservation=1
PLAN-ROOT SINK
|  mem-estimate=0B mem-reservation=0B thread-reservation=0
|
04:EXCHANGE [UNPARTITIONED]
|  mem-estimate=0B mem-reservation=0B thread-reservation=0
|  tuple-ids=0,1 row-size=454B cardinality=5757710
|  in pipelines: 00(GETNEXT)
|
F00:PLAN FRAGMENT [RANDOM] hosts=3 instances=3
Per-Host Resources: mem-estimate=389.41MB mem-reservation=43.00MB thread-reservation=2 runtime-filters-memory=1.00MB
02:HASH JOIN [INNER JOIN, BROADCAST]
|  hash predicates: l_orderkey = o_orderkey
|  fk/pk conjuncts: l_orderkey = o_orderkey
|  runtime filters: RF000[bloom] <- o_orderkey
|  mem-estimate=300.41MB mem-reservation=34.00MB spill-buffer=2.00MB thread-reservation=0
|  tuple-ids=0,1 row-size=454B cardinality=5757710
|  in pipelines: 00(GETNEXT), 01(OPEN)
|
|--03:EXCHANGE [BROADCAST]
|  |  mem-estimate=0B mem-reservation=0B thread-reservation=0
|  |  tuple-ids=1 row-size=191B cardinality=1500000
|  |  in pipelines: 01(GETNEXT)
|  |
|  F01:PLAN FRAGMENT [RANDOM] hosts=2 instances=2
|  Per-Host Resources: mem-estimate=88.00MB mem-reservation=8.00MB thread-reservation=2
|  01:SCAN HDFS [tpch.orders, RANDOM]
|     partitions=1/1 files=1 size=162.56MB
|     stored statistics:
|       table: rows=1500000 size=162.56MB
|       columns: all
|     extrapolated-rows=disabled max-scan-range-rows=1181132
|     mem-estimate=88.00MB mem-reservation=8.00MB thread-reservation=1
|     tuple-ids=1 row-size=191B cardinality=1500000
|     in pipelines: 01(GETNEXT)
|
00:SCAN HDFS [tpch.lineitem, RANDOM]
   partitions=1/1 files=1 size=718.94MB
   runtime filters: RF000[bloom] -> l_orderkey
   stored statistics:
     table: rows=6001215 size=718.94MB
     columns: all
   extrapolated-rows=disabled max-scan-range-rows=1068457
   mem-estimate=88.00MB mem-reservation=8.00MB thread-reservation=1
   tuple-ids=0 row-size=263B cardinality=6001215
   in pipelines: 00(GETNEXT)
---- PARALLELPLANS
Max Per-Host Resource Reservation: Memory=102.00MB Threads=5
Per-Host Resource Estimates: Memory=955MB

F02:PLAN FRAGMENT [UNPARTITIONED] hosts=1 instances=1
|  Per-Host Resources: mem-estimate=0B mem-reservation=0B thread-reservation=1
PLAN-ROOT SINK
|  mem-estimate=0B mem-reservation=0B thread-reservation=0
|
04:EXCHANGE [UNPARTITIONED]
|  mem-estimate=0B mem-reservation=0B thread-reservation=0
|  tuple-ids=0,1 row-size=454B cardinality=5757710
|  in pipelines: 00(GETNEXT)
|
F00:PLAN FRAGMENT [RANDOM] hosts=3 instances=6
Per-Host Resources: mem-estimate=778.83MB mem-reservation=86.00MB thread-reservation=2 runtime-filters-memory=1.00MB
02:HASH JOIN [INNER JOIN, BROADCAST]
|  hash-table-id=00
|  hash predicates: l_orderkey = o_orderkey
|  fk/pk conjuncts: l_orderkey = o_orderkey
|  runtime filters: RF000[bloom] <- o_orderkey
|  mem-estimate=300.41MB mem-reservation=34.00MB spill-buffer=2.00MB thread-reservation=0
|  tuple-ids=0,1 row-size=454B cardinality=5757710
|  in pipelines: 00(GETNEXT), 01(OPEN)
|
|--F03:PLAN FRAGMENT [RANDOM] hosts=2 instances=4
|  |  Per-Host Resources: included in parent fragment
|  JOIN BUILD
|  |  join-table-id=00 plan-id=01 cohort-id=01
|  |  build expressions: o_orderkey
|  |  mem-estimate=0B mem-reservation=0B thread-reservation=0
|  |
|  03:EXCHANGE [BROADCAST]
|  |  mem-estimate=0B mem-reservation=0B thread-reservation=0
|  |  tuple-ids=1 row-size=191B cardinality=1500000
|  |  in pipelines: 01(GETNEXT)
|  |
|  F01:PLAN FRAGMENT [RANDOM] hosts=2 instances=4
|  Per-Host Resources: mem-estimate=176.00MB mem-reservation=16.00MB thread-reservation=2
|  01:SCAN HDFS [tpch.orders, RANDOM]
|     partitions=1/1 files=1 size=162.56MB
|     stored statistics:
|       table: rows=1500000 size=162.56MB
|       columns: all
|     extrapolated-rows=disabled max-scan-range-rows=1181132
|     mem-estimate=88.00MB mem-reservation=8.00MB thread-reservation=0
|     tuple-ids=1 row-size=191B cardinality=1500000
|     in pipelines: 01(GETNEXT)
|
00:SCAN HDFS [tpch.lineitem, RANDOM]
   partitions=1/1 files=1 size=718.94MB
   runtime filters: RF000[bloom] -> l_orderkey
   stored statistics:
     table: rows=6001215 size=718.94MB
     columns: all
   extrapolated-rows=disabled max-scan-range-rows=1068457
   mem-estimate=88.00MB mem-reservation=8.00MB thread-reservation=0
   tuple-ids=0 row-size=263B cardinality=6001215
   in pipelines: 00(GETNEXT)
====
# Shuffle Hash Join
select *
from tpch.lineitem inner join /* +shuffle */ tpch.orders on l_orderkey = o_orderkey
---- PLAN
Max Per-Host Resource Reservation: Memory=51.00MB Threads=3
Per-Host Resource Estimates: Memory=477MB

F00:PLAN FRAGMENT [UNPARTITIONED] hosts=1 instances=1
|  Per-Host Resources: mem-estimate=477.41MB mem-reservation=51.00MB thread-reservation=3 runtime-filters-memory=1.00MB
PLAN-ROOT SINK
|  mem-estimate=0B mem-reservation=0B thread-reservation=0
|
02:HASH JOIN [INNER JOIN]
|  hash predicates: l_orderkey = o_orderkey
|  fk/pk conjuncts: l_orderkey = o_orderkey
|  runtime filters: RF000[bloom] <- o_orderkey
|  mem-estimate=300.41MB mem-reservation=34.00MB spill-buffer=2.00MB thread-reservation=0
|  tuple-ids=0,1 row-size=454B cardinality=5757710
|  in pipelines: 00(GETNEXT), 01(OPEN)
|
|--01:SCAN HDFS [tpch.orders]
|     partitions=1/1 files=1 size=162.56MB
|     stored statistics:
|       table: rows=1500000 size=162.56MB
|       columns: all
|     extrapolated-rows=disabled max-scan-range-rows=1181132
|     mem-estimate=88.00MB mem-reservation=8.00MB thread-reservation=1
|     tuple-ids=1 row-size=191B cardinality=1500000
|     in pipelines: 01(GETNEXT)
|
00:SCAN HDFS [tpch.lineitem]
   partitions=1/1 files=1 size=718.94MB
   runtime filters: RF000[bloom] -> l_orderkey
   stored statistics:
     table: rows=6001215 size=718.94MB
     columns: all
   extrapolated-rows=disabled max-scan-range-rows=1068457
   mem-estimate=88.00MB mem-reservation=8.00MB thread-reservation=1
   tuple-ids=0 row-size=263B cardinality=6001215
   in pipelines: 00(GETNEXT)
---- DISTRIBUTEDPLAN
Max Per-Host Resource Reservation: Memory=52.00MB Threads=6
Per-Host Resource Estimates: Memory=278MB

F03:PLAN FRAGMENT [UNPARTITIONED] hosts=1 instances=1
|  Per-Host Resources: mem-estimate=0B mem-reservation=0B thread-reservation=1
PLAN-ROOT SINK
|  mem-estimate=0B mem-reservation=0B thread-reservation=0
|
05:EXCHANGE [UNPARTITIONED]
|  mem-estimate=0B mem-reservation=0B thread-reservation=0
|  tuple-ids=0,1 row-size=454B cardinality=5757710
|  in pipelines: 00(GETNEXT)
|
F02:PLAN FRAGMENT [HASH(l_orderkey)] hosts=3 instances=3
Per-Host Resources: mem-estimate=101.14MB mem-reservation=35.00MB thread-reservation=1 runtime-filters-memory=1.00MB
02:HASH JOIN [INNER JOIN, PARTITIONED]
|  hash predicates: l_orderkey = o_orderkey
|  fk/pk conjuncts: l_orderkey = o_orderkey
|  runtime filters: RF000[bloom] <- o_orderkey
|  mem-estimate=100.14MB mem-reservation=34.00MB spill-buffer=2.00MB thread-reservation=0
|  tuple-ids=0,1 row-size=454B cardinality=5757710
|  in pipelines: 00(GETNEXT), 01(OPEN)
|
|--04:EXCHANGE [HASH(o_orderkey)]
|  |  mem-estimate=0B mem-reservation=0B thread-reservation=0
|  |  tuple-ids=1 row-size=191B cardinality=1500000
|  |  in pipelines: 01(GETNEXT)
|  |
|  F01:PLAN FRAGMENT [RANDOM] hosts=2 instances=2
|  Per-Host Resources: mem-estimate=88.00MB mem-reservation=8.00MB thread-reservation=2
|  01:SCAN HDFS [tpch.orders, RANDOM]
|     partitions=1/1 files=1 size=162.56MB
|     stored statistics:
|       table: rows=1500000 size=162.56MB
|       columns: all
|     extrapolated-rows=disabled max-scan-range-rows=1181132
|     mem-estimate=88.00MB mem-reservation=8.00MB thread-reservation=1
|     tuple-ids=1 row-size=191B cardinality=1500000
|     in pipelines: 01(GETNEXT)
|
03:EXCHANGE [HASH(l_orderkey)]
|  mem-estimate=0B mem-reservation=0B thread-reservation=0
|  tuple-ids=0 row-size=263B cardinality=6001215
|  in pipelines: 00(GETNEXT)
|
F00:PLAN FRAGMENT [RANDOM] hosts=3 instances=3
Per-Host Resources: mem-estimate=89.00MB mem-reservation=9.00MB thread-reservation=2 runtime-filters-memory=1.00MB
00:SCAN HDFS [tpch.lineitem, RANDOM]
   partitions=1/1 files=1 size=718.94MB
   runtime filters: RF000[bloom] -> l_orderkey
   stored statistics:
     table: rows=6001215 size=718.94MB
     columns: all
   extrapolated-rows=disabled max-scan-range-rows=1068457
   mem-estimate=88.00MB mem-reservation=8.00MB thread-reservation=1
   tuple-ids=0 row-size=263B cardinality=6001215
   in pipelines: 00(GETNEXT)
---- PARALLELPLANS
Max Per-Host Resource Reservation: Memory=104.00MB Threads=7
Per-Host Resource Estimates: Memory=456MB

F03:PLAN FRAGMENT [UNPARTITIONED] hosts=1 instances=1
|  Per-Host Resources: mem-estimate=0B mem-reservation=0B thread-reservation=1
PLAN-ROOT SINK
|  mem-estimate=0B mem-reservation=0B thread-reservation=0
|
05:EXCHANGE [UNPARTITIONED]
|  mem-estimate=0B mem-reservation=0B thread-reservation=0
|  tuple-ids=0,1 row-size=454B cardinality=5757710
|  in pipelines: 00(GETNEXT)
|
F02:PLAN FRAGMENT [HASH(l_orderkey)] hosts=3 instances=6
Per-Host Resources: mem-estimate=102.14MB mem-reservation=70.00MB thread-reservation=2 runtime-filters-memory=1.00MB
02:HASH JOIN [INNER JOIN, PARTITIONED]
|  hash-table-id=00
|  hash predicates: l_orderkey = o_orderkey
|  fk/pk conjuncts: l_orderkey = o_orderkey
|  runtime filters: RF000[bloom] <- o_orderkey
|  mem-estimate=50.07MB mem-reservation=34.00MB spill-buffer=2.00MB thread-reservation=0
|  tuple-ids=0,1 row-size=454B cardinality=5757710
|  in pipelines: 00(GETNEXT), 01(OPEN)
|
|--F04:PLAN FRAGMENT [HASH(l_orderkey)] hosts=2 instances=4
|  |  Per-Host Resources: included in parent fragment
|  JOIN BUILD
|  |  join-table-id=00 plan-id=01 cohort-id=01
|  |  build expressions: o_orderkey
|  |  mem-estimate=0B mem-reservation=0B thread-reservation=0
|  |
|  04:EXCHANGE [HASH(o_orderkey)]
|  |  mem-estimate=0B mem-reservation=0B thread-reservation=0
|  |  tuple-ids=1 row-size=191B cardinality=1500000
|  |  in pipelines: 01(GETNEXT)
|  |
|  F01:PLAN FRAGMENT [RANDOM] hosts=2 instances=4
|  Per-Host Resources: mem-estimate=176.00MB mem-reservation=16.00MB thread-reservation=2
|  01:SCAN HDFS [tpch.orders, RANDOM]
|     partitions=1/1 files=1 size=162.56MB
|     stored statistics:
|       table: rows=1500000 size=162.56MB
|       columns: all
|     extrapolated-rows=disabled max-scan-range-rows=1181132
|     mem-estimate=88.00MB mem-reservation=8.00MB thread-reservation=0
|     tuple-ids=1 row-size=191B cardinality=1500000
|     in pipelines: 01(GETNEXT)
|
03:EXCHANGE [HASH(l_orderkey)]
|  mem-estimate=0B mem-reservation=0B thread-reservation=0
|  tuple-ids=0 row-size=263B cardinality=6001215
|  in pipelines: 00(GETNEXT)
|
F00:PLAN FRAGMENT [RANDOM] hosts=3 instances=6
Per-Host Resources: mem-estimate=178.00MB mem-reservation=18.00MB thread-reservation=2 runtime-filters-memory=1.00MB
00:SCAN HDFS [tpch.lineitem, RANDOM]
   partitions=1/1 files=1 size=718.94MB
   runtime filters: RF000[bloom] -> l_orderkey
   stored statistics:
     table: rows=6001215 size=718.94MB
     columns: all
   extrapolated-rows=disabled max-scan-range-rows=1068457
   mem-estimate=88.00MB mem-reservation=8.00MB thread-reservation=0
   tuple-ids=0 row-size=263B cardinality=6001215
   in pipelines: 00(GETNEXT)
====
# Nested loop join
select *
from tpch.lineitem, tpch.orders
---- PLAN
Max Per-Host Resource Reservation: Memory=16.00MB Threads=3
Per-Host Resource Estimates: Memory=449MB

F00:PLAN FRAGMENT [UNPARTITIONED] hosts=1 instances=1
|  Per-Host Resources: mem-estimate=449.10MB mem-reservation=16.00MB thread-reservation=3
PLAN-ROOT SINK
|  mem-estimate=0B mem-reservation=0B thread-reservation=0
|
02:NESTED LOOP JOIN [CROSS JOIN]
|  mem-estimate=273.10MB mem-reservation=0B thread-reservation=0
|  tuple-ids=0,1 row-size=454B cardinality=9001822500000
|  in pipelines: 00(GETNEXT), 01(OPEN)
|
|--01:SCAN HDFS [tpch.orders]
|     partitions=1/1 files=1 size=162.56MB
|     stored statistics:
|       table: rows=1500000 size=162.56MB
|       columns: all
|     extrapolated-rows=disabled max-scan-range-rows=1181132
|     mem-estimate=88.00MB mem-reservation=8.00MB thread-reservation=1
|     tuple-ids=1 row-size=191B cardinality=1500000
|     in pipelines: 01(GETNEXT)
|
00:SCAN HDFS [tpch.lineitem]
   partitions=1/1 files=1 size=718.94MB
   stored statistics:
     table: rows=6001215 size=718.94MB
     columns: all
   extrapolated-rows=disabled max-scan-range-rows=1068457
   mem-estimate=88.00MB mem-reservation=8.00MB thread-reservation=1
   tuple-ids=0 row-size=263B cardinality=6001215
   in pipelines: 00(GETNEXT)
---- DISTRIBUTEDPLAN
Max Per-Host Resource Reservation: Memory=16.00MB Threads=5
Per-Host Resource Estimates: Memory=449MB

F02:PLAN FRAGMENT [UNPARTITIONED] hosts=1 instances=1
|  Per-Host Resources: mem-estimate=0B mem-reservation=0B thread-reservation=1
PLAN-ROOT SINK
|  mem-estimate=0B mem-reservation=0B thread-reservation=0
|
04:EXCHANGE [UNPARTITIONED]
|  mem-estimate=0B mem-reservation=0B thread-reservation=0
|  tuple-ids=0,1 row-size=454B cardinality=9001822500000
|  in pipelines: 00(GETNEXT)
|
F00:PLAN FRAGMENT [RANDOM] hosts=3 instances=3
Per-Host Resources: mem-estimate=361.10MB mem-reservation=8.00MB thread-reservation=2
02:NESTED LOOP JOIN [CROSS JOIN, BROADCAST]
|  mem-estimate=273.10MB mem-reservation=0B thread-reservation=0
|  tuple-ids=0,1 row-size=454B cardinality=9001822500000
|  in pipelines: 00(GETNEXT), 01(OPEN)
|
|--03:EXCHANGE [BROADCAST]
|  |  mem-estimate=0B mem-reservation=0B thread-reservation=0
|  |  tuple-ids=1 row-size=191B cardinality=1500000
|  |  in pipelines: 01(GETNEXT)
|  |
|  F01:PLAN FRAGMENT [RANDOM] hosts=2 instances=2
|  Per-Host Resources: mem-estimate=88.00MB mem-reservation=8.00MB thread-reservation=2
|  01:SCAN HDFS [tpch.orders, RANDOM]
|     partitions=1/1 files=1 size=162.56MB
|     stored statistics:
|       table: rows=1500000 size=162.56MB
|       columns: all
|     extrapolated-rows=disabled max-scan-range-rows=1181132
|     mem-estimate=88.00MB mem-reservation=8.00MB thread-reservation=1
|     tuple-ids=1 row-size=191B cardinality=1500000
|     in pipelines: 01(GETNEXT)
|
00:SCAN HDFS [tpch.lineitem, RANDOM]
   partitions=1/1 files=1 size=718.94MB
   stored statistics:
     table: rows=6001215 size=718.94MB
     columns: all
   extrapolated-rows=disabled max-scan-range-rows=1068457
   mem-estimate=88.00MB mem-reservation=8.00MB thread-reservation=1
   tuple-ids=0 row-size=263B cardinality=6001215
   in pipelines: 00(GETNEXT)
---- PARALLELPLANS
Max Per-Host Resource Reservation: Memory=32.00MB Threads=5
Per-Host Resource Estimates: Memory=898MB

F02:PLAN FRAGMENT [UNPARTITIONED] hosts=1 instances=1
|  Per-Host Resources: mem-estimate=0B mem-reservation=0B thread-reservation=1
PLAN-ROOT SINK
|  mem-estimate=0B mem-reservation=0B thread-reservation=0
|
04:EXCHANGE [UNPARTITIONED]
|  mem-estimate=0B mem-reservation=0B thread-reservation=0
|  tuple-ids=0,1 row-size=454B cardinality=9001822500000
|  in pipelines: 00(GETNEXT)
|
F00:PLAN FRAGMENT [RANDOM] hosts=3 instances=6
Per-Host Resources: mem-estimate=722.21MB mem-reservation=16.00MB thread-reservation=2
02:NESTED LOOP JOIN [CROSS JOIN, BROADCAST]
|  join table id: 00
|  mem-estimate=273.10MB mem-reservation=0B thread-reservation=0
|  tuple-ids=0,1 row-size=454B cardinality=9001822500000
|  in pipelines: 00(GETNEXT), 01(OPEN)
|
|--F03:PLAN FRAGMENT [RANDOM] hosts=2 instances=4
|  |  Per-Host Resources: included in parent fragment
|  JOIN BUILD
|  |  join-table-id=00 plan-id=01 cohort-id=01
|  |  mem-estimate=0B mem-reservation=0B thread-reservation=0
|  |
|  03:EXCHANGE [BROADCAST]
|  |  mem-estimate=0B mem-reservation=0B thread-reservation=0
|  |  tuple-ids=1 row-size=191B cardinality=1500000
|  |  in pipelines: 01(GETNEXT)
|  |
|  F01:PLAN FRAGMENT [RANDOM] hosts=2 instances=4
|  Per-Host Resources: mem-estimate=176.00MB mem-reservation=16.00MB thread-reservation=2
|  01:SCAN HDFS [tpch.orders, RANDOM]
|     partitions=1/1 files=1 size=162.56MB
|     stored statistics:
|       table: rows=1500000 size=162.56MB
|       columns: all
|     extrapolated-rows=disabled max-scan-range-rows=1181132
|     mem-estimate=88.00MB mem-reservation=8.00MB thread-reservation=0
|     tuple-ids=1 row-size=191B cardinality=1500000
|     in pipelines: 01(GETNEXT)
|
00:SCAN HDFS [tpch.lineitem, RANDOM]
   partitions=1/1 files=1 size=718.94MB
   stored statistics:
     table: rows=6001215 size=718.94MB
     columns: all
   extrapolated-rows=disabled max-scan-range-rows=1068457
   mem-estimate=88.00MB mem-reservation=8.00MB thread-reservation=0
   tuple-ids=0 row-size=263B cardinality=6001215
   in pipelines: 00(GETNEXT)
====
# Empty set node
select * from functional.alltypes where 1 = 2
---- PLAN
Max Per-Host Resource Reservation: Memory=0B Threads=1
Per-Host Resource Estimates: Memory=10MB
Codegen disabled by planner

F00:PLAN FRAGMENT [UNPARTITIONED] hosts=1 instances=1
|  Per-Host Resources: mem-estimate=0B mem-reservation=0B thread-reservation=1
PLAN-ROOT SINK
|  mem-estimate=0B mem-reservation=0B thread-reservation=0
|
00:EMPTYSET
   mem-estimate=0B mem-reservation=0B thread-reservation=0
   tuple-ids=0 row-size=0B cardinality=0
   in pipelines: 00(GETNEXT)
---- DISTRIBUTEDPLAN
Max Per-Host Resource Reservation: Memory=0B Threads=1
Per-Host Resource Estimates: Memory=10MB
Codegen disabled by planner

F00:PLAN FRAGMENT [UNPARTITIONED] hosts=1 instances=1
|  Per-Host Resources: mem-estimate=0B mem-reservation=0B thread-reservation=1
PLAN-ROOT SINK
|  mem-estimate=0B mem-reservation=0B thread-reservation=0
|
00:EMPTYSET
   mem-estimate=0B mem-reservation=0B thread-reservation=0
   tuple-ids=0 row-size=0B cardinality=0
   in pipelines: 00(GETNEXT)
---- PARALLELPLANS
Max Per-Host Resource Reservation: Memory=0B Threads=1
Per-Host Resource Estimates: Memory=10MB
Codegen disabled by planner

F00:PLAN FRAGMENT [UNPARTITIONED] hosts=1 instances=1
|  Per-Host Resources: mem-estimate=0B mem-reservation=0B thread-reservation=1
PLAN-ROOT SINK
|  mem-estimate=0B mem-reservation=0B thread-reservation=0
|
00:EMPTYSET
   mem-estimate=0B mem-reservation=0B thread-reservation=0
   tuple-ids=0 row-size=0B cardinality=0
   in pipelines: 00(GETNEXT)
====
# Analytic function
select max(tinyint_col) over(partition by int_col)
from functional.alltypes
---- PLAN
Max Per-Host Resource Reservation: Memory=10.03MB Threads=2
Per-Host Resource Estimates: Memory=26MB
Codegen disabled by planner

F00:PLAN FRAGMENT [UNPARTITIONED] hosts=1 instances=1
|  Per-Host Resources: mem-estimate=26.00MB mem-reservation=10.03MB thread-reservation=2
PLAN-ROOT SINK
|  mem-estimate=0B mem-reservation=0B thread-reservation=0
|
02:ANALYTIC
|  functions: max(tinyint_col)
|  partition by: int_col
|  mem-estimate=4.00MB mem-reservation=4.00MB spill-buffer=2.00MB thread-reservation=0
|  tuple-ids=3,2 row-size=6B cardinality=7300
|  in pipelines: 01(GETNEXT)
|
01:SORT
|  order by: int_col ASC NULLS FIRST
|  mem-estimate=6.00MB mem-reservation=6.00MB spill-buffer=2.00MB thread-reservation=0
|  tuple-ids=3 row-size=5B cardinality=7300
|  in pipelines: 01(GETNEXT), 00(OPEN)
|
00:SCAN HDFS [functional.alltypes]
   partitions=24/24 files=24 size=478.45KB
   stored statistics:
     table: rows=7300 size=478.45KB
     partitions: 24/24 rows=7300
     columns: all
   extrapolated-rows=disabled max-scan-range-rows=310
   mem-estimate=16.00MB mem-reservation=32.00KB thread-reservation=1
   tuple-ids=0 row-size=5B cardinality=7300
   in pipelines: 00(GETNEXT)
---- DISTRIBUTEDPLAN
Max Per-Host Resource Reservation: Memory=10.03MB Threads=4
Per-Host Resource Estimates: Memory=26MB
Codegen disabled by planner

F02:PLAN FRAGMENT [UNPARTITIONED] hosts=1 instances=1
|  Per-Host Resources: mem-estimate=0B mem-reservation=0B thread-reservation=1
PLAN-ROOT SINK
|  mem-estimate=0B mem-reservation=0B thread-reservation=0
|
04:EXCHANGE [UNPARTITIONED]
|  mem-estimate=0B mem-reservation=0B thread-reservation=0
|  tuple-ids=3,2 row-size=6B cardinality=7300
|  in pipelines: 01(GETNEXT)
|
F01:PLAN FRAGMENT [HASH(int_col)] hosts=3 instances=3
Per-Host Resources: mem-estimate=10.00MB mem-reservation=10.00MB thread-reservation=1
02:ANALYTIC
|  functions: max(tinyint_col)
|  partition by: int_col
|  mem-estimate=4.00MB mem-reservation=4.00MB spill-buffer=2.00MB thread-reservation=0
|  tuple-ids=3,2 row-size=6B cardinality=7300
|  in pipelines: 01(GETNEXT)
|
01:SORT
|  order by: int_col ASC NULLS FIRST
|  mem-estimate=6.00MB mem-reservation=6.00MB spill-buffer=2.00MB thread-reservation=0
|  tuple-ids=3 row-size=5B cardinality=7300
|  in pipelines: 01(GETNEXT), 00(OPEN)
|
03:EXCHANGE [HASH(int_col)]
|  mem-estimate=0B mem-reservation=0B thread-reservation=0
|  tuple-ids=0 row-size=5B cardinality=7300
|  in pipelines: 00(GETNEXT)
|
F00:PLAN FRAGMENT [RANDOM] hosts=3 instances=3
Per-Host Resources: mem-estimate=16.00MB mem-reservation=32.00KB thread-reservation=2
00:SCAN HDFS [functional.alltypes, RANDOM]
   partitions=24/24 files=24 size=478.45KB
   stored statistics:
     table: rows=7300 size=478.45KB
     partitions: 24/24 rows=7300
     columns: all
   extrapolated-rows=disabled max-scan-range-rows=310
   mem-estimate=16.00MB mem-reservation=32.00KB thread-reservation=1
   tuple-ids=0 row-size=5B cardinality=7300
   in pipelines: 00(GETNEXT)
---- PARALLELPLANS
Max Per-Host Resource Reservation: Memory=20.06MB Threads=5
Per-Host Resource Estimates: Memory=52MB
Codegen disabled by planner

F02:PLAN FRAGMENT [UNPARTITIONED] hosts=1 instances=1
|  Per-Host Resources: mem-estimate=0B mem-reservation=0B thread-reservation=1
PLAN-ROOT SINK
|  mem-estimate=0B mem-reservation=0B thread-reservation=0
|
04:EXCHANGE [UNPARTITIONED]
|  mem-estimate=0B mem-reservation=0B thread-reservation=0
|  tuple-ids=3,2 row-size=6B cardinality=7300
|  in pipelines: 01(GETNEXT)
|
F01:PLAN FRAGMENT [HASH(int_col)] hosts=3 instances=6
Per-Host Resources: mem-estimate=20.00MB mem-reservation=20.00MB thread-reservation=2
02:ANALYTIC
|  functions: max(tinyint_col)
|  partition by: int_col
|  mem-estimate=4.00MB mem-reservation=4.00MB spill-buffer=2.00MB thread-reservation=0
|  tuple-ids=3,2 row-size=6B cardinality=7300
|  in pipelines: 01(GETNEXT)
|
01:SORT
|  order by: int_col ASC NULLS FIRST
|  mem-estimate=6.00MB mem-reservation=6.00MB spill-buffer=2.00MB thread-reservation=0
|  tuple-ids=3 row-size=5B cardinality=7300
|  in pipelines: 01(GETNEXT), 00(OPEN)
|
03:EXCHANGE [HASH(int_col)]
|  mem-estimate=0B mem-reservation=0B thread-reservation=0
|  tuple-ids=0 row-size=5B cardinality=7300
|  in pipelines: 00(GETNEXT)
|
F00:PLAN FRAGMENT [RANDOM] hosts=3 instances=6
Per-Host Resources: mem-estimate=32.00MB mem-reservation=64.00KB thread-reservation=2
00:SCAN HDFS [functional.alltypes, RANDOM]
   partitions=24/24 files=24 size=478.45KB
   stored statistics:
     table: rows=7300 size=478.45KB
     partitions: 24/24 rows=7300
     columns: all
   extrapolated-rows=disabled max-scan-range-rows=310
   mem-estimate=16.00MB mem-reservation=32.00KB thread-reservation=0
   tuple-ids=0 row-size=5B cardinality=7300
   in pipelines: 00(GETNEXT)
====
# Pipeline of blocking operators from analytic fns. Blocking operators break
# the pipeline so they do not all consume resources concurrently.
select *, row_number() over (order by o_totalprice) rnum_price,
  row_number() over (order by o_orderdate) rnum_date,
  row_number() over (order by o_orderpriority) rnum_priority
from tpch_parquet.orders
---- PLAN
Max Per-Host Resource Reservation: Memory=48.00MB Threads=2
Per-Host Resource Estimates: Memory=70MB

F00:PLAN FRAGMENT [UNPARTITIONED] hosts=1 instances=1
|  Per-Host Resources: mem-estimate=70.00MB mem-reservation=48.00MB thread-reservation=2
PLAN-ROOT SINK
|  mem-estimate=0B mem-reservation=0B thread-reservation=0
|
06:ANALYTIC
|  functions: row_number()
|  order by: o_orderpriority ASC
|  window: ROWS BETWEEN UNBOUNDED PRECEDING AND CURRENT ROW
|  mem-estimate=4.00MB mem-reservation=4.00MB spill-buffer=2.00MB thread-reservation=0
|  tuple-ids=10,5 row-size=215B cardinality=1500000
|  in pipelines: 05(GETNEXT)
|
05:SORT
|  order by: o_orderpriority ASC
|  mem-estimate=18.00MB mem-reservation=12.00MB spill-buffer=2.00MB thread-reservation=0
|  tuple-ids=10 row-size=207B cardinality=1500000
|  in pipelines: 05(GETNEXT), 03(OPEN)
|
04:ANALYTIC
|  functions: row_number()
|  order by: o_orderdate ASC
|  window: ROWS BETWEEN UNBOUNDED PRECEDING AND CURRENT ROW
|  mem-estimate=4.00MB mem-reservation=4.00MB spill-buffer=2.00MB thread-reservation=0
|  tuple-ids=8,4 row-size=207B cardinality=1500000
|  in pipelines: 03(GETNEXT)
|
03:SORT
|  order by: o_orderdate ASC
|  mem-estimate=18.00MB mem-reservation=12.00MB spill-buffer=2.00MB thread-reservation=0
|  tuple-ids=8 row-size=199B cardinality=1500000
|  in pipelines: 03(GETNEXT), 01(OPEN)
|
02:ANALYTIC
|  functions: row_number()
|  order by: o_totalprice ASC
|  window: ROWS BETWEEN UNBOUNDED PRECEDING AND CURRENT ROW
|  mem-estimate=4.00MB mem-reservation=4.00MB spill-buffer=2.00MB thread-reservation=0
|  tuple-ids=6,3 row-size=199B cardinality=1500000
|  in pipelines: 01(GETNEXT)
|
01:SORT
|  order by: o_totalprice ASC
|  mem-estimate=18.00MB mem-reservation=12.00MB spill-buffer=2.00MB thread-reservation=0
|  tuple-ids=6 row-size=191B cardinality=1500000
|  in pipelines: 01(GETNEXT), 00(OPEN)
|
00:SCAN HDFS [tpch_parquet.orders]
   partitions=1/1 files=2 size=54.21MB
   stored statistics:
     table: rows=1500000 size=54.21MB
     columns: all
   extrapolated-rows=disabled max-scan-range-rows=1177197
   mem-estimate=40.00MB mem-reservation=24.00MB thread-reservation=1
   tuple-ids=0 row-size=191B cardinality=1500000
   in pipelines: 00(GETNEXT)
---- DISTRIBUTEDPLAN
Max Per-Host Resource Reservation: Memory=68.00MB Threads=3
Per-Host Resource Estimates: Memory=102MB

F01:PLAN FRAGMENT [UNPARTITIONED] hosts=1 instances=1
|  Per-Host Resources: mem-estimate=44.00MB mem-reservation=32.00MB thread-reservation=1
PLAN-ROOT SINK
|  mem-estimate=0B mem-reservation=0B thread-reservation=0
|
06:ANALYTIC
|  functions: row_number()
|  order by: o_orderpriority ASC
|  window: ROWS BETWEEN UNBOUNDED PRECEDING AND CURRENT ROW
|  mem-estimate=4.00MB mem-reservation=4.00MB spill-buffer=2.00MB thread-reservation=0
|  tuple-ids=10,5 row-size=215B cardinality=1500000
|  in pipelines: 05(GETNEXT)
|
05:SORT
|  order by: o_orderpriority ASC
|  mem-estimate=18.00MB mem-reservation=12.00MB spill-buffer=2.00MB thread-reservation=0
|  tuple-ids=10 row-size=207B cardinality=1500000
|  in pipelines: 05(GETNEXT), 03(OPEN)
|
04:ANALYTIC
|  functions: row_number()
|  order by: o_orderdate ASC
|  window: ROWS BETWEEN UNBOUNDED PRECEDING AND CURRENT ROW
|  mem-estimate=4.00MB mem-reservation=4.00MB spill-buffer=2.00MB thread-reservation=0
|  tuple-ids=8,4 row-size=207B cardinality=1500000
|  in pipelines: 03(GETNEXT)
|
03:SORT
|  order by: o_orderdate ASC
|  mem-estimate=18.00MB mem-reservation=12.00MB spill-buffer=2.00MB thread-reservation=0
|  tuple-ids=8 row-size=199B cardinality=1500000
|  in pipelines: 03(GETNEXT), 01(OPEN)
|
02:ANALYTIC
|  functions: row_number()
|  order by: o_totalprice ASC
|  window: ROWS BETWEEN UNBOUNDED PRECEDING AND CURRENT ROW
|  mem-estimate=4.00MB mem-reservation=4.00MB spill-buffer=2.00MB thread-reservation=0
|  tuple-ids=6,3 row-size=199B cardinality=1500000
|  in pipelines: 01(GETNEXT)
|
07:MERGING-EXCHANGE [UNPARTITIONED]
|  order by: o_totalprice ASC
|  mem-estimate=0B mem-reservation=0B thread-reservation=0
|  tuple-ids=6 row-size=191B cardinality=1500000
|  in pipelines: 01(GETNEXT)
|
F00:PLAN FRAGMENT [RANDOM] hosts=2 instances=2
Per-Host Resources: mem-estimate=58.00MB mem-reservation=36.00MB thread-reservation=2
01:SORT
|  order by: o_totalprice ASC
|  mem-estimate=18.00MB mem-reservation=12.00MB spill-buffer=2.00MB thread-reservation=0
|  tuple-ids=6 row-size=191B cardinality=1500000
|  in pipelines: 01(GETNEXT), 00(OPEN)
|
00:SCAN HDFS [tpch_parquet.orders, RANDOM]
   partitions=1/1 files=2 size=54.21MB
   stored statistics:
     table: rows=1500000 size=54.21MB
     columns: all
   extrapolated-rows=disabled max-scan-range-rows=1177197
   mem-estimate=40.00MB mem-reservation=24.00MB thread-reservation=1
   tuple-ids=0 row-size=191B cardinality=1500000
   in pipelines: 00(GETNEXT)
---- PARALLELPLANS
Max Per-Host Resource Reservation: Memory=104.00MB Threads=3
Per-Host Resource Estimates: Memory=160MB

F01:PLAN FRAGMENT [UNPARTITIONED] hosts=1 instances=1
|  Per-Host Resources: mem-estimate=44.00MB mem-reservation=32.00MB thread-reservation=1
PLAN-ROOT SINK
|  mem-estimate=0B mem-reservation=0B thread-reservation=0
|
06:ANALYTIC
|  functions: row_number()
|  order by: o_orderpriority ASC
|  window: ROWS BETWEEN UNBOUNDED PRECEDING AND CURRENT ROW
|  mem-estimate=4.00MB mem-reservation=4.00MB spill-buffer=2.00MB thread-reservation=0
|  tuple-ids=10,5 row-size=215B cardinality=1500000
|  in pipelines: 05(GETNEXT)
|
05:SORT
|  order by: o_orderpriority ASC
|  mem-estimate=18.00MB mem-reservation=12.00MB spill-buffer=2.00MB thread-reservation=0
|  tuple-ids=10 row-size=207B cardinality=1500000
|  in pipelines: 05(GETNEXT), 03(OPEN)
|
04:ANALYTIC
|  functions: row_number()
|  order by: o_orderdate ASC
|  window: ROWS BETWEEN UNBOUNDED PRECEDING AND CURRENT ROW
|  mem-estimate=4.00MB mem-reservation=4.00MB spill-buffer=2.00MB thread-reservation=0
|  tuple-ids=8,4 row-size=207B cardinality=1500000
|  in pipelines: 03(GETNEXT)
|
03:SORT
|  order by: o_orderdate ASC
|  mem-estimate=18.00MB mem-reservation=12.00MB spill-buffer=2.00MB thread-reservation=0
|  tuple-ids=8 row-size=199B cardinality=1500000
|  in pipelines: 03(GETNEXT), 01(OPEN)
|
02:ANALYTIC
|  functions: row_number()
|  order by: o_totalprice ASC
|  window: ROWS BETWEEN UNBOUNDED PRECEDING AND CURRENT ROW
|  mem-estimate=4.00MB mem-reservation=4.00MB spill-buffer=2.00MB thread-reservation=0
|  tuple-ids=6,3 row-size=199B cardinality=1500000
|  in pipelines: 01(GETNEXT)
|
07:MERGING-EXCHANGE [UNPARTITIONED]
|  order by: o_totalprice ASC
|  mem-estimate=0B mem-reservation=0B thread-reservation=0
|  tuple-ids=6 row-size=191B cardinality=1500000
|  in pipelines: 01(GETNEXT)
|
F00:PLAN FRAGMENT [RANDOM] hosts=2 instances=4
Per-Host Resources: mem-estimate=116.00MB mem-reservation=72.00MB thread-reservation=2
01:SORT
|  order by: o_totalprice ASC
|  mem-estimate=18.00MB mem-reservation=12.00MB spill-buffer=2.00MB thread-reservation=0
|  tuple-ids=6 row-size=191B cardinality=1500000
|  in pipelines: 01(GETNEXT), 00(OPEN)
|
00:SCAN HDFS [tpch_parquet.orders, RANDOM]
   partitions=1/1 files=2 size=54.21MB
   stored statistics:
     table: rows=1500000 size=54.21MB
     columns: all
   extrapolated-rows=disabled max-scan-range-rows=1177197
   mem-estimate=40.00MB mem-reservation=24.00MB thread-reservation=0
   tuple-ids=0 row-size=191B cardinality=1500000
   in pipelines: 00(GETNEXT)
====
# Union with non-trivial branches: each branch executes sequentially within fragment.
select distinct l_orderkey, l_partkey, l_suppkey, l_linenumber, l_comment
from tpch_parquet.lineitem join tpch_parquet.orders on l_orderkey = o_orderkey
where l_tax > 10
union all
select l_orderkey, l_partkey, l_suppkey, l_linenumber, l_comment
from tpch_parquet.lineitem join tpch_parquet.orders on l_orderkey = o_orderkey
where o_orderpriority = '2-HIGH'
union all
select l_orderkey, l_partkey, l_suppkey, l_linenumber, l_comment
from tpch_parquet.lineitem join tpch_parquet.orders on l_orderkey = o_orderkey
where l_shipmode = 'F'
---- PLAN
Max Per-Host Resource Reservation: Memory=78.00MB Threads=3
Per-Host Resource Estimates: Memory=143MB

F00:PLAN FRAGMENT [UNPARTITIONED] hosts=1 instances=1
|  Per-Host Resources: mem-estimate=142.58MB mem-reservation=78.00MB thread-reservation=3 runtime-filters-memory=3.00MB
PLAN-ROOT SINK
|  mem-estimate=0B mem-reservation=0B thread-reservation=0
|
00:UNION
|  pass-through-operands: 04
|  mem-estimate=0B mem-reservation=0B thread-reservation=0
|  tuple-ids=7 row-size=70B cardinality=2549844
|  in pipelines: 04(GETNEXT), 05(GETNEXT), 08(GETNEXT)
|
|--10:HASH JOIN [INNER JOIN]
|  |  hash predicates: l_orderkey = o_orderkey
|  |  fk/pk conjuncts: l_orderkey = o_orderkey
|  |  runtime filters: RF004[bloom] <- o_orderkey
|  |  mem-estimate=17.00MB mem-reservation=17.00MB spill-buffer=1.00MB thread-reservation=0
|  |  tuple-ids=5,6 row-size=99B cardinality=822530
|  |  in pipelines: 08(GETNEXT), 09(OPEN)
|  |
|  |--09:SCAN HDFS [tpch_parquet.orders]
|  |     partitions=1/1 files=2 size=54.21MB
|  |     stored statistics:
|  |       table: rows=1500000 size=54.21MB
|  |       columns: all
|  |     extrapolated-rows=disabled max-scan-range-rows=1177197
|  |     mem-estimate=40.00MB mem-reservation=4.00MB thread-reservation=1
|  |     tuple-ids=6 row-size=8B cardinality=1500000
|  |     in pipelines: 09(GETNEXT)
|  |
|  08:SCAN HDFS [tpch_parquet.lineitem]
|     partitions=1/1 files=3 size=193.99MB
|     predicates: l_shipmode = 'F'
|     runtime filters: RF004[bloom] -> l_orderkey
|     stored statistics:
|       table: rows=6001215 size=193.99MB
|       columns: all
|     extrapolated-rows=disabled max-scan-range-rows=2141664
|     parquet statistics predicates: l_shipmode = 'F'
|     parquet dictionary predicates: l_shipmode = 'F'
|     mem-estimate=80.00MB mem-reservation=24.00MB thread-reservation=1
|     tuple-ids=5 row-size=91B cardinality=857316
|     in pipelines: 08(GETNEXT)
|
|--07:HASH JOIN [INNER JOIN]
|  |  hash predicates: l_orderkey = o_orderkey
|  |  fk/pk conjuncts: l_orderkey = o_orderkey
|  |  runtime filters: RF002[bloom] <- o_orderkey
|  |  mem-estimate=17.00MB mem-reservation=17.00MB spill-buffer=1.00MB thread-reservation=0
|  |  tuple-ids=3,4 row-size=103B cardinality=1151542
|  |  in pipelines: 05(GETNEXT), 06(OPEN)
|  |
|  |--06:SCAN HDFS [tpch_parquet.orders]
|  |     partitions=1/1 files=2 size=54.21MB
|  |     predicates: o_orderpriority = '2-HIGH'
|  |     stored statistics:
|  |       table: rows=1500000 size=54.21MB
|  |       columns: all
|  |     extrapolated-rows=disabled max-scan-range-rows=1177197
|  |     parquet statistics predicates: o_orderpriority = '2-HIGH'
|  |     parquet dictionary predicates: o_orderpriority = '2-HIGH'
|  |     mem-estimate=40.00MB mem-reservation=8.00MB thread-reservation=1
|  |     tuple-ids=4 row-size=32B cardinality=300000
|  |     in pipelines: 06(GETNEXT)
|  |
|  05:SCAN HDFS [tpch_parquet.lineitem]
|     partitions=1/1 files=3 size=193.99MB
|     runtime filters: RF002[bloom] -> l_orderkey
|     stored statistics:
|       table: rows=6001215 size=193.99MB
|       columns: all
|     extrapolated-rows=disabled max-scan-range-rows=2141664
|     mem-estimate=80.00MB mem-reservation=24.00MB thread-reservation=1
|     tuple-ids=3 row-size=70B cardinality=6001215
|     in pipelines: 05(GETNEXT)
|
04:AGGREGATE [FINALIZE]
|  group by: l_orderkey, l_partkey, l_suppkey, l_linenumber, l_comment
|  mem-estimate=42.58MB mem-reservation=34.00MB spill-buffer=2.00MB thread-reservation=0
|  tuple-ids=2 row-size=70B cardinality=575772
|  in pipelines: 04(GETNEXT), 01(OPEN)
|
03:HASH JOIN [INNER JOIN]
|  hash predicates: l_orderkey = o_orderkey
|  fk/pk conjuncts: l_orderkey = o_orderkey
|  runtime filters: RF000[bloom] <- o_orderkey
|  mem-estimate=17.00MB mem-reservation=17.00MB spill-buffer=1.00MB thread-reservation=0
|  tuple-ids=0,1 row-size=86B cardinality=575772
|  in pipelines: 01(GETNEXT), 02(OPEN)
|
|--02:SCAN HDFS [tpch_parquet.orders]
|     partitions=1/1 files=2 size=54.21MB
|     stored statistics:
|       table: rows=1500000 size=54.21MB
|       columns: all
|     extrapolated-rows=disabled max-scan-range-rows=1177197
|     mem-estimate=40.00MB mem-reservation=4.00MB thread-reservation=1
|     tuple-ids=1 row-size=8B cardinality=1500000
|     in pipelines: 02(GETNEXT)
|
01:SCAN HDFS [tpch_parquet.lineitem]
   partitions=1/1 files=3 size=193.99MB
   predicates: l_tax > 10
   runtime filters: RF000[bloom] -> l_orderkey
   stored statistics:
     table: rows=6001215 size=193.99MB
     columns: all
   extrapolated-rows=disabled max-scan-range-rows=2141664
   parquet statistics predicates: l_tax > 10
   parquet dictionary predicates: l_tax > 10
   mem-estimate=80.00MB mem-reservation=24.00MB thread-reservation=1
   tuple-ids=0 row-size=78B cardinality=600122
   in pipelines: 01(GETNEXT)
---- DISTRIBUTEDPLAN
Max Per-Host Resource Reservation: Memory=123.75MB Threads=12
Per-Host Resource Estimates: Memory=348MB

F09:PLAN FRAGMENT [UNPARTITIONED] hosts=1 instances=1
|  Per-Host Resources: mem-estimate=0B mem-reservation=0B thread-reservation=1
PLAN-ROOT SINK
|  mem-estimate=0B mem-reservation=0B thread-reservation=0
|
17:EXCHANGE [UNPARTITIONED]
|  mem-estimate=0B mem-reservation=0B thread-reservation=0
|  tuple-ids=7 row-size=70B cardinality=2549844
|  in pipelines: 14(GETNEXT), 05(GETNEXT), 08(GETNEXT)
|
F08:PLAN FRAGMENT [RANDOM] hosts=3 instances=3
Per-Host Resources: mem-estimate=99.00MB mem-reservation=43.00MB thread-reservation=2 runtime-filters-memory=2.00MB
00:UNION
|  pass-through-operands: 14
|  mem-estimate=0B mem-reservation=0B thread-reservation=0
|  tuple-ids=7 row-size=70B cardinality=2549844
|  in pipelines: 14(GETNEXT), 05(GETNEXT), 08(GETNEXT)
|
|--10:HASH JOIN [INNER JOIN, BROADCAST]
|  |  hash predicates: l_orderkey = o_orderkey
|  |  fk/pk conjuncts: l_orderkey = o_orderkey
|  |  runtime filters: RF004[bloom] <- o_orderkey
|  |  mem-estimate=17.00MB mem-reservation=17.00MB spill-buffer=1.00MB thread-reservation=0
|  |  tuple-ids=5,6 row-size=99B cardinality=822530
|  |  in pipelines: 08(GETNEXT), 09(OPEN)
|  |
|  |--16:EXCHANGE [BROADCAST]
|  |  |  mem-estimate=0B mem-reservation=0B thread-reservation=0
|  |  |  tuple-ids=6 row-size=8B cardinality=1500000
|  |  |  in pipelines: 09(GETNEXT)
|  |  |
|  |  F07:PLAN FRAGMENT [RANDOM] hosts=2 instances=2
|  |  Per-Host Resources: mem-estimate=40.00MB mem-reservation=4.00MB thread-reservation=2
|  |  09:SCAN HDFS [tpch_parquet.orders, RANDOM]
|  |     partitions=1/1 files=2 size=54.21MB
|  |     stored statistics:
|  |       table: rows=1500000 size=54.21MB
|  |       columns: all
|  |     extrapolated-rows=disabled max-scan-range-rows=1177197
|  |     mem-estimate=40.00MB mem-reservation=4.00MB thread-reservation=1
|  |     tuple-ids=6 row-size=8B cardinality=1500000
|  |     in pipelines: 09(GETNEXT)
|  |
|  08:SCAN HDFS [tpch_parquet.lineitem, RANDOM]
|     partitions=1/1 files=3 size=193.99MB
|     predicates: l_shipmode = 'F'
|     runtime filters: RF004[bloom] -> l_orderkey
|     stored statistics:
|       table: rows=6001215 size=193.99MB
|       columns: all
|     extrapolated-rows=disabled max-scan-range-rows=2141664
|     parquet statistics predicates: l_shipmode = 'F'
|     parquet dictionary predicates: l_shipmode = 'F'
|     mem-estimate=80.00MB mem-reservation=24.00MB thread-reservation=1
|     tuple-ids=5 row-size=91B cardinality=857316
|     in pipelines: 08(GETNEXT)
|
|--07:HASH JOIN [INNER JOIN, BROADCAST]
|  |  hash predicates: l_orderkey = o_orderkey
|  |  fk/pk conjuncts: l_orderkey = o_orderkey
|  |  runtime filters: RF002[bloom] <- o_orderkey
|  |  mem-estimate=17.00MB mem-reservation=17.00MB spill-buffer=1.00MB thread-reservation=0
|  |  tuple-ids=3,4 row-size=103B cardinality=1151542
|  |  in pipelines: 05(GETNEXT), 06(OPEN)
|  |
|  |--15:EXCHANGE [BROADCAST]
|  |  |  mem-estimate=0B mem-reservation=0B thread-reservation=0
|  |  |  tuple-ids=4 row-size=32B cardinality=300000
|  |  |  in pipelines: 06(GETNEXT)
|  |  |
|  |  F05:PLAN FRAGMENT [RANDOM] hosts=2 instances=2
|  |  Per-Host Resources: mem-estimate=40.00MB mem-reservation=8.00MB thread-reservation=2
|  |  06:SCAN HDFS [tpch_parquet.orders, RANDOM]
|  |     partitions=1/1 files=2 size=54.21MB
|  |     predicates: o_orderpriority = '2-HIGH'
|  |     stored statistics:
|  |       table: rows=1500000 size=54.21MB
|  |       columns: all
|  |     extrapolated-rows=disabled max-scan-range-rows=1177197
|  |     parquet statistics predicates: o_orderpriority = '2-HIGH'
|  |     parquet dictionary predicates: o_orderpriority = '2-HIGH'
|  |     mem-estimate=40.00MB mem-reservation=8.00MB thread-reservation=1
|  |     tuple-ids=4 row-size=32B cardinality=300000
|  |     in pipelines: 06(GETNEXT)
|  |
|  05:SCAN HDFS [tpch_parquet.lineitem, RANDOM]
|     partitions=1/1 files=3 size=193.99MB
|     runtime filters: RF002[bloom] -> l_orderkey
|     stored statistics:
|       table: rows=6001215 size=193.99MB
|       columns: all
|     extrapolated-rows=disabled max-scan-range-rows=2141664
|     mem-estimate=80.00MB mem-reservation=24.00MB thread-reservation=1
|     tuple-ids=3 row-size=70B cardinality=6001215
|     in pipelines: 05(GETNEXT)
|
14:AGGREGATE [FINALIZE]
|  group by: l_orderkey, l_partkey, l_suppkey, l_linenumber, l_comment
|  mem-estimate=42.58MB mem-reservation=34.00MB spill-buffer=2.00MB thread-reservation=0
|  tuple-ids=2 row-size=70B cardinality=575772
|  in pipelines: 14(GETNEXT), 01(OPEN)
|
13:EXCHANGE [HASH(l_orderkey,l_partkey,l_suppkey,l_linenumber,l_comment)]
|  mem-estimate=0B mem-reservation=0B thread-reservation=0
|  tuple-ids=2 row-size=70B cardinality=575772
|  in pipelines: 01(GETNEXT)
|
F02:PLAN FRAGMENT [HASH(l_orderkey)] hosts=3 instances=3
Per-Host Resources: mem-estimate=48.33MB mem-reservation=39.75MB thread-reservation=1 runtime-filters-memory=1.00MB
04:AGGREGATE [STREAMING]
|  group by: l_orderkey, l_partkey, l_suppkey, l_linenumber, l_comment
|  mem-estimate=42.58MB mem-reservation=34.00MB spill-buffer=2.00MB thread-reservation=0
|  tuple-ids=2 row-size=70B cardinality=575772
|  in pipelines: 01(GETNEXT)
|
03:HASH JOIN [INNER JOIN, PARTITIONED]
|  hash predicates: l_orderkey = o_orderkey
|  fk/pk conjuncts: l_orderkey = o_orderkey
|  runtime filters: RF000[bloom] <- o_orderkey
|  mem-estimate=4.75MB mem-reservation=4.75MB spill-buffer=256.00KB thread-reservation=0
|  tuple-ids=0,1 row-size=86B cardinality=575772
|  in pipelines: 01(GETNEXT), 02(OPEN)
|
|--12:EXCHANGE [HASH(o_orderkey)]
|  |  mem-estimate=0B mem-reservation=0B thread-reservation=0
|  |  tuple-ids=1 row-size=8B cardinality=1500000
|  |  in pipelines: 02(GETNEXT)
|  |
|  F01:PLAN FRAGMENT [RANDOM] hosts=2 instances=2
|  Per-Host Resources: mem-estimate=40.00MB mem-reservation=4.00MB thread-reservation=2
|  02:SCAN HDFS [tpch_parquet.orders, RANDOM]
|     partitions=1/1 files=2 size=54.21MB
|     stored statistics:
|       table: rows=1500000 size=54.21MB
|       columns: all
|     extrapolated-rows=disabled max-scan-range-rows=1177197
|     mem-estimate=40.00MB mem-reservation=4.00MB thread-reservation=1
|     tuple-ids=1 row-size=8B cardinality=1500000
|     in pipelines: 02(GETNEXT)
|
11:EXCHANGE [HASH(l_orderkey)]
|  mem-estimate=0B mem-reservation=0B thread-reservation=0
|  tuple-ids=0 row-size=78B cardinality=600122
|  in pipelines: 01(GETNEXT)
|
F00:PLAN FRAGMENT [RANDOM] hosts=3 instances=3
Per-Host Resources: mem-estimate=81.00MB mem-reservation=25.00MB thread-reservation=2 runtime-filters-memory=1.00MB
01:SCAN HDFS [tpch_parquet.lineitem, RANDOM]
   partitions=1/1 files=3 size=193.99MB
   predicates: l_tax > 10
   runtime filters: RF000[bloom] -> l_orderkey
   stored statistics:
     table: rows=6001215 size=193.99MB
     columns: all
   extrapolated-rows=disabled max-scan-range-rows=2141664
   parquet statistics predicates: l_tax > 10
   parquet dictionary predicates: l_tax > 10
   mem-estimate=80.00MB mem-reservation=24.00MB thread-reservation=1
   tuple-ids=0 row-size=78B cardinality=600122
   in pipelines: 01(GETNEXT)
---- PARALLELPLANS
Max Per-Host Resource Reservation: Memory=243.75MB Threads=13
Per-Host Resource Estimates: Memory=693MB

F09:PLAN FRAGMENT [UNPARTITIONED] hosts=1 instances=1
|  Per-Host Resources: mem-estimate=0B mem-reservation=0B thread-reservation=1
PLAN-ROOT SINK
|  mem-estimate=0B mem-reservation=0B thread-reservation=0
|
17:EXCHANGE [UNPARTITIONED]
|  mem-estimate=0B mem-reservation=0B thread-reservation=0
|  tuple-ids=7 row-size=70B cardinality=2549844
|  in pipelines: 14(GETNEXT), 05(GETNEXT), 08(GETNEXT)
|
F08:PLAN FRAGMENT [RANDOM] hosts=3 instances=6
Per-Host Resources: mem-estimate=198.00MB mem-reservation=86.00MB thread-reservation=2 runtime-filters-memory=2.00MB
00:UNION
|  pass-through-operands: 14
|  mem-estimate=0B mem-reservation=0B thread-reservation=0
|  tuple-ids=7 row-size=70B cardinality=2549844
|  in pipelines: 14(GETNEXT), 05(GETNEXT), 08(GETNEXT)
|
|--10:HASH JOIN [INNER JOIN, BROADCAST]
|  |  hash-table-id=01
|  |  hash predicates: l_orderkey = o_orderkey
|  |  fk/pk conjuncts: l_orderkey = o_orderkey
|  |  runtime filters: RF004[bloom] <- o_orderkey
|  |  mem-estimate=17.00MB mem-reservation=17.00MB spill-buffer=1.00MB thread-reservation=0
|  |  tuple-ids=5,6 row-size=99B cardinality=822530
|  |  in pipelines: 08(GETNEXT), 09(OPEN)
|  |
|  |--F11:PLAN FRAGMENT [RANDOM] hosts=2 instances=4
|  |  |  Per-Host Resources: included in parent fragment
|  |  JOIN BUILD
|  |  |  join-table-id=01 plan-id=02 cohort-id=01
|  |  |  build expressions: o_orderkey
|  |  |  mem-estimate=0B mem-reservation=0B thread-reservation=0
|  |  |
|  |  16:EXCHANGE [BROADCAST]
|  |  |  mem-estimate=0B mem-reservation=0B thread-reservation=0
|  |  |  tuple-ids=6 row-size=8B cardinality=1500000
|  |  |  in pipelines: 09(GETNEXT)
|  |  |
|  |  F07:PLAN FRAGMENT [RANDOM] hosts=2 instances=4
|  |  Per-Host Resources: mem-estimate=80.00MB mem-reservation=8.00MB thread-reservation=2
|  |  09:SCAN HDFS [tpch_parquet.orders, RANDOM]
|  |     partitions=1/1 files=2 size=54.21MB
|  |     stored statistics:
|  |       table: rows=1500000 size=54.21MB
|  |       columns: all
|  |     extrapolated-rows=disabled max-scan-range-rows=1177197
|  |     mem-estimate=40.00MB mem-reservation=4.00MB thread-reservation=0
|  |     tuple-ids=6 row-size=8B cardinality=1500000
|  |     in pipelines: 09(GETNEXT)
|  |
|  08:SCAN HDFS [tpch_parquet.lineitem, RANDOM]
|     partitions=1/1 files=3 size=193.99MB
|     predicates: l_shipmode = 'F'
|     runtime filters: RF004[bloom] -> l_orderkey
|     stored statistics:
|       table: rows=6001215 size=193.99MB
|       columns: all
|     extrapolated-rows=disabled max-scan-range-rows=2141664
|     parquet statistics predicates: l_shipmode = 'F'
|     parquet dictionary predicates: l_shipmode = 'F'
|     mem-estimate=80.00MB mem-reservation=24.00MB thread-reservation=0
|     tuple-ids=5 row-size=91B cardinality=857316
|     in pipelines: 08(GETNEXT)
|
|--07:HASH JOIN [INNER JOIN, BROADCAST]
|  |  hash-table-id=00
|  |  hash predicates: l_orderkey = o_orderkey
|  |  fk/pk conjuncts: l_orderkey = o_orderkey
|  |  runtime filters: RF002[bloom] <- o_orderkey
|  |  mem-estimate=17.00MB mem-reservation=17.00MB spill-buffer=1.00MB thread-reservation=0
|  |  tuple-ids=3,4 row-size=103B cardinality=1151542
|  |  in pipelines: 05(GETNEXT), 06(OPEN)
|  |
|  |--F10:PLAN FRAGMENT [RANDOM] hosts=2 instances=4
|  |  |  Per-Host Resources: included in parent fragment
|  |  JOIN BUILD
|  |  |  join-table-id=00 plan-id=01 cohort-id=01
|  |  |  build expressions: o_orderkey
|  |  |  mem-estimate=0B mem-reservation=0B thread-reservation=0
|  |  |
|  |  15:EXCHANGE [BROADCAST]
|  |  |  mem-estimate=0B mem-reservation=0B thread-reservation=0
|  |  |  tuple-ids=4 row-size=32B cardinality=300000
|  |  |  in pipelines: 06(GETNEXT)
|  |  |
|  |  F05:PLAN FRAGMENT [RANDOM] hosts=2 instances=4
|  |  Per-Host Resources: mem-estimate=80.00MB mem-reservation=16.00MB thread-reservation=2
|  |  06:SCAN HDFS [tpch_parquet.orders, RANDOM]
|  |     partitions=1/1 files=2 size=54.21MB
|  |     predicates: o_orderpriority = '2-HIGH'
|  |     stored statistics:
|  |       table: rows=1500000 size=54.21MB
|  |       columns: all
|  |     extrapolated-rows=disabled max-scan-range-rows=1177197
|  |     parquet statistics predicates: o_orderpriority = '2-HIGH'
|  |     parquet dictionary predicates: o_orderpriority = '2-HIGH'
|  |     mem-estimate=40.00MB mem-reservation=8.00MB thread-reservation=0
|  |     tuple-ids=4 row-size=32B cardinality=300000
|  |     in pipelines: 06(GETNEXT)
|  |
|  05:SCAN HDFS [tpch_parquet.lineitem, RANDOM]
|     partitions=1/1 files=3 size=193.99MB
|     runtime filters: RF002[bloom] -> l_orderkey
|     stored statistics:
|       table: rows=6001215 size=193.99MB
|       columns: all
|     extrapolated-rows=disabled max-scan-range-rows=2141664
|     mem-estimate=80.00MB mem-reservation=24.00MB thread-reservation=0
|     tuple-ids=3 row-size=70B cardinality=6001215
|     in pipelines: 05(GETNEXT)
|
14:AGGREGATE [FINALIZE]
|  group by: l_orderkey, l_partkey, l_suppkey, l_linenumber, l_comment
|  mem-estimate=42.58MB mem-reservation=34.00MB spill-buffer=2.00MB thread-reservation=0
|  tuple-ids=2 row-size=70B cardinality=575772
|  in pipelines: 14(GETNEXT), 01(OPEN)
|
13:EXCHANGE [HASH(l_orderkey,l_partkey,l_suppkey,l_linenumber,l_comment)]
|  mem-estimate=0B mem-reservation=0B thread-reservation=0
|  tuple-ids=2 row-size=70B cardinality=575772
|  in pipelines: 01(GETNEXT)
|
F02:PLAN FRAGMENT [HASH(l_orderkey)] hosts=3 instances=6
Per-Host Resources: mem-estimate=92.91MB mem-reservation=75.75MB thread-reservation=2 runtime-filters-memory=1.00MB
04:AGGREGATE [STREAMING]
|  group by: l_orderkey, l_partkey, l_suppkey, l_linenumber, l_comment
|  mem-estimate=42.58MB mem-reservation=34.00MB spill-buffer=2.00MB thread-reservation=0
|  tuple-ids=2 row-size=70B cardinality=575772
|  in pipelines: 01(GETNEXT)
|
03:HASH JOIN [INNER JOIN, PARTITIONED]
|  hash-table-id=02
|  hash predicates: l_orderkey = o_orderkey
|  fk/pk conjuncts: l_orderkey = o_orderkey
|  runtime filters: RF000[bloom] <- o_orderkey
|  mem-estimate=2.88MB mem-reservation=2.88MB spill-buffer=128.00KB thread-reservation=0
|  tuple-ids=0,1 row-size=86B cardinality=575772
|  in pipelines: 01(GETNEXT), 02(OPEN)
|
|--F12:PLAN FRAGMENT [HASH(l_orderkey)] hosts=2 instances=4
|  |  Per-Host Resources: included in parent fragment
|  JOIN BUILD
|  |  join-table-id=02 plan-id=03 cohort-id=01
|  |  build expressions: o_orderkey
|  |  mem-estimate=0B mem-reservation=0B thread-reservation=0
|  |
|  12:EXCHANGE [HASH(o_orderkey)]
|  |  mem-estimate=0B mem-reservation=0B thread-reservation=0
|  |  tuple-ids=1 row-size=8B cardinality=1500000
|  |  in pipelines: 02(GETNEXT)
|  |
|  F01:PLAN FRAGMENT [RANDOM] hosts=2 instances=4
|  Per-Host Resources: mem-estimate=80.00MB mem-reservation=8.00MB thread-reservation=2
|  02:SCAN HDFS [tpch_parquet.orders, RANDOM]
|     partitions=1/1 files=2 size=54.21MB
|     stored statistics:
|       table: rows=1500000 size=54.21MB
|       columns: all
|     extrapolated-rows=disabled max-scan-range-rows=1177197
|     mem-estimate=40.00MB mem-reservation=4.00MB thread-reservation=0
|     tuple-ids=1 row-size=8B cardinality=1500000
|     in pipelines: 02(GETNEXT)
|
11:EXCHANGE [HASH(l_orderkey)]
|  mem-estimate=0B mem-reservation=0B thread-reservation=0
|  tuple-ids=0 row-size=78B cardinality=600122
|  in pipelines: 01(GETNEXT)
|
F00:PLAN FRAGMENT [RANDOM] hosts=3 instances=6
Per-Host Resources: mem-estimate=162.00MB mem-reservation=50.00MB thread-reservation=2 runtime-filters-memory=1.00MB
01:SCAN HDFS [tpch_parquet.lineitem, RANDOM]
   partitions=1/1 files=3 size=193.99MB
   predicates: l_tax > 10
   runtime filters: RF000[bloom] -> l_orderkey
   stored statistics:
     table: rows=6001215 size=193.99MB
     columns: all
   extrapolated-rows=disabled max-scan-range-rows=2141664
   parquet statistics predicates: l_tax > 10
   parquet dictionary predicates: l_tax > 10
   mem-estimate=80.00MB mem-reservation=24.00MB thread-reservation=0
   tuple-ids=0 row-size=78B cardinality=600122
   in pipelines: 01(GETNEXT)
====
# TPC-H Q18: Pipeline of joins with some non-trivial subtrees on right side of joins
 select
  c_name,
  c_custkey,
  o_orderkey,
  o_orderdate,
  o_totalprice,
  sum(l_quantity)
from
  tpch.customer,
  tpch.orders,
  tpch.lineitem
where
  o_orderkey in (
    select
      l_orderkey
    from
      tpch.lineitem
    group by
      l_orderkey
    having
      sum(l_quantity) > 300
    )
  and c_custkey = o_custkey
  and o_orderkey = l_orderkey
group by
  c_name,
  c_custkey,
  o_orderkey,
  o_orderdate,
  o_totalprice
order by
  o_totalprice desc,
  o_orderdate
limit 100
---- PLAN
Max Per-Host Resource Reservation: Memory=92.25MB Threads=5
Per-Host Resource Estimates: Memory=396MB

F00:PLAN FRAGMENT [UNPARTITIONED] hosts=1 instances=1
|  Per-Host Resources: mem-estimate=396.18MB mem-reservation=92.25MB thread-reservation=5 runtime-filters-memory=3.00MB
PLAN-ROOT SINK
|  mem-estimate=0B mem-reservation=0B thread-reservation=0
|
09:TOP-N [LIMIT=100]
|  order by: o_totalprice DESC, o_orderdate ASC
|  mem-estimate=9.77KB mem-reservation=0B thread-reservation=0
|  tuple-ids=7 row-size=100B cardinality=100
|  in pipelines: 09(GETNEXT), 08(OPEN)
|
08:AGGREGATE [FINALIZE]
|  output: sum(l_quantity)
|  group by: c_name, c_custkey, o_orderkey, o_orderdate, o_totalprice
|  mem-estimate=62.96MB mem-reservation=34.00MB spill-buffer=2.00MB thread-reservation=0
|  tuple-ids=6 row-size=100B cardinality=600122
|  in pipelines: 08(GETNEXT), 02(OPEN)
|
07:HASH JOIN [LEFT SEMI JOIN]
|  hash predicates: o_orderkey = l_orderkey
|  runtime filters: RF000[bloom] <- l_orderkey
|  mem-estimate=4.75MB mem-reservation=4.75MB spill-buffer=256.00KB thread-reservation=0
|  tuple-ids=2,1,0 row-size=108B cardinality=600122
|  in pipelines: 02(GETNEXT), 04(OPEN)
|
|--04:AGGREGATE [FINALIZE]
|  |  output: sum(l_quantity)
|  |  group by: l_orderkey
|  |  having: sum(l_quantity) > 300
|  |  mem-estimate=10.00MB mem-reservation=4.75MB spill-buffer=256.00KB thread-reservation=0
|  |  tuple-ids=4 row-size=24B cardinality=156344
|  |  in pipelines: 04(GETNEXT), 03(OPEN)
|  |
|  03:SCAN HDFS [tpch.lineitem]
|     partitions=1/1 files=1 size=718.94MB
|     stored statistics:
|       table: rows=6001215 size=718.94MB
|       columns: all
|     extrapolated-rows=disabled max-scan-range-rows=1068457
|     mem-estimate=88.00MB mem-reservation=8.00MB thread-reservation=1
|     tuple-ids=3 row-size=16B cardinality=6001215
|     in pipelines: 03(GETNEXT)
|
06:HASH JOIN [INNER JOIN]
|  hash predicates: o_custkey = c_custkey
|  fk/pk conjuncts: o_custkey = c_custkey
|  runtime filters: RF002[bloom] <- c_custkey
|  mem-estimate=8.50MB mem-reservation=8.50MB spill-buffer=512.00KB thread-reservation=0
|  tuple-ids=2,1,0 row-size=108B cardinality=5757710
|  in pipelines: 02(GETNEXT), 00(OPEN)
|
|--00:SCAN HDFS [tpch.customer]
|     partitions=1/1 files=1 size=23.08MB
|     stored statistics:
|       table: rows=150000 size=23.08MB
|       columns: all
|     extrapolated-rows=disabled max-scan-range-rows=150000
|     mem-estimate=32.00MB mem-reservation=8.00MB thread-reservation=1
|     tuple-ids=0 row-size=42B cardinality=150000
|     in pipelines: 00(GETNEXT)
|
05:HASH JOIN [INNER JOIN]
|  hash predicates: l_orderkey = o_orderkey
|  fk/pk conjuncts: l_orderkey = o_orderkey
|  runtime filters: RF004[bloom] <- o_orderkey
|  mem-estimate=78.68MB mem-reservation=34.00MB spill-buffer=2.00MB thread-reservation=0
|  tuple-ids=2,1 row-size=66B cardinality=5757710
|  in pipelines: 02(GETNEXT), 01(OPEN)
|
|--01:SCAN HDFS [tpch.orders]
|     partitions=1/1 files=1 size=162.56MB
|     runtime filters: RF000[bloom] -> o_orderkey, RF002[bloom] -> o_custkey
|     stored statistics:
|       table: rows=1500000 size=162.56MB
|       columns: all
|     extrapolated-rows=disabled max-scan-range-rows=1181132
|     mem-estimate=88.00MB mem-reservation=8.00MB thread-reservation=1
|     tuple-ids=1 row-size=50B cardinality=1500000
|     in pipelines: 01(GETNEXT)
|
02:SCAN HDFS [tpch.lineitem]
   partitions=1/1 files=1 size=718.94MB
   runtime filters: RF000[bloom] -> tpch.lineitem.l_orderkey, RF004[bloom] -> l_orderkey
   stored statistics:
     table: rows=6001215 size=718.94MB
     columns: all
   extrapolated-rows=disabled max-scan-range-rows=1068457
   mem-estimate=88.00MB mem-reservation=8.00MB thread-reservation=1
   tuple-ids=2 row-size=16B cardinality=6001215
   in pipelines: 02(GETNEXT)
---- DISTRIBUTEDPLAN
Max Per-Host Resource Reservation: Memory=191.12MB Threads=11
Per-Host Resource Estimates: Memory=524MB

F07:PLAN FRAGMENT [UNPARTITIONED] hosts=1 instances=1
|  Per-Host Resources: mem-estimate=0B mem-reservation=0B thread-reservation=1
PLAN-ROOT SINK
|  mem-estimate=0B mem-reservation=0B thread-reservation=0
|
17:MERGING-EXCHANGE [UNPARTITIONED]
|  order by: o_totalprice DESC, o_orderdate ASC
|  limit: 100
|  mem-estimate=0B mem-reservation=0B thread-reservation=0
|  tuple-ids=7 row-size=100B cardinality=100
|  in pipelines: 09(GETNEXT)
|
F06:PLAN FRAGMENT [HASH(c_name,c_custkey,o_orderkey,o_orderdate,o_totalprice)] hosts=3 instances=3
Per-Host Resources: mem-estimate=62.96MB mem-reservation=34.00MB thread-reservation=1
09:TOP-N [LIMIT=100]
|  order by: o_totalprice DESC, o_orderdate ASC
|  mem-estimate=9.77KB mem-reservation=0B thread-reservation=0
|  tuple-ids=7 row-size=100B cardinality=100
|  in pipelines: 09(GETNEXT), 16(OPEN)
|
16:AGGREGATE [FINALIZE]
|  output: sum:merge(l_quantity)
|  group by: c_name, c_custkey, o_orderkey, o_orderdate, o_totalprice
|  mem-estimate=62.96MB mem-reservation=34.00MB spill-buffer=2.00MB thread-reservation=0
|  tuple-ids=6 row-size=100B cardinality=600122
|  in pipelines: 16(GETNEXT), 02(OPEN)
|
15:EXCHANGE [HASH(c_name,c_custkey,o_orderkey,o_orderdate,o_totalprice)]
|  mem-estimate=0B mem-reservation=0B thread-reservation=0
|  tuple-ids=6 row-size=100B cardinality=600122
|  in pipelines: 02(GETNEXT)
|
F02:PLAN FRAGMENT [HASH(l_orderkey)] hosts=3 instances=3
Per-Host Resources: mem-estimate=121.33MB mem-reservation=87.12MB thread-reservation=1 runtime-filters-memory=3.00MB
08:AGGREGATE [STREAMING]
|  output: sum(l_quantity)
|  group by: c_name, c_custkey, o_orderkey, o_orderdate, o_totalprice
|  mem-estimate=62.96MB mem-reservation=34.00MB spill-buffer=2.00MB thread-reservation=0
|  tuple-ids=6 row-size=100B cardinality=600122
|  in pipelines: 02(GETNEXT)
|
07:HASH JOIN [LEFT SEMI JOIN, PARTITIONED]
|  hash predicates: o_orderkey = l_orderkey
|  runtime filters: RF000[bloom] <- l_orderkey
|  mem-estimate=2.88MB mem-reservation=2.88MB spill-buffer=128.00KB thread-reservation=0
|  tuple-ids=2,1,0 row-size=108B cardinality=600122
|  in pipelines: 02(GETNEXT), 14(OPEN)
|
|--14:AGGREGATE [FINALIZE]
|  |  output: sum:merge(l_quantity)
|  |  group by: l_orderkey
|  |  having: sum(l_quantity) > 300
|  |  mem-estimate=10.00MB mem-reservation=4.75MB spill-buffer=256.00KB thread-reservation=0
|  |  tuple-ids=4 row-size=24B cardinality=156344
|  |  in pipelines: 14(GETNEXT), 03(OPEN)
|  |
|  13:EXCHANGE [HASH(l_orderkey)]
|  |  mem-estimate=0B mem-reservation=0B thread-reservation=0
|  |  tuple-ids=4 row-size=24B cardinality=1563438
|  |  in pipelines: 03(GETNEXT)
|  |
|  F04:PLAN FRAGMENT [RANDOM] hosts=3 instances=3
|  Per-Host Resources: mem-estimate=127.36MB mem-reservation=42.00MB thread-reservation=2
|  04:AGGREGATE [STREAMING]
|  |  output: sum(l_quantity)
|  |  group by: l_orderkey
|  |  mem-estimate=39.36MB mem-reservation=34.00MB spill-buffer=2.00MB thread-reservation=0
|  |  tuple-ids=4 row-size=24B cardinality=1563438
|  |  in pipelines: 03(GETNEXT)
|  |
|  03:SCAN HDFS [tpch.lineitem, RANDOM]
|     partitions=1/1 files=1 size=718.94MB
|     stored statistics:
|       table: rows=6001215 size=718.94MB
|       columns: all
|     extrapolated-rows=disabled max-scan-range-rows=1068457
|     mem-estimate=88.00MB mem-reservation=8.00MB thread-reservation=1
|     tuple-ids=3 row-size=16B cardinality=6001215
|     in pipelines: 03(GETNEXT)
|
06:HASH JOIN [INNER JOIN, BROADCAST]
|  hash predicates: o_custkey = c_custkey
|  fk/pk conjuncts: o_custkey = c_custkey
|  runtime filters: RF002[bloom] <- c_custkey
|  mem-estimate=8.50MB mem-reservation=8.50MB spill-buffer=512.00KB thread-reservation=0
|  tuple-ids=2,1,0 row-size=108B cardinality=5757710
|  in pipelines: 02(GETNEXT), 00(OPEN)
|
|--12:EXCHANGE [BROADCAST]
|  |  mem-estimate=0B mem-reservation=0B thread-reservation=0
|  |  tuple-ids=0 row-size=42B cardinality=150000
|  |  in pipelines: 00(GETNEXT)
|  |
|  F03:PLAN FRAGMENT [RANDOM] hosts=1 instances=1
|  Per-Host Resources: mem-estimate=32.00MB mem-reservation=8.00MB thread-reservation=2
|  00:SCAN HDFS [tpch.customer, RANDOM]
|     partitions=1/1 files=1 size=23.08MB
|     stored statistics:
|       table: rows=150000 size=23.08MB
|       columns: all
|     extrapolated-rows=disabled max-scan-range-rows=150000
|     mem-estimate=32.00MB mem-reservation=8.00MB thread-reservation=1
|     tuple-ids=0 row-size=42B cardinality=150000
|     in pipelines: 00(GETNEXT)
|
05:HASH JOIN [INNER JOIN, PARTITIONED]
|  hash predicates: l_orderkey = o_orderkey
|  fk/pk conjuncts: l_orderkey = o_orderkey
|  runtime filters: RF004[bloom] <- o_orderkey
|  mem-estimate=34.00MB mem-reservation=34.00MB spill-buffer=2.00MB thread-reservation=0
|  tuple-ids=2,1 row-size=66B cardinality=5757710
|  in pipelines: 02(GETNEXT), 01(OPEN)
|
|--11:EXCHANGE [HASH(o_orderkey)]
|  |  mem-estimate=0B mem-reservation=0B thread-reservation=0
|  |  tuple-ids=1 row-size=50B cardinality=1500000
|  |  in pipelines: 01(GETNEXT)
|  |
|  F01:PLAN FRAGMENT [RANDOM] hosts=2 instances=2
|  Per-Host Resources: mem-estimate=90.00MB mem-reservation=10.00MB thread-reservation=2 runtime-filters-memory=2.00MB
|  01:SCAN HDFS [tpch.orders, RANDOM]
|     partitions=1/1 files=1 size=162.56MB
|     runtime filters: RF000[bloom] -> o_orderkey, RF002[bloom] -> o_custkey
|     stored statistics:
|       table: rows=1500000 size=162.56MB
|       columns: all
|     extrapolated-rows=disabled max-scan-range-rows=1181132
|     mem-estimate=88.00MB mem-reservation=8.00MB thread-reservation=1
|     tuple-ids=1 row-size=50B cardinality=1500000
|     in pipelines: 01(GETNEXT)
|
10:EXCHANGE [HASH(l_orderkey)]
|  mem-estimate=0B mem-reservation=0B thread-reservation=0
|  tuple-ids=2 row-size=16B cardinality=6001215
|  in pipelines: 02(GETNEXT)
|
F00:PLAN FRAGMENT [RANDOM] hosts=3 instances=3
Per-Host Resources: mem-estimate=90.00MB mem-reservation=10.00MB thread-reservation=2 runtime-filters-memory=2.00MB
02:SCAN HDFS [tpch.lineitem, RANDOM]
   partitions=1/1 files=1 size=718.94MB
   runtime filters: RF000[bloom] -> tpch.lineitem.l_orderkey, RF004[bloom] -> l_orderkey
   stored statistics:
     table: rows=6001215 size=718.94MB
     columns: all
   extrapolated-rows=disabled max-scan-range-rows=1068457
   mem-estimate=88.00MB mem-reservation=8.00MB thread-reservation=1
   tuple-ids=2 row-size=16B cardinality=6001215
   in pipelines: 02(GETNEXT)
---- PARALLELPLANS
Max Per-Host Resource Reservation: Memory=336.88MB Threads=13
Per-Host Resource Estimates: Memory=991MB

F07:PLAN FRAGMENT [UNPARTITIONED] hosts=1 instances=1
|  Per-Host Resources: mem-estimate=0B mem-reservation=0B thread-reservation=1
PLAN-ROOT SINK
|  mem-estimate=0B mem-reservation=0B thread-reservation=0
|
17:MERGING-EXCHANGE [UNPARTITIONED]
|  order by: o_totalprice DESC, o_orderdate ASC
|  limit: 100
|  mem-estimate=0B mem-reservation=0B thread-reservation=0
|  tuple-ids=7 row-size=100B cardinality=100
|  in pipelines: 09(GETNEXT)
|
F06:PLAN FRAGMENT [HASH(c_name,c_custkey,o_orderkey,o_orderdate,o_totalprice)] hosts=3 instances=6
Per-Host Resources: mem-estimate=125.93MB mem-reservation=68.00MB thread-reservation=2
09:TOP-N [LIMIT=100]
|  order by: o_totalprice DESC, o_orderdate ASC
|  mem-estimate=9.77KB mem-reservation=0B thread-reservation=0
|  tuple-ids=7 row-size=100B cardinality=100
|  in pipelines: 09(GETNEXT), 16(OPEN)
|
16:AGGREGATE [FINALIZE]
|  output: sum:merge(l_quantity)
|  group by: c_name, c_custkey, o_orderkey, o_orderdate, o_totalprice
|  mem-estimate=62.96MB mem-reservation=34.00MB spill-buffer=2.00MB thread-reservation=0
|  tuple-ids=6 row-size=100B cardinality=600122
|  in pipelines: 16(GETNEXT), 02(OPEN)
|
15:EXCHANGE [HASH(c_name,c_custkey,o_orderkey,o_orderdate,o_totalprice)]
|  mem-estimate=0B mem-reservation=0B thread-reservation=0
|  tuple-ids=6 row-size=100B cardinality=600122
|  in pipelines: 02(GETNEXT)
|
F02:PLAN FRAGMENT [HASH(l_orderkey)] hosts=3 instances=6
Per-Host Resources: mem-estimate=186.79MB mem-reservation=128.88MB thread-reservation=2 runtime-filters-memory=3.00MB
08:AGGREGATE [STREAMING]
|  output: sum(l_quantity)
|  group by: c_name, c_custkey, o_orderkey, o_orderdate, o_totalprice
|  mem-estimate=62.96MB mem-reservation=34.00MB spill-buffer=2.00MB thread-reservation=0
|  tuple-ids=6 row-size=100B cardinality=600122
|  in pipelines: 02(GETNEXT)
|
07:HASH JOIN [LEFT SEMI JOIN, PARTITIONED]
|  hash-table-id=00
|  hash predicates: o_orderkey = l_orderkey
|  runtime filters: RF000[bloom] <- l_orderkey
|  mem-estimate=1.94MB mem-reservation=1.94MB spill-buffer=64.00KB thread-reservation=0
|  tuple-ids=2,1,0 row-size=108B cardinality=600122
|  in pipelines: 02(GETNEXT), 14(OPEN)
|
|--F08:PLAN FRAGMENT [HASH(l_orderkey)] hosts=3 instances=6
|  |  Per-Host Resources: included in parent fragment
|  JOIN BUILD
|  |  join-table-id=00 plan-id=01 cohort-id=01
|  |  build expressions: l_orderkey
|  |  mem-estimate=0B mem-reservation=0B thread-reservation=0
|  |
|  14:AGGREGATE [FINALIZE]
|  |  output: sum:merge(l_quantity)
|  |  group by: l_orderkey
|  |  having: sum(l_quantity) > 300
|  |  mem-estimate=10.00MB mem-reservation=4.75MB spill-buffer=256.00KB thread-reservation=0
|  |  tuple-ids=4 row-size=24B cardinality=156344
|  |  in pipelines: 14(GETNEXT), 03(OPEN)
|  |
|  13:EXCHANGE [HASH(l_orderkey)]
|  |  mem-estimate=0B mem-reservation=0B thread-reservation=0
|  |  tuple-ids=4 row-size=24B cardinality=1563438
|  |  in pipelines: 03(GETNEXT)
|  |
|  F04:PLAN FRAGMENT [RANDOM] hosts=3 instances=6
|  Per-Host Resources: mem-estimate=254.73MB mem-reservation=84.00MB thread-reservation=2
|  04:AGGREGATE [STREAMING]
|  |  output: sum(l_quantity)
|  |  group by: l_orderkey
|  |  mem-estimate=39.36MB mem-reservation=34.00MB spill-buffer=2.00MB thread-reservation=0
|  |  tuple-ids=4 row-size=24B cardinality=1563438
|  |  in pipelines: 03(GETNEXT)
|  |
|  03:SCAN HDFS [tpch.lineitem, RANDOM]
|     partitions=1/1 files=1 size=718.94MB
|     stored statistics:
|       table: rows=6001215 size=718.94MB
|       columns: all
|     extrapolated-rows=disabled max-scan-range-rows=1068457
|     mem-estimate=88.00MB mem-reservation=8.00MB thread-reservation=0
|     tuple-ids=3 row-size=16B cardinality=6001215
|     in pipelines: 03(GETNEXT)
|
06:HASH JOIN [INNER JOIN, BROADCAST]
|  hash-table-id=01
|  hash predicates: o_custkey = c_custkey
|  fk/pk conjuncts: o_custkey = c_custkey
|  runtime filters: RF002[bloom] <- c_custkey
|  mem-estimate=8.50MB mem-reservation=8.50MB spill-buffer=512.00KB thread-reservation=0
|  tuple-ids=2,1,0 row-size=108B cardinality=5757710
|  in pipelines: 02(GETNEXT), 00(OPEN)
|
|--F09:PLAN FRAGMENT [HASH(l_orderkey)] hosts=1 instances=2
|  |  Per-Host Resources: included in parent fragment
|  JOIN BUILD
|  |  join-table-id=01 plan-id=02 cohort-id=01
|  |  build expressions: c_custkey
|  |  mem-estimate=0B mem-reservation=0B thread-reservation=0
|  |
|  12:EXCHANGE [BROADCAST]
|  |  mem-estimate=0B mem-reservation=0B thread-reservation=0
|  |  tuple-ids=0 row-size=42B cardinality=150000
|  |  in pipelines: 00(GETNEXT)
|  |
|  F03:PLAN FRAGMENT [RANDOM] hosts=1 instances=2
|  Per-Host Resources: mem-estimate=64.00MB mem-reservation=16.00MB thread-reservation=2
|  00:SCAN HDFS [tpch.customer, RANDOM]
|     partitions=1/1 files=1 size=23.08MB
|     stored statistics:
|       table: rows=150000 size=23.08MB
|       columns: all
|     extrapolated-rows=disabled max-scan-range-rows=150000
|     mem-estimate=32.00MB mem-reservation=8.00MB thread-reservation=0
|     tuple-ids=0 row-size=42B cardinality=150000
|     in pipelines: 00(GETNEXT)
|
05:HASH JOIN [INNER JOIN, PARTITIONED]
|  hash-table-id=02
|  hash predicates: l_orderkey = o_orderkey
|  fk/pk conjuncts: l_orderkey = o_orderkey
|  runtime filters: RF004[bloom] <- o_orderkey
|  mem-estimate=17.00MB mem-reservation=17.00MB spill-buffer=1.00MB thread-reservation=0
|  tuple-ids=2,1 row-size=66B cardinality=5757710
|  in pipelines: 02(GETNEXT), 01(OPEN)
|
|--F10:PLAN FRAGMENT [HASH(l_orderkey)] hosts=2 instances=4
|  |  Per-Host Resources: included in parent fragment
|  JOIN BUILD
|  |  join-table-id=02 plan-id=03 cohort-id=01
|  |  build expressions: o_orderkey
|  |  mem-estimate=0B mem-reservation=0B thread-reservation=0
|  |
|  11:EXCHANGE [HASH(o_orderkey)]
|  |  mem-estimate=0B mem-reservation=0B thread-reservation=0
|  |  tuple-ids=1 row-size=50B cardinality=1500000
|  |  in pipelines: 01(GETNEXT)
|  |
|  F01:PLAN FRAGMENT [RANDOM] hosts=2 instances=4
|  Per-Host Resources: mem-estimate=180.00MB mem-reservation=20.00MB thread-reservation=2 runtime-filters-memory=2.00MB
|  01:SCAN HDFS [tpch.orders, RANDOM]
|     partitions=1/1 files=1 size=162.56MB
|     runtime filters: RF000[bloom] -> o_orderkey, RF002[bloom] -> o_custkey
|     stored statistics:
|       table: rows=1500000 size=162.56MB
|       columns: all
|     extrapolated-rows=disabled max-scan-range-rows=1181132
|     mem-estimate=88.00MB mem-reservation=8.00MB thread-reservation=0
|     tuple-ids=1 row-size=50B cardinality=1500000
|     in pipelines: 01(GETNEXT)
|
10:EXCHANGE [HASH(l_orderkey)]
|  mem-estimate=0B mem-reservation=0B thread-reservation=0
|  tuple-ids=2 row-size=16B cardinality=6001215
|  in pipelines: 02(GETNEXT)
|
F00:PLAN FRAGMENT [RANDOM] hosts=3 instances=6
Per-Host Resources: mem-estimate=180.00MB mem-reservation=20.00MB thread-reservation=2 runtime-filters-memory=2.00MB
02:SCAN HDFS [tpch.lineitem, RANDOM]
   partitions=1/1 files=1 size=718.94MB
   runtime filters: RF000[bloom] -> tpch.lineitem.l_orderkey, RF004[bloom] -> l_orderkey
   stored statistics:
     table: rows=6001215 size=718.94MB
     columns: all
   extrapolated-rows=disabled max-scan-range-rows=1068457
   mem-estimate=88.00MB mem-reservation=8.00MB thread-reservation=0
   tuple-ids=2 row-size=16B cardinality=6001215
   in pipelines: 02(GETNEXT)
====
# Unpartitioned HDFS insert
insert into table functional.alltypesnopart
select id, bool_col, tinyint_col, smallint_col, int_col, bigint_col,
float_col, double_col, date_string_col, string_col, timestamp_col
from functional.alltypes
where year=2009 and month=05
---- PLAN
Max Per-Host Resource Reservation: Memory=32.00KB Threads=2
Per-Host Resource Estimates: Memory=16MB
Codegen disabled by planner

F00:PLAN FRAGMENT [UNPARTITIONED] hosts=1 instances=1
|  Per-Host Resources: mem-estimate=16.03MB mem-reservation=32.00KB thread-reservation=2
WRITE TO HDFS [functional.alltypesnopart, OVERWRITE=false]
|  partitions=1
|  mem-estimate=26.94KB mem-reservation=0B thread-reservation=0
|
00:SCAN HDFS [functional.alltypes]
   partitions=1/24 files=1 size=20.36KB
   stored statistics:
     table: rows=7300 size=478.45KB
     partitions: 1/1 rows=310
     columns: all
   extrapolated-rows=disabled max-scan-range-rows=7300
   mem-estimate=16.00MB mem-reservation=32.00KB thread-reservation=1
   tuple-ids=0 row-size=89B cardinality=310
   in pipelines: 00(GETNEXT)
---- DISTRIBUTEDPLAN
Max Per-Host Resource Reservation: Memory=32.00KB Threads=2
Per-Host Resource Estimates: Memory=16MB
Codegen disabled by planner

F00:PLAN FRAGMENT [RANDOM] hosts=1 instances=1
|  Per-Host Resources: mem-estimate=16.03MB mem-reservation=32.00KB thread-reservation=2
WRITE TO HDFS [functional.alltypesnopart, OVERWRITE=false]
|  partitions=1
|  mem-estimate=26.94KB mem-reservation=0B thread-reservation=0
|
00:SCAN HDFS [functional.alltypes, RANDOM]
   partitions=1/24 files=1 size=20.36KB
   stored statistics:
     table: rows=7300 size=478.45KB
     partitions: 1/1 rows=310
     columns: all
   extrapolated-rows=disabled max-scan-range-rows=7300
   mem-estimate=16.00MB mem-reservation=32.00KB thread-reservation=1
   tuple-ids=0 row-size=89B cardinality=310
   in pipelines: 00(GETNEXT)
---- PARALLELPLANS
Max Per-Host Resource Reservation: Memory=64.00KB Threads=2
Per-Host Resource Estimates: Memory=32MB
Codegen disabled by planner

F00:PLAN FRAGMENT [RANDOM] hosts=1 instances=2
|  Per-Host Resources: mem-estimate=32.03MB mem-reservation=64.00KB thread-reservation=2
WRITE TO HDFS [functional.alltypesnopart, OVERWRITE=false]
|  partitions=1
|  mem-estimate=13.47KB mem-reservation=0B thread-reservation=0
|
00:SCAN HDFS [functional.alltypes, RANDOM]
   partitions=1/24 files=1 size=20.36KB
   stored statistics:
     table: rows=7300 size=478.45KB
     partitions: 1/1 rows=310
     columns: all
   extrapolated-rows=disabled max-scan-range-rows=7300
   mem-estimate=16.00MB mem-reservation=32.00KB thread-reservation=0
   tuple-ids=0 row-size=89B cardinality=310
   in pipelines: 00(GETNEXT)
====
# Dynamically partitioned HDFS insert
create table dummy_insert
partitioned by (l_partkey) as
select l_comment, l_partkey from tpch.lineitem
---- PLAN
Max Per-Host Resource Reservation: Memory=20.00MB Threads=2
Per-Host Resource Estimates: Memory=106MB

F00:PLAN FRAGMENT [UNPARTITIONED] hosts=1 instances=1
|  Per-Host Resources: mem-estimate=106.00MB mem-reservation=20.00MB thread-reservation=2
WRITE TO HDFS [default.dummy_insert, OVERWRITE=false, PARTITION-KEYS=(l_partkey)]
|  partitions=200516
|  mem-estimate=100.00KB mem-reservation=0B thread-reservation=0
|
01:SORT
|  order by: l_partkey ASC NULLS LAST
|  mem-estimate=18.00MB mem-reservation=12.00MB spill-buffer=2.00MB thread-reservation=0
|  tuple-ids=1 row-size=50B cardinality=6001215
|  in pipelines: 01(GETNEXT), 00(OPEN)
|
00:SCAN HDFS [tpch.lineitem]
   partitions=1/1 files=1 size=718.94MB
   stored statistics:
     table: rows=6001215 size=718.94MB
     columns: all
   extrapolated-rows=disabled max-scan-range-rows=1068457
   mem-estimate=88.00MB mem-reservation=8.00MB thread-reservation=1
   tuple-ids=0 row-size=50B cardinality=6001215
   in pipelines: 00(GETNEXT)
---- DISTRIBUTEDPLAN
Max Per-Host Resource Reservation: Memory=20.00MB Threads=3
Per-Host Resource Estimates: Memory=106MB

F01:PLAN FRAGMENT [HASH(l_partkey)] hosts=3 instances=3
|  Per-Host Resources: mem-estimate=18.10MB mem-reservation=12.00MB thread-reservation=1
WRITE TO HDFS [default.dummy_insert, OVERWRITE=false, PARTITION-KEYS=(l_partkey)]
|  partitions=200516
|  mem-estimate=100.00KB mem-reservation=0B thread-reservation=0
|
02:SORT
|  order by: l_partkey ASC NULLS LAST
|  mem-estimate=18.00MB mem-reservation=12.00MB spill-buffer=2.00MB thread-reservation=0
|  tuple-ids=1 row-size=50B cardinality=6001215
|  in pipelines: 02(GETNEXT), 00(OPEN)
|
01:EXCHANGE [HASH(l_partkey)]
|  mem-estimate=0B mem-reservation=0B thread-reservation=0
|  tuple-ids=0 row-size=50B cardinality=6001215
|  in pipelines: 00(GETNEXT)
|
F00:PLAN FRAGMENT [RANDOM] hosts=3 instances=3
Per-Host Resources: mem-estimate=88.00MB mem-reservation=8.00MB thread-reservation=2
00:SCAN HDFS [tpch.lineitem, RANDOM]
   partitions=1/1 files=1 size=718.94MB
   stored statistics:
     table: rows=6001215 size=718.94MB
     columns: all
   extrapolated-rows=disabled max-scan-range-rows=1068457
   mem-estimate=88.00MB mem-reservation=8.00MB thread-reservation=1
   tuple-ids=0 row-size=50B cardinality=6001215
   in pipelines: 00(GETNEXT)
---- PARALLELPLANS
Max Per-Host Resource Reservation: Memory=40.00MB Threads=4
Per-Host Resource Estimates: Memory=212MB

F01:PLAN FRAGMENT [HASH(l_partkey)] hosts=3 instances=6
|  Per-Host Resources: mem-estimate=36.20MB mem-reservation=24.00MB thread-reservation=2
WRITE TO HDFS [default.dummy_insert, OVERWRITE=false, PARTITION-KEYS=(l_partkey)]
|  partitions=200516
|  mem-estimate=100.00KB mem-reservation=0B thread-reservation=0
|
02:SORT
|  order by: l_partkey ASC NULLS LAST
|  mem-estimate=18.00MB mem-reservation=12.00MB spill-buffer=2.00MB thread-reservation=0
|  tuple-ids=1 row-size=50B cardinality=6001215
|  in pipelines: 02(GETNEXT), 00(OPEN)
|
01:EXCHANGE [HASH(l_partkey)]
|  mem-estimate=0B mem-reservation=0B thread-reservation=0
|  tuple-ids=0 row-size=50B cardinality=6001215
|  in pipelines: 00(GETNEXT)
|
F00:PLAN FRAGMENT [RANDOM] hosts=3 instances=6
Per-Host Resources: mem-estimate=176.00MB mem-reservation=16.00MB thread-reservation=2
00:SCAN HDFS [tpch.lineitem, RANDOM]
   partitions=1/1 files=1 size=718.94MB
   stored statistics:
     table: rows=6001215 size=718.94MB
     columns: all
   extrapolated-rows=disabled max-scan-range-rows=1068457
   mem-estimate=88.00MB mem-reservation=8.00MB thread-reservation=0
   tuple-ids=0 row-size=50B cardinality=6001215
   in pipelines: 00(GETNEXT)
====
# Noclustered dynamically partitioned HDFS insert.
create /* +noclustered */ table dummy_insert
partitioned by (l_partkey) as
select l_comment, l_partkey from tpch.lineitem
---- PLAN
Max Per-Host Resource Reservation: Memory=8.00MB Threads=2
Per-Host Resource Estimates: Memory=377MB

F00:PLAN FRAGMENT [UNPARTITIONED] hosts=1 instances=1
|  Per-Host Resources: mem-estimate=376.99MB mem-reservation=8.00MB thread-reservation=2
WRITE TO HDFS [default.dummy_insert, OVERWRITE=false, PARTITION-KEYS=(l_partkey)]
|  partitions=200516
|  mem-estimate=288.99MB mem-reservation=0B thread-reservation=0
|
00:SCAN HDFS [tpch.lineitem]
   partitions=1/1 files=1 size=718.94MB
   stored statistics:
     table: rows=6001215 size=718.94MB
     columns: all
   extrapolated-rows=disabled max-scan-range-rows=1068457
   mem-estimate=88.00MB mem-reservation=8.00MB thread-reservation=1
   tuple-ids=0 row-size=50B cardinality=6001215
   in pipelines: 00(GETNEXT)
---- DISTRIBUTEDPLAN
Max Per-Host Resource Reservation: Memory=8.00MB Threads=3
Per-Host Resource Estimates: Memory=184MB

F01:PLAN FRAGMENT [HASH(l_partkey)] hosts=3 instances=3
|  Per-Host Resources: mem-estimate=96.33MB mem-reservation=0B thread-reservation=1
WRITE TO HDFS [default.dummy_insert, OVERWRITE=false, PARTITION-KEYS=(l_partkey)]
|  partitions=200516
|  mem-estimate=96.33MB mem-reservation=0B thread-reservation=0
|
01:EXCHANGE [HASH(l_partkey)]
|  mem-estimate=0B mem-reservation=0B thread-reservation=0
|  tuple-ids=0 row-size=50B cardinality=6001215
|  in pipelines: 00(GETNEXT)
|
F00:PLAN FRAGMENT [RANDOM] hosts=3 instances=3
Per-Host Resources: mem-estimate=88.00MB mem-reservation=8.00MB thread-reservation=2
00:SCAN HDFS [tpch.lineitem, RANDOM]
   partitions=1/1 files=1 size=718.94MB
   stored statistics:
     table: rows=6001215 size=718.94MB
     columns: all
   extrapolated-rows=disabled max-scan-range-rows=1068457
   mem-estimate=88.00MB mem-reservation=8.00MB thread-reservation=1
   tuple-ids=0 row-size=50B cardinality=6001215
   in pipelines: 00(GETNEXT)
---- PARALLELPLANS
Max Per-Host Resource Reservation: Memory=16.00MB Threads=4
Per-Host Resource Estimates: Memory=272MB

F01:PLAN FRAGMENT [HASH(l_partkey)] hosts=3 instances=6
|  Per-Host Resources: mem-estimate=96.33MB mem-reservation=0B thread-reservation=2
WRITE TO HDFS [default.dummy_insert, OVERWRITE=false, PARTITION-KEYS=(l_partkey)]
|  partitions=200516
|  mem-estimate=48.16MB mem-reservation=0B thread-reservation=0
|
01:EXCHANGE [HASH(l_partkey)]
|  mem-estimate=0B mem-reservation=0B thread-reservation=0
|  tuple-ids=0 row-size=50B cardinality=6001215
|  in pipelines: 00(GETNEXT)
|
F00:PLAN FRAGMENT [RANDOM] hosts=3 instances=6
Per-Host Resources: mem-estimate=176.00MB mem-reservation=16.00MB thread-reservation=2
00:SCAN HDFS [tpch.lineitem, RANDOM]
   partitions=1/1 files=1 size=718.94MB
   stored statistics:
     table: rows=6001215 size=718.94MB
     columns: all
   extrapolated-rows=disabled max-scan-range-rows=1068457
   mem-estimate=88.00MB mem-reservation=8.00MB thread-reservation=0
   tuple-ids=0 row-size=50B cardinality=6001215
   in pipelines: 00(GETNEXT)
====
# Variety of operators in and outside of subplan. All operators in subplan consume
# resources while the subplan is open.
select distinct c_name, v.o_orderkey, v.o_orderstatus
from tpch_nested_parquet.customer c,
  (select distinct o1.o_orderkey, o2.o_orderstatus
   from c.c_orders o1
   join c.c_orders o2 on o1.o_orderkey = o2.o_orderkey
   order by o1.o_orderkey limit 100) v
---- PLAN
Max Per-Host Resource Reservation: Memory=85.94MB Threads=2
Per-Host Resource Estimates: Memory=346MB
WARNING: The following tables are missing relevant table and/or column statistics.
tpch_nested_parquet.customer

F00:PLAN FRAGMENT [UNPARTITIONED] hosts=1 instances=1
|  Per-Host Resources: mem-estimate=345.94MB mem-reservation=85.94MB thread-reservation=2
PLAN-ROOT SINK
|  mem-estimate=0B mem-reservation=0B thread-reservation=0
|
09:AGGREGATE [FINALIZE]
|  group by: c_name, o1.o_orderkey, o2.o_orderstatus
|  mem-estimate=128.00MB mem-reservation=34.00MB spill-buffer=2.00MB thread-reservation=0
|  tuple-ids=6 row-size=58B cardinality=1500000
|  in pipelines: 09(GETNEXT), 00(OPEN)
|
01:SUBPLAN
|  mem-estimate=0B mem-reservation=0B thread-reservation=0
|  tuple-ids=4,0 row-size=90B cardinality=1500000
|  in pipelines: 00(GETNEXT)
|
|--08:NESTED LOOP JOIN [CROSS JOIN]
|  |  mem-estimate=66B mem-reservation=0B thread-reservation=0
|  |  tuple-ids=4,0 row-size=90B cardinality=10
|  |  in pipelines: 00(GETNEXT)
|  |
|  |--02:SINGULAR ROW SRC
|  |     parent-subplan=01
|  |     mem-estimate=0B mem-reservation=0B thread-reservation=0
|  |     tuple-ids=0 row-size=66B cardinality=1
|  |     in pipelines: 00(GETNEXT)
|  |
|  07:TOP-N [LIMIT=100]
|  |  order by: o1.o_orderkey ASC
|  |  mem-estimate=240B mem-reservation=0B thread-reservation=0
|  |  tuple-ids=4 row-size=24B cardinality=10
|  |  in pipelines: 00(GETNEXT)
|  |
|  06:AGGREGATE [FINALIZE]
|  |  group by: o1.o_orderkey, o2.o_orderstatus
|  |  mem-estimate=128.00MB mem-reservation=34.00MB spill-buffer=2.00MB thread-reservation=0
|  |  tuple-ids=3 row-size=24B cardinality=10
|  |  in pipelines: 00(GETNEXT)
|  |
|  05:HASH JOIN [INNER JOIN]
|  |  hash predicates: o1.o_orderkey = o2.o_orderkey
|  |  fk/pk conjuncts: assumed fk/pk
|  |  mem-estimate=1.94MB mem-reservation=1.94MB spill-buffer=64.00KB thread-reservation=0
|  |  tuple-ids=1,2 row-size=32B cardinality=10
|  |  in pipelines: 00(GETNEXT)
|  |
|  |--04:UNNEST [c.c_orders o2]
|  |     parent-subplan=01
|  |     mem-estimate=0B mem-reservation=0B thread-reservation=0
|  |     tuple-ids=2 row-size=0B cardinality=10
|  |     in pipelines: 00(GETNEXT)
|  |
|  03:UNNEST [c.c_orders o1]
|     parent-subplan=01
|     mem-estimate=0B mem-reservation=0B thread-reservation=0
|     tuple-ids=1 row-size=0B cardinality=10
|     in pipelines: 00(GETNEXT)
|
00:SCAN HDFS [tpch_nested_parquet.customer c]
   partitions=1/1 files=4 size=289.00MB
   stored statistics:
     table: rows=150000 size=289.00MB
     columns missing stats: c_orders, c_orders
   extrapolated-rows=disabled max-scan-range-rows=44227
   mem-estimate=88.00MB mem-reservation=16.00MB thread-reservation=1
   tuple-ids=0 row-size=66B cardinality=150000
   in pipelines: 00(GETNEXT)
---- DISTRIBUTEDPLAN
Max Per-Host Resource Reservation: Memory=119.94MB Threads=4
Per-Host Resource Estimates: Memory=474MB
WARNING: The following tables are missing relevant table and/or column statistics.
tpch_nested_parquet.customer

F02:PLAN FRAGMENT [UNPARTITIONED] hosts=1 instances=1
|  Per-Host Resources: mem-estimate=0B mem-reservation=0B thread-reservation=1
PLAN-ROOT SINK
|  mem-estimate=0B mem-reservation=0B thread-reservation=0
|
12:EXCHANGE [UNPARTITIONED]
|  mem-estimate=0B mem-reservation=0B thread-reservation=0
|  tuple-ids=6 row-size=58B cardinality=1500000
|  in pipelines: 11(GETNEXT)
|
F01:PLAN FRAGMENT [HASH(c_name,v.o_orderkey,v.o_orderstatus)] hosts=3 instances=3
Per-Host Resources: mem-estimate=128.00MB mem-reservation=34.00MB thread-reservation=1
11:AGGREGATE [FINALIZE]
|  group by: c_name, v.o_orderkey, v.o_orderstatus
|  mem-estimate=128.00MB mem-reservation=34.00MB spill-buffer=2.00MB thread-reservation=0
|  tuple-ids=6 row-size=58B cardinality=1500000
|  in pipelines: 11(GETNEXT), 00(OPEN)
|
10:EXCHANGE [HASH(c_name,v.o_orderkey,v.o_orderstatus)]
|  mem-estimate=0B mem-reservation=0B thread-reservation=0
|  tuple-ids=6 row-size=58B cardinality=1500000
|  in pipelines: 00(GETNEXT)
|
F00:PLAN FRAGMENT [RANDOM] hosts=3 instances=3
Per-Host Resources: mem-estimate=345.94MB mem-reservation=85.94MB thread-reservation=2
09:AGGREGATE [STREAMING]
|  group by: c_name, o1.o_orderkey, o2.o_orderstatus
|  mem-estimate=128.00MB mem-reservation=34.00MB spill-buffer=2.00MB thread-reservation=0
|  tuple-ids=6 row-size=58B cardinality=1500000
|  in pipelines: 00(GETNEXT)
|
01:SUBPLAN
|  mem-estimate=0B mem-reservation=0B thread-reservation=0
|  tuple-ids=4,0 row-size=90B cardinality=1500000
|  in pipelines: 00(GETNEXT)
|
|--08:NESTED LOOP JOIN [CROSS JOIN]
|  |  mem-estimate=66B mem-reservation=0B thread-reservation=0
|  |  tuple-ids=4,0 row-size=90B cardinality=10
|  |  in pipelines: 00(GETNEXT)
|  |
|  |--02:SINGULAR ROW SRC
|  |     parent-subplan=01
|  |     mem-estimate=0B mem-reservation=0B thread-reservation=0
|  |     tuple-ids=0 row-size=66B cardinality=1
|  |     in pipelines: 00(GETNEXT)
|  |
|  07:TOP-N [LIMIT=100]
|  |  order by: o1.o_orderkey ASC
|  |  mem-estimate=240B mem-reservation=0B thread-reservation=0
|  |  tuple-ids=4 row-size=24B cardinality=10
|  |  in pipelines: 00(GETNEXT)
|  |
|  06:AGGREGATE [FINALIZE]
|  |  group by: o1.o_orderkey, o2.o_orderstatus
|  |  mem-estimate=128.00MB mem-reservation=34.00MB spill-buffer=2.00MB thread-reservation=0
|  |  tuple-ids=3 row-size=24B cardinality=10
|  |  in pipelines: 00(GETNEXT)
|  |
|  05:HASH JOIN [INNER JOIN]
|  |  hash predicates: o1.o_orderkey = o2.o_orderkey
|  |  fk/pk conjuncts: assumed fk/pk
|  |  mem-estimate=1.94MB mem-reservation=1.94MB spill-buffer=64.00KB thread-reservation=0
|  |  tuple-ids=1,2 row-size=32B cardinality=10
|  |  in pipelines: 00(GETNEXT)
|  |
|  |--04:UNNEST [c.c_orders o2]
|  |     parent-subplan=01
|  |     mem-estimate=0B mem-reservation=0B thread-reservation=0
|  |     tuple-ids=2 row-size=0B cardinality=10
|  |     in pipelines: 00(GETNEXT)
|  |
|  03:UNNEST [c.c_orders o1]
|     parent-subplan=01
|     mem-estimate=0B mem-reservation=0B thread-reservation=0
|     tuple-ids=1 row-size=0B cardinality=10
|     in pipelines: 00(GETNEXT)
|
00:SCAN HDFS [tpch_nested_parquet.customer c, RANDOM]
   partitions=1/1 files=4 size=289.00MB
   stored statistics:
     table: rows=150000 size=289.00MB
     columns missing stats: c_orders, c_orders
   extrapolated-rows=disabled max-scan-range-rows=44227
   mem-estimate=88.00MB mem-reservation=16.00MB thread-reservation=1
   tuple-ids=0 row-size=66B cardinality=150000
   in pipelines: 00(GETNEXT)
---- PARALLELPLANS
Max Per-Host Resource Reservation: Memory=239.88MB Threads=5
Per-Host Resource Estimates: Memory=948MB
WARNING: The following tables are missing relevant table and/or column statistics.
tpch_nested_parquet.customer

F02:PLAN FRAGMENT [UNPARTITIONED] hosts=1 instances=1
|  Per-Host Resources: mem-estimate=0B mem-reservation=0B thread-reservation=1
PLAN-ROOT SINK
|  mem-estimate=0B mem-reservation=0B thread-reservation=0
|
12:EXCHANGE [UNPARTITIONED]
|  mem-estimate=0B mem-reservation=0B thread-reservation=0
|  tuple-ids=6 row-size=58B cardinality=1500000
|  in pipelines: 11(GETNEXT)
|
F01:PLAN FRAGMENT [HASH(c_name,v.o_orderkey,v.o_orderstatus)] hosts=3 instances=6
Per-Host Resources: mem-estimate=256.00MB mem-reservation=68.00MB thread-reservation=2
11:AGGREGATE [FINALIZE]
|  group by: c_name, v.o_orderkey, v.o_orderstatus
|  mem-estimate=128.00MB mem-reservation=34.00MB spill-buffer=2.00MB thread-reservation=0
|  tuple-ids=6 row-size=58B cardinality=1500000
|  in pipelines: 11(GETNEXT), 00(OPEN)
|
10:EXCHANGE [HASH(c_name,v.o_orderkey,v.o_orderstatus)]
|  mem-estimate=0B mem-reservation=0B thread-reservation=0
|  tuple-ids=6 row-size=58B cardinality=1500000
|  in pipelines: 00(GETNEXT)
|
F00:PLAN FRAGMENT [RANDOM] hosts=3 instances=6
Per-Host Resources: mem-estimate=691.88MB mem-reservation=171.88MB thread-reservation=2
09:AGGREGATE [STREAMING]
|  group by: c_name, o1.o_orderkey, o2.o_orderstatus
|  mem-estimate=128.00MB mem-reservation=34.00MB spill-buffer=2.00MB thread-reservation=0
|  tuple-ids=6 row-size=58B cardinality=1500000
|  in pipelines: 00(GETNEXT)
|
01:SUBPLAN
|  mem-estimate=0B mem-reservation=0B thread-reservation=0
|  tuple-ids=4,0 row-size=90B cardinality=1500000
|  in pipelines: 00(GETNEXT)
|
|--08:NESTED LOOP JOIN [CROSS JOIN]
|  |  mem-estimate=66B mem-reservation=0B thread-reservation=0
|  |  tuple-ids=4,0 row-size=90B cardinality=10
|  |  in pipelines: 00(GETNEXT)
|  |
|  |--02:SINGULAR ROW SRC
|  |     parent-subplan=01
|  |     mem-estimate=0B mem-reservation=0B thread-reservation=0
|  |     tuple-ids=0 row-size=66B cardinality=1
|  |     in pipelines: 00(GETNEXT)
|  |
|  07:TOP-N [LIMIT=100]
|  |  order by: o1.o_orderkey ASC
|  |  mem-estimate=240B mem-reservation=0B thread-reservation=0
|  |  tuple-ids=4 row-size=24B cardinality=10
|  |  in pipelines: 00(GETNEXT)
|  |
|  06:AGGREGATE [FINALIZE]
|  |  group by: o1.o_orderkey, o2.o_orderstatus
|  |  mem-estimate=128.00MB mem-reservation=34.00MB spill-buffer=2.00MB thread-reservation=0
|  |  tuple-ids=3 row-size=24B cardinality=10
|  |  in pipelines: 00(GETNEXT)
|  |
|  05:HASH JOIN [INNER JOIN]
|  |  hash predicates: o1.o_orderkey = o2.o_orderkey
|  |  fk/pk conjuncts: assumed fk/pk
|  |  mem-estimate=1.94MB mem-reservation=1.94MB spill-buffer=64.00KB thread-reservation=0
|  |  tuple-ids=1,2 row-size=32B cardinality=10
|  |  in pipelines: 00(GETNEXT)
|  |
|  |--04:UNNEST [c.c_orders o2]
|  |     parent-subplan=01
|  |     mem-estimate=0B mem-reservation=0B thread-reservation=0
|  |     tuple-ids=2 row-size=0B cardinality=10
|  |     in pipelines: 00(GETNEXT)
|  |
|  03:UNNEST [c.c_orders o1]
|     parent-subplan=01
|     mem-estimate=0B mem-reservation=0B thread-reservation=0
|     tuple-ids=1 row-size=0B cardinality=10
|     in pipelines: 00(GETNEXT)
|
00:SCAN HDFS [tpch_nested_parquet.customer c, RANDOM]
   partitions=1/1 files=4 size=289.00MB
   stored statistics:
     table: rows=150000 size=289.00MB
     columns missing stats: c_orders, c_orders
   extrapolated-rows=disabled max-scan-range-rows=44227
   mem-estimate=88.00MB mem-reservation=16.00MB thread-reservation=0
   tuple-ids=0 row-size=66B cardinality=150000
   in pipelines: 00(GETNEXT)
====
# Pipeline of blocking operators in a subplan. All operators consume resources at the
# same time (unlike blocking operators outside of a subplan).
select *
from tpch_nested_parquet.customer c,
  (select *, row_number() over (order by o_totalprice) rnum_price,
    row_number() over (order by o_orderdate) rnum_date,
    row_number() over (order by o_orderpriority) rnum_priority
   from c.c_orders) v;
---- PLAN
Max Per-Host Resource Reservation: Memory=104.00MB Threads=2
Per-Host Resource Estimates: Memory=136MB
WARNING: The following tables are missing relevant table and/or column statistics.
tpch_nested_parquet.customer

F00:PLAN FRAGMENT [UNPARTITIONED] hosts=1 instances=1
|  Per-Host Resources: mem-estimate=136.00MB mem-reservation=104.00MB thread-reservation=2
PLAN-ROOT SINK
|  mem-estimate=0B mem-reservation=0B thread-reservation=0
|
01:SUBPLAN
|  mem-estimate=0B mem-reservation=0B thread-reservation=0
|  tuple-ids=12,7,0 row-size=418B cardinality=1500000
|  in pipelines: 00(GETNEXT)
|
|--10:NESTED LOOP JOIN [CROSS JOIN]
|  |  mem-estimate=254B mem-reservation=0B thread-reservation=0
|  |  tuple-ids=12,7,0 row-size=418B cardinality=10
|  |  in pipelines: 00(GETNEXT)
|  |
|  |--02:SINGULAR ROW SRC
|  |     parent-subplan=01
|  |     mem-estimate=0B mem-reservation=0B thread-reservation=0
|  |     tuple-ids=0 row-size=254B cardinality=1
|  |     in pipelines: 00(GETNEXT)
|  |
|  09:ANALYTIC
|  |  functions: row_number()
|  |  order by: o_orderpriority ASC
|  |  window: ROWS BETWEEN UNBOUNDED PRECEDING AND CURRENT ROW
|  |  mem-estimate=4.00MB mem-reservation=4.00MB spill-buffer=2.00MB thread-reservation=0
|  |  tuple-ids=12,7 row-size=164B cardinality=10
|  |  in pipelines: 00(GETNEXT)
|  |
|  08:SORT
|  |  order by: o_orderpriority ASC
|  |  mem-estimate=12.00MB mem-reservation=12.00MB spill-buffer=2.00MB thread-reservation=0
|  |  tuple-ids=12 row-size=156B cardinality=10
|  |  in pipelines: 00(GETNEXT)
|  |
|  07:ANALYTIC
|  |  functions: row_number()
|  |  order by: o_orderdate ASC
|  |  window: ROWS BETWEEN UNBOUNDED PRECEDING AND CURRENT ROW
|  |  mem-estimate=4.00MB mem-reservation=4.00MB spill-buffer=2.00MB thread-reservation=0
|  |  tuple-ids=10,6 row-size=156B cardinality=10
|  |  in pipelines: 00(GETNEXT)
|  |
|  06:SORT
|  |  order by: o_orderdate ASC
|  |  mem-estimate=12.00MB mem-reservation=12.00MB spill-buffer=2.00MB thread-reservation=0
|  |  tuple-ids=10 row-size=148B cardinality=10
|  |  in pipelines: 00(GETNEXT)
|  |
|  05:ANALYTIC
|  |  functions: row_number()
|  |  order by: o_totalprice ASC
|  |  window: ROWS BETWEEN UNBOUNDED PRECEDING AND CURRENT ROW
|  |  mem-estimate=4.00MB mem-reservation=4.00MB spill-buffer=2.00MB thread-reservation=0
|  |  tuple-ids=8,5 row-size=148B cardinality=10
|  |  in pipelines: 00(GETNEXT)
|  |
|  04:SORT
|  |  order by: o_totalprice ASC
|  |  mem-estimate=12.00MB mem-reservation=12.00MB spill-buffer=2.00MB thread-reservation=0
|  |  tuple-ids=8 row-size=140B cardinality=10
|  |  in pipelines: 00(GETNEXT)
|  |
|  03:UNNEST [c.c_orders]
|     parent-subplan=01
|     mem-estimate=0B mem-reservation=0B thread-reservation=0
|     tuple-ids=1 row-size=0B cardinality=10
|     in pipelines: 00(GETNEXT)
|
00:SCAN HDFS [tpch_nested_parquet.customer c]
   partitions=1/1 files=4 size=289.00MB
   stored statistics:
     table: rows=150000 size=289.00MB
     columns missing stats: c_orders
   extrapolated-rows=disabled max-scan-range-rows=44227
   mem-estimate=88.00MB mem-reservation=56.00MB thread-reservation=1
   tuple-ids=0 row-size=254B cardinality=150000
   in pipelines: 00(GETNEXT)
---- DISTRIBUTEDPLAN
Max Per-Host Resource Reservation: Memory=104.00MB Threads=3
Per-Host Resource Estimates: Memory=136MB
WARNING: The following tables are missing relevant table and/or column statistics.
tpch_nested_parquet.customer

F01:PLAN FRAGMENT [UNPARTITIONED] hosts=1 instances=1
|  Per-Host Resources: mem-estimate=0B mem-reservation=0B thread-reservation=1
PLAN-ROOT SINK
|  mem-estimate=0B mem-reservation=0B thread-reservation=0
|
11:EXCHANGE [UNPARTITIONED]
|  mem-estimate=0B mem-reservation=0B thread-reservation=0
|  tuple-ids=12,7,0 row-size=418B cardinality=1500000
|  in pipelines: 00(GETNEXT)
|
F00:PLAN FRAGMENT [RANDOM] hosts=3 instances=3
Per-Host Resources: mem-estimate=136.00MB mem-reservation=104.00MB thread-reservation=2
01:SUBPLAN
|  mem-estimate=0B mem-reservation=0B thread-reservation=0
|  tuple-ids=12,7,0 row-size=418B cardinality=1500000
|  in pipelines: 00(GETNEXT)
|
|--10:NESTED LOOP JOIN [CROSS JOIN]
|  |  mem-estimate=254B mem-reservation=0B thread-reservation=0
|  |  tuple-ids=12,7,0 row-size=418B cardinality=10
|  |  in pipelines: 00(GETNEXT)
|  |
|  |--02:SINGULAR ROW SRC
|  |     parent-subplan=01
|  |     mem-estimate=0B mem-reservation=0B thread-reservation=0
|  |     tuple-ids=0 row-size=254B cardinality=1
|  |     in pipelines: 00(GETNEXT)
|  |
|  09:ANALYTIC
|  |  functions: row_number()
|  |  order by: o_orderpriority ASC
|  |  window: ROWS BETWEEN UNBOUNDED PRECEDING AND CURRENT ROW
|  |  mem-estimate=4.00MB mem-reservation=4.00MB spill-buffer=2.00MB thread-reservation=0
|  |  tuple-ids=12,7 row-size=164B cardinality=10
|  |  in pipelines: 00(GETNEXT)
|  |
|  08:SORT
|  |  order by: o_orderpriority ASC
|  |  mem-estimate=12.00MB mem-reservation=12.00MB spill-buffer=2.00MB thread-reservation=0
|  |  tuple-ids=12 row-size=156B cardinality=10
|  |  in pipelines: 00(GETNEXT)
|  |
|  07:ANALYTIC
|  |  functions: row_number()
|  |  order by: o_orderdate ASC
|  |  window: ROWS BETWEEN UNBOUNDED PRECEDING AND CURRENT ROW
|  |  mem-estimate=4.00MB mem-reservation=4.00MB spill-buffer=2.00MB thread-reservation=0
|  |  tuple-ids=10,6 row-size=156B cardinality=10
|  |  in pipelines: 00(GETNEXT)
|  |
|  06:SORT
|  |  order by: o_orderdate ASC
|  |  mem-estimate=12.00MB mem-reservation=12.00MB spill-buffer=2.00MB thread-reservation=0
|  |  tuple-ids=10 row-size=148B cardinality=10
|  |  in pipelines: 00(GETNEXT)
|  |
|  05:ANALYTIC
|  |  functions: row_number()
|  |  order by: o_totalprice ASC
|  |  window: ROWS BETWEEN UNBOUNDED PRECEDING AND CURRENT ROW
|  |  mem-estimate=4.00MB mem-reservation=4.00MB spill-buffer=2.00MB thread-reservation=0
|  |  tuple-ids=8,5 row-size=148B cardinality=10
|  |  in pipelines: 00(GETNEXT)
|  |
|  04:SORT
|  |  order by: o_totalprice ASC
|  |  mem-estimate=12.00MB mem-reservation=12.00MB spill-buffer=2.00MB thread-reservation=0
|  |  tuple-ids=8 row-size=140B cardinality=10
|  |  in pipelines: 00(GETNEXT)
|  |
|  03:UNNEST [c.c_orders]
|     parent-subplan=01
|     mem-estimate=0B mem-reservation=0B thread-reservation=0
|     tuple-ids=1 row-size=0B cardinality=10
|     in pipelines: 00(GETNEXT)
|
00:SCAN HDFS [tpch_nested_parquet.customer c, RANDOM]
   partitions=1/1 files=4 size=289.00MB
   stored statistics:
     table: rows=150000 size=289.00MB
     columns missing stats: c_orders
   extrapolated-rows=disabled max-scan-range-rows=44227
   mem-estimate=88.00MB mem-reservation=56.00MB thread-reservation=1
   tuple-ids=0 row-size=254B cardinality=150000
   in pipelines: 00(GETNEXT)
---- PARALLELPLANS
Max Per-Host Resource Reservation: Memory=208.00MB Threads=3
Per-Host Resource Estimates: Memory=272MB
WARNING: The following tables are missing relevant table and/or column statistics.
tpch_nested_parquet.customer

F01:PLAN FRAGMENT [UNPARTITIONED] hosts=1 instances=1
|  Per-Host Resources: mem-estimate=0B mem-reservation=0B thread-reservation=1
PLAN-ROOT SINK
|  mem-estimate=0B mem-reservation=0B thread-reservation=0
|
11:EXCHANGE [UNPARTITIONED]
|  mem-estimate=0B mem-reservation=0B thread-reservation=0
|  tuple-ids=12,7,0 row-size=418B cardinality=1500000
|  in pipelines: 00(GETNEXT)
|
F00:PLAN FRAGMENT [RANDOM] hosts=3 instances=6
Per-Host Resources: mem-estimate=272.00MB mem-reservation=208.00MB thread-reservation=2
01:SUBPLAN
|  mem-estimate=0B mem-reservation=0B thread-reservation=0
|  tuple-ids=12,7,0 row-size=418B cardinality=1500000
|  in pipelines: 00(GETNEXT)
|
|--10:NESTED LOOP JOIN [CROSS JOIN]
|  |  mem-estimate=254B mem-reservation=0B thread-reservation=0
|  |  tuple-ids=12,7,0 row-size=418B cardinality=10
|  |  in pipelines: 00(GETNEXT)
|  |
|  |--02:SINGULAR ROW SRC
|  |     parent-subplan=01
|  |     mem-estimate=0B mem-reservation=0B thread-reservation=0
|  |     tuple-ids=0 row-size=254B cardinality=1
|  |     in pipelines: 00(GETNEXT)
|  |
|  09:ANALYTIC
|  |  functions: row_number()
|  |  order by: o_orderpriority ASC
|  |  window: ROWS BETWEEN UNBOUNDED PRECEDING AND CURRENT ROW
|  |  mem-estimate=4.00MB mem-reservation=4.00MB spill-buffer=2.00MB thread-reservation=0
|  |  tuple-ids=12,7 row-size=164B cardinality=10
|  |  in pipelines: 00(GETNEXT)
|  |
|  08:SORT
|  |  order by: o_orderpriority ASC
|  |  mem-estimate=12.00MB mem-reservation=12.00MB spill-buffer=2.00MB thread-reservation=0
|  |  tuple-ids=12 row-size=156B cardinality=10
|  |  in pipelines: 00(GETNEXT)
|  |
|  07:ANALYTIC
|  |  functions: row_number()
|  |  order by: o_orderdate ASC
|  |  window: ROWS BETWEEN UNBOUNDED PRECEDING AND CURRENT ROW
|  |  mem-estimate=4.00MB mem-reservation=4.00MB spill-buffer=2.00MB thread-reservation=0
|  |  tuple-ids=10,6 row-size=156B cardinality=10
|  |  in pipelines: 00(GETNEXT)
|  |
|  06:SORT
|  |  order by: o_orderdate ASC
|  |  mem-estimate=12.00MB mem-reservation=12.00MB spill-buffer=2.00MB thread-reservation=0
|  |  tuple-ids=10 row-size=148B cardinality=10
|  |  in pipelines: 00(GETNEXT)
|  |
|  05:ANALYTIC
|  |  functions: row_number()
|  |  order by: o_totalprice ASC
|  |  window: ROWS BETWEEN UNBOUNDED PRECEDING AND CURRENT ROW
|  |  mem-estimate=4.00MB mem-reservation=4.00MB spill-buffer=2.00MB thread-reservation=0
|  |  tuple-ids=8,5 row-size=148B cardinality=10
|  |  in pipelines: 00(GETNEXT)
|  |
|  04:SORT
|  |  order by: o_totalprice ASC
|  |  mem-estimate=12.00MB mem-reservation=12.00MB spill-buffer=2.00MB thread-reservation=0
|  |  tuple-ids=8 row-size=140B cardinality=10
|  |  in pipelines: 00(GETNEXT)
|  |
|  03:UNNEST [c.c_orders]
|     parent-subplan=01
|     mem-estimate=0B mem-reservation=0B thread-reservation=0
|     tuple-ids=1 row-size=0B cardinality=10
|     in pipelines: 00(GETNEXT)
|
00:SCAN HDFS [tpch_nested_parquet.customer c, RANDOM]
   partitions=1/1 files=4 size=289.00MB
   stored statistics:
     table: rows=150000 size=289.00MB
     columns missing stats: c_orders
   extrapolated-rows=disabled max-scan-range-rows=44227
   mem-estimate=88.00MB mem-reservation=56.00MB thread-reservation=0
   tuple-ids=0 row-size=254B cardinality=150000
   in pipelines: 00(GETNEXT)
====
# Bushy hash join plan. Only two of the hash joins can execute concurrently, so we only
# need enough reservation for 2 hash joins.
select straight_join *
from tpch_parquet.orders t1
join (
  select straight_join t2.o_orderkey k2, k3, k4
  from tpch_parquet.orders t2
  join (
    select straight_join t3.o_orderkey k3, t4.o_orderkey k4
    from tpch_parquet.orders t3
    join tpch_parquet.orders t4 on t3.o_orderkey = t4.o_orderkey
  ) v2 on v2.k3 = t2.o_orderkey
) v1 on v1.k3 = t1.o_orderkey
---- PLAN
Max Per-Host Resource Reservation: Memory=99.00MB Threads=5
Per-Host Resource Estimates: Memory=180MB

F00:PLAN FRAGMENT [UNPARTITIONED] hosts=1 instances=1
|  Per-Host Resources: mem-estimate=180.00MB mem-reservation=99.00MB thread-reservation=5 runtime-filters-memory=3.00MB
PLAN-ROOT SINK
|  mem-estimate=0B mem-reservation=0B thread-reservation=0
|
06:HASH JOIN [INNER JOIN]
|  hash predicates: t1.o_orderkey = t3.o_orderkey
|  fk/pk conjuncts: t1.o_orderkey = t3.o_orderkey
|  runtime filters: RF000[bloom] <- t3.o_orderkey
|  mem-estimate=37.77MB mem-reservation=34.00MB spill-buffer=2.00MB thread-reservation=0
|  tuple-ids=0,1,2,3 row-size=215B cardinality=1500000
|  in pipelines: 00(GETNEXT), 01(OPEN)
|
|--05:HASH JOIN [INNER JOIN]
|  |  hash predicates: t2.o_orderkey = t3.o_orderkey
|  |  fk/pk conjuncts: t2.o_orderkey = t3.o_orderkey
|  |  runtime filters: RF002[bloom] <- t3.o_orderkey
|  |  mem-estimate=34.00MB mem-reservation=34.00MB spill-buffer=2.00MB thread-reservation=0
|  |  tuple-ids=1,2,3 row-size=24B cardinality=1500000
|  |  in pipelines: 01(GETNEXT), 02(OPEN)
|  |
|  |--04:HASH JOIN [INNER JOIN]
|  |  |  hash predicates: t3.o_orderkey = t4.o_orderkey
|  |  |  fk/pk conjuncts: t3.o_orderkey = t4.o_orderkey
|  |  |  runtime filters: RF004[bloom] <- t4.o_orderkey
|  |  |  mem-estimate=17.00MB mem-reservation=17.00MB spill-buffer=1.00MB thread-reservation=0
|  |  |  tuple-ids=2,3 row-size=16B cardinality=1500000
|  |  |  in pipelines: 02(GETNEXT), 03(OPEN)
|  |  |
|  |  |--03:SCAN HDFS [tpch_parquet.orders t4]
|  |  |     partitions=1/1 files=2 size=54.21MB
|  |  |     stored statistics:
|  |  |       table: rows=1500000 size=54.21MB
|  |  |       columns: all
|  |  |     extrapolated-rows=disabled max-scan-range-rows=1177197
|  |  |     mem-estimate=40.00MB mem-reservation=4.00MB thread-reservation=1
|  |  |     tuple-ids=3 row-size=8B cardinality=1500000
|  |  |     in pipelines: 03(GETNEXT)
|  |  |
|  |  02:SCAN HDFS [tpch_parquet.orders t3]
|  |     partitions=1/1 files=2 size=54.21MB
|  |     runtime filters: RF004[bloom] -> t3.o_orderkey
|  |     stored statistics:
|  |       table: rows=1500000 size=54.21MB
|  |       columns: all
|  |     extrapolated-rows=disabled max-scan-range-rows=1177197
|  |     mem-estimate=40.00MB mem-reservation=4.00MB thread-reservation=1
|  |     tuple-ids=2 row-size=8B cardinality=1500000
|  |     in pipelines: 02(GETNEXT)
|  |
|  01:SCAN HDFS [tpch_parquet.orders t2]
|     partitions=1/1 files=2 size=54.21MB
|     runtime filters: RF002[bloom] -> t2.o_orderkey
|     stored statistics:
|       table: rows=1500000 size=54.21MB
|       columns: all
|     extrapolated-rows=disabled max-scan-range-rows=1177197
|     mem-estimate=40.00MB mem-reservation=4.00MB thread-reservation=1
|     tuple-ids=1 row-size=8B cardinality=1500000
|     in pipelines: 01(GETNEXT)
|
00:SCAN HDFS [tpch_parquet.orders t1]
   partitions=1/1 files=2 size=54.21MB
   runtime filters: RF000[bloom] -> t1.o_orderkey
   stored statistics:
     table: rows=1500000 size=54.21MB
     columns: all
   extrapolated-rows=disabled max-scan-range-rows=1177197
   mem-estimate=40.00MB mem-reservation=24.00MB thread-reservation=1
   tuple-ids=0 row-size=191B cardinality=1500000
   in pipelines: 00(GETNEXT)
---- DISTRIBUTEDPLAN
Max Per-Host Resource Reservation: Memory=100.50MB Threads=10
Per-Host Resource Estimates: Memory=228MB

F05:PLAN FRAGMENT [UNPARTITIONED] hosts=1 instances=1
|  Per-Host Resources: mem-estimate=0B mem-reservation=0B thread-reservation=1
PLAN-ROOT SINK
|  mem-estimate=0B mem-reservation=0B thread-reservation=0
|
11:EXCHANGE [UNPARTITIONED]
|  mem-estimate=0B mem-reservation=0B thread-reservation=0
|  tuple-ids=0,1,2,3 row-size=215B cardinality=1500000
|  in pipelines: 00(GETNEXT)
|
F00:PLAN FRAGMENT [RANDOM] hosts=2 instances=2
Per-Host Resources: mem-estimate=78.77MB mem-reservation=59.00MB thread-reservation=2 runtime-filters-memory=1.00MB
06:HASH JOIN [INNER JOIN, BROADCAST]
|  hash predicates: t1.o_orderkey = t3.o_orderkey
|  fk/pk conjuncts: t1.o_orderkey = t3.o_orderkey
|  runtime filters: RF000[bloom] <- t3.o_orderkey
|  mem-estimate=37.77MB mem-reservation=34.00MB spill-buffer=2.00MB thread-reservation=0
|  tuple-ids=0,1,2,3 row-size=215B cardinality=1500000
|  in pipelines: 00(GETNEXT), 01(OPEN)
|
|--10:EXCHANGE [BROADCAST]
|  |  mem-estimate=0B mem-reservation=0B thread-reservation=0
|  |  tuple-ids=1,2,3 row-size=24B cardinality=1500000
|  |  in pipelines: 01(GETNEXT)
|  |
|  F04:PLAN FRAGMENT [HASH(t3.o_orderkey)] hosts=2 instances=2
|  Per-Host Resources: mem-estimate=27.50MB mem-reservation=27.50MB thread-reservation=1 runtime-filters-memory=2.00MB
|  05:HASH JOIN [INNER JOIN, PARTITIONED]
|  |  hash predicates: t2.o_orderkey = t3.o_orderkey
|  |  fk/pk conjuncts: t2.o_orderkey = t3.o_orderkey
|  |  runtime filters: RF002[bloom] <- t3.o_orderkey
|  |  mem-estimate=17.00MB mem-reservation=17.00MB spill-buffer=1.00MB thread-reservation=0
|  |  tuple-ids=1,2,3 row-size=24B cardinality=1500000
|  |  in pipelines: 01(GETNEXT), 02(OPEN)
|  |
|  |--04:HASH JOIN [INNER JOIN, PARTITIONED]
|  |  |  hash predicates: t3.o_orderkey = t4.o_orderkey
|  |  |  fk/pk conjuncts: t3.o_orderkey = t4.o_orderkey
|  |  |  runtime filters: RF004[bloom] <- t4.o_orderkey
|  |  |  mem-estimate=8.50MB mem-reservation=8.50MB spill-buffer=512.00KB thread-reservation=0
|  |  |  tuple-ids=2,3 row-size=16B cardinality=1500000
|  |  |  in pipelines: 02(GETNEXT), 03(OPEN)
|  |  |
|  |  |--08:EXCHANGE [HASH(t4.o_orderkey)]
|  |  |  |  mem-estimate=0B mem-reservation=0B thread-reservation=0
|  |  |  |  tuple-ids=3 row-size=8B cardinality=1500000
|  |  |  |  in pipelines: 03(GETNEXT)
|  |  |  |
|  |  |  F03:PLAN FRAGMENT [RANDOM] hosts=2 instances=2
|  |  |  Per-Host Resources: mem-estimate=40.00MB mem-reservation=4.00MB thread-reservation=2
|  |  |  03:SCAN HDFS [tpch_parquet.orders t4, RANDOM]
|  |  |     partitions=1/1 files=2 size=54.21MB
|  |  |     stored statistics:
|  |  |       table: rows=1500000 size=54.21MB
|  |  |       columns: all
|  |  |     extrapolated-rows=disabled max-scan-range-rows=1177197
|  |  |     mem-estimate=40.00MB mem-reservation=4.00MB thread-reservation=1
|  |  |     tuple-ids=3 row-size=8B cardinality=1500000
|  |  |     in pipelines: 03(GETNEXT)
|  |  |
|  |  07:EXCHANGE [HASH(t3.o_orderkey)]
|  |  |  mem-estimate=0B mem-reservation=0B thread-reservation=0
|  |  |  tuple-ids=2 row-size=8B cardinality=1500000
|  |  |  in pipelines: 02(GETNEXT)
|  |  |
|  |  F02:PLAN FRAGMENT [RANDOM] hosts=2 instances=2
|  |  Per-Host Resources: mem-estimate=41.00MB mem-reservation=5.00MB thread-reservation=2 runtime-filters-memory=1.00MB
|  |  02:SCAN HDFS [tpch_parquet.orders t3, RANDOM]
|  |     partitions=1/1 files=2 size=54.21MB
|  |     runtime filters: RF004[bloom] -> t3.o_orderkey
|  |     stored statistics:
|  |       table: rows=1500000 size=54.21MB
|  |       columns: all
|  |     extrapolated-rows=disabled max-scan-range-rows=1177197
|  |     mem-estimate=40.00MB mem-reservation=4.00MB thread-reservation=1
|  |     tuple-ids=2 row-size=8B cardinality=1500000
|  |     in pipelines: 02(GETNEXT)
|  |
|  09:EXCHANGE [HASH(t2.o_orderkey)]
|  |  mem-estimate=0B mem-reservation=0B thread-reservation=0
|  |  tuple-ids=1 row-size=8B cardinality=1500000
|  |  in pipelines: 01(GETNEXT)
|  |
|  F01:PLAN FRAGMENT [RANDOM] hosts=2 instances=2
|  Per-Host Resources: mem-estimate=41.00MB mem-reservation=5.00MB thread-reservation=2 runtime-filters-memory=1.00MB
|  01:SCAN HDFS [tpch_parquet.orders t2, RANDOM]
|     partitions=1/1 files=2 size=54.21MB
|     runtime filters: RF002[bloom] -> t2.o_orderkey
|     stored statistics:
|       table: rows=1500000 size=54.21MB
|       columns: all
|     extrapolated-rows=disabled max-scan-range-rows=1177197
|     mem-estimate=40.00MB mem-reservation=4.00MB thread-reservation=1
|     tuple-ids=1 row-size=8B cardinality=1500000
|     in pipelines: 01(GETNEXT)
|
00:SCAN HDFS [tpch_parquet.orders t1, RANDOM]
   partitions=1/1 files=2 size=54.21MB
   runtime filters: RF000[bloom] -> t1.o_orderkey
   stored statistics:
     table: rows=1500000 size=54.21MB
     columns: all
   extrapolated-rows=disabled max-scan-range-rows=1177197
   mem-estimate=40.00MB mem-reservation=24.00MB thread-reservation=1
   tuple-ids=0 row-size=191B cardinality=1500000
   in pipelines: 00(GETNEXT)
---- PARALLELPLANS
Max Per-Host Resource Reservation: Memory=176.50MB Threads=11
Per-Host Resource Estimates: Memory=432MB

F05:PLAN FRAGMENT [UNPARTITIONED] hosts=1 instances=1
|  Per-Host Resources: mem-estimate=0B mem-reservation=0B thread-reservation=1
PLAN-ROOT SINK
|  mem-estimate=0B mem-reservation=0B thread-reservation=0
|
11:EXCHANGE [UNPARTITIONED]
|  mem-estimate=0B mem-reservation=0B thread-reservation=0
|  tuple-ids=0,1,2,3 row-size=215B cardinality=1500000
|  in pipelines: 00(GETNEXT)
|
F00:PLAN FRAGMENT [RANDOM] hosts=2 instances=4
Per-Host Resources: mem-estimate=157.53MB mem-reservation=118.00MB thread-reservation=2 runtime-filters-memory=1.00MB
06:HASH JOIN [INNER JOIN, BROADCAST]
|  hash-table-id=00
|  hash predicates: t1.o_orderkey = t3.o_orderkey
|  fk/pk conjuncts: t1.o_orderkey = t3.o_orderkey
|  runtime filters: RF000[bloom] <- t3.o_orderkey
|  mem-estimate=37.77MB mem-reservation=34.00MB spill-buffer=2.00MB thread-reservation=0
|  tuple-ids=0,1,2,3 row-size=215B cardinality=1500000
|  in pipelines: 00(GETNEXT), 01(OPEN)
|
|--F06:PLAN FRAGMENT [RANDOM] hosts=2 instances=4
|  |  Per-Host Resources: included in parent fragment
|  JOIN BUILD
|  |  join-table-id=00 plan-id=01 cohort-id=01
|  |  build expressions: t3.o_orderkey
|  |  mem-estimate=0B mem-reservation=0B thread-reservation=0
|  |
|  10:EXCHANGE [BROADCAST]
|  |  mem-estimate=0B mem-reservation=0B thread-reservation=0
|  |  tuple-ids=1,2,3 row-size=24B cardinality=1500000
|  |  in pipelines: 01(GETNEXT)
|  |
|  F04:PLAN FRAGMENT [HASH(t3.o_orderkey)] hosts=2 instances=4
|  Per-Host Resources: mem-estimate=30.50MB mem-reservation=30.50MB thread-reservation=2 runtime-filters-memory=2.00MB
|  05:HASH JOIN [INNER JOIN, PARTITIONED]
|  |  hash-table-id=01
|  |  hash predicates: t2.o_orderkey = t3.o_orderkey
|  |  fk/pk conjuncts: t2.o_orderkey = t3.o_orderkey
|  |  runtime filters: RF002[bloom] <- t3.o_orderkey
|  |  mem-estimate=8.50MB mem-reservation=8.50MB spill-buffer=512.00KB thread-reservation=0
|  |  tuple-ids=1,2,3 row-size=24B cardinality=1500000
|  |  in pipelines: 01(GETNEXT), 02(OPEN)
|  |
|  |--F07:PLAN FRAGMENT [HASH(t3.o_orderkey)] hosts=2 instances=4
|  |  |  Per-Host Resources: included in parent fragment
|  |  JOIN BUILD
|  |  |  join-table-id=01 plan-id=02 cohort-id=02
|  |  |  build expressions: t3.o_orderkey
|  |  |  mem-estimate=0B mem-reservation=0B thread-reservation=0
|  |  |
|  |  04:HASH JOIN [INNER JOIN, PARTITIONED]
|  |  |  hash-table-id=02
|  |  |  hash predicates: t3.o_orderkey = t4.o_orderkey
|  |  |  fk/pk conjuncts: t3.o_orderkey = t4.o_orderkey
|  |  |  runtime filters: RF004[bloom] <- t4.o_orderkey
|  |  |  mem-estimate=4.75MB mem-reservation=4.75MB spill-buffer=256.00KB thread-reservation=0
|  |  |  tuple-ids=2,3 row-size=16B cardinality=1500000
|  |  |  in pipelines: 02(GETNEXT), 03(OPEN)
|  |  |
|  |  |--F08:PLAN FRAGMENT [HASH(t3.o_orderkey)] hosts=2 instances=4
|  |  |  |  Per-Host Resources: included in parent fragment
|  |  |  JOIN BUILD
|  |  |  |  join-table-id=02 plan-id=03 cohort-id=03
|  |  |  |  build expressions: t4.o_orderkey
|  |  |  |  mem-estimate=0B mem-reservation=0B thread-reservation=0
|  |  |  |
|  |  |  08:EXCHANGE [HASH(t4.o_orderkey)]
|  |  |  |  mem-estimate=0B mem-reservation=0B thread-reservation=0
|  |  |  |  tuple-ids=3 row-size=8B cardinality=1500000
|  |  |  |  in pipelines: 03(GETNEXT)
|  |  |  |
|  |  |  F03:PLAN FRAGMENT [RANDOM] hosts=2 instances=4
|  |  |  Per-Host Resources: mem-estimate=80.00MB mem-reservation=8.00MB thread-reservation=2
|  |  |  03:SCAN HDFS [tpch_parquet.orders t4, RANDOM]
|  |  |     partitions=1/1 files=2 size=54.21MB
|  |  |     stored statistics:
|  |  |       table: rows=1500000 size=54.21MB
|  |  |       columns: all
|  |  |     extrapolated-rows=disabled max-scan-range-rows=1177197
|  |  |     mem-estimate=40.00MB mem-reservation=4.00MB thread-reservation=0
|  |  |     tuple-ids=3 row-size=8B cardinality=1500000
|  |  |     in pipelines: 03(GETNEXT)
|  |  |
|  |  07:EXCHANGE [HASH(t3.o_orderkey)]
|  |  |  mem-estimate=0B mem-reservation=0B thread-reservation=0
|  |  |  tuple-ids=2 row-size=8B cardinality=1500000
|  |  |  in pipelines: 02(GETNEXT)
|  |  |
|  |  F02:PLAN FRAGMENT [RANDOM] hosts=2 instances=4
|  |  Per-Host Resources: mem-estimate=82.00MB mem-reservation=10.00MB thread-reservation=2 runtime-filters-memory=1.00MB
|  |  02:SCAN HDFS [tpch_parquet.orders t3, RANDOM]
|  |     partitions=1/1 files=2 size=54.21MB
|  |     runtime filters: RF004[bloom] -> t3.o_orderkey
|  |     stored statistics:
|  |       table: rows=1500000 size=54.21MB
|  |       columns: all
|  |     extrapolated-rows=disabled max-scan-range-rows=1177197
|  |     mem-estimate=40.00MB mem-reservation=4.00MB thread-reservation=0
|  |     tuple-ids=2 row-size=8B cardinality=1500000
|  |     in pipelines: 02(GETNEXT)
|  |
|  09:EXCHANGE [HASH(t2.o_orderkey)]
|  |  mem-estimate=0B mem-reservation=0B thread-reservation=0
|  |  tuple-ids=1 row-size=8B cardinality=1500000
|  |  in pipelines: 01(GETNEXT)
|  |
|  F01:PLAN FRAGMENT [RANDOM] hosts=2 instances=4
|  Per-Host Resources: mem-estimate=82.00MB mem-reservation=10.00MB thread-reservation=2 runtime-filters-memory=1.00MB
|  01:SCAN HDFS [tpch_parquet.orders t2, RANDOM]
|     partitions=1/1 files=2 size=54.21MB
|     runtime filters: RF002[bloom] -> t2.o_orderkey
|     stored statistics:
|       table: rows=1500000 size=54.21MB
|       columns: all
|     extrapolated-rows=disabled max-scan-range-rows=1177197
|     mem-estimate=40.00MB mem-reservation=4.00MB thread-reservation=0
|     tuple-ids=1 row-size=8B cardinality=1500000
|     in pipelines: 01(GETNEXT)
|
00:SCAN HDFS [tpch_parquet.orders t1, RANDOM]
   partitions=1/1 files=2 size=54.21MB
   runtime filters: RF000[bloom] -> t1.o_orderkey
   stored statistics:
     table: rows=1500000 size=54.21MB
     columns: all
   extrapolated-rows=disabled max-scan-range-rows=1177197
   mem-estimate=40.00MB mem-reservation=24.00MB thread-reservation=0
   tuple-ids=0 row-size=191B cardinality=1500000
   in pipelines: 00(GETNEXT)
====
# Bushy nested loop join plan. Because of IMPALA-4179 the nested loop join cannot close
# its build-side child immediately after the build phase. Therefore the whole tree of
# joins remains open until the query finishes.
# TODO: IMPALA-4179: the estimates should get lower.
select straight_join *
from tpch_parquet.nation t1
join (
  select straight_join t2.n_nationkey k2, k3, k4
  from tpch_parquet.nation t2
  join (
    select straight_join t3.n_nationkey k3, t4.s_suppkey k4
    from tpch_parquet.nation t3
    join tpch_parquet.supplier t4
  ) v2
) v1
---- PLAN
Max Per-Host Resource Reservation: Memory=176.00KB Threads=5
Per-Host Resource Estimates: Memory=138MB

F00:PLAN FRAGMENT [UNPARTITIONED] hosts=1 instances=1
|  Per-Host Resources: mem-estimate=137.99MB mem-reservation=176.00KB thread-reservation=5
PLAN-ROOT SINK
|  mem-estimate=0B mem-reservation=0B thread-reservation=0
|
06:NESTED LOOP JOIN [CROSS JOIN]
|  mem-estimate=71.53MB mem-reservation=0B thread-reservation=0
|  tuple-ids=0,1,2,3 row-size=129B cardinality=156250000
|  in pipelines: 00(GETNEXT), 01(OPEN)
|
|--05:NESTED LOOP JOIN [CROSS JOIN]
|  |  mem-estimate=2.38MB mem-reservation=0B thread-reservation=0
|  |  tuple-ids=1,2,3 row-size=12B cardinality=6250000
|  |  in pipelines: 01(GETNEXT), 02(OPEN)
|  |
|  |--04:NESTED LOOP JOIN [CROSS JOIN]
|  |  |  mem-estimate=78.12KB mem-reservation=0B thread-reservation=0
|  |  |  tuple-ids=2,3 row-size=10B cardinality=250000
|  |  |  in pipelines: 02(GETNEXT), 03(OPEN)
|  |  |
|  |  |--03:SCAN HDFS [tpch_parquet.supplier t4]
|  |  |     partitions=1/1 files=1 size=883.01KB
|  |  |     stored statistics:
|  |  |       table: rows=10000 size=883.01KB
|  |  |       columns: all
|  |  |     extrapolated-rows=disabled max-scan-range-rows=10000
|  |  |     mem-estimate=16.00MB mem-reservation=128.00KB thread-reservation=1
|  |  |     tuple-ids=3 row-size=8B cardinality=10000
|  |  |     in pipelines: 03(GETNEXT)
|  |  |
|  |  02:SCAN HDFS [tpch_parquet.nation t3]
|  |     partitions=1/1 files=1 size=3.03KB
|  |     stored statistics:
|  |       table: rows=25 size=3.03KB
|  |       columns: all
|  |     extrapolated-rows=disabled max-scan-range-rows=25
|  |     mem-estimate=16.00MB mem-reservation=8.00KB thread-reservation=1
|  |     tuple-ids=2 row-size=2B cardinality=25
|  |     in pipelines: 02(GETNEXT)
|  |
|  01:SCAN HDFS [tpch_parquet.nation t2]
|     partitions=1/1 files=1 size=3.03KB
|     stored statistics:
|       table: rows=25 size=3.03KB
|       columns: all
|     extrapolated-rows=disabled max-scan-range-rows=25
|     mem-estimate=16.00MB mem-reservation=8.00KB thread-reservation=1
|     tuple-ids=1 row-size=2B cardinality=25
|     in pipelines: 01(GETNEXT)
|
00:SCAN HDFS [tpch_parquet.nation t1]
   partitions=1/1 files=1 size=3.03KB
   stored statistics:
     table: rows=25 size=3.03KB
     columns: all
   extrapolated-rows=disabled max-scan-range-rows=25
   mem-estimate=16.00MB mem-reservation=32.00KB thread-reservation=1
   tuple-ids=0 row-size=117B cardinality=25
   in pipelines: 00(GETNEXT)
---- DISTRIBUTEDPLAN
Max Per-Host Resource Reservation: Memory=176.00KB Threads=9
Per-Host Resource Estimates: Memory=138MB

F04:PLAN FRAGMENT [UNPARTITIONED] hosts=1 instances=1
|  Per-Host Resources: mem-estimate=0B mem-reservation=0B thread-reservation=1
PLAN-ROOT SINK
|  mem-estimate=0B mem-reservation=0B thread-reservation=0
|
10:EXCHANGE [UNPARTITIONED]
|  mem-estimate=0B mem-reservation=0B thread-reservation=0
|  tuple-ids=0,1,2,3 row-size=129B cardinality=156250000
|  in pipelines: 00(GETNEXT)
|
F00:PLAN FRAGMENT [RANDOM] hosts=1 instances=1
Per-Host Resources: mem-estimate=87.53MB mem-reservation=32.00KB thread-reservation=2
06:NESTED LOOP JOIN [CROSS JOIN, BROADCAST]
|  mem-estimate=71.53MB mem-reservation=0B thread-reservation=0
|  tuple-ids=0,1,2,3 row-size=129B cardinality=156250000
|  in pipelines: 00(GETNEXT), 01(OPEN)
|
|--09:EXCHANGE [BROADCAST]
|  |  mem-estimate=0B mem-reservation=0B thread-reservation=0
|  |  tuple-ids=1,2,3 row-size=12B cardinality=6250000
|  |  in pipelines: 01(GETNEXT)
|  |
|  F01:PLAN FRAGMENT [RANDOM] hosts=1 instances=1
|  Per-Host Resources: mem-estimate=18.38MB mem-reservation=8.00KB thread-reservation=2
|  05:NESTED LOOP JOIN [CROSS JOIN, BROADCAST]
|  |  mem-estimate=2.38MB mem-reservation=0B thread-reservation=0
|  |  tuple-ids=1,2,3 row-size=12B cardinality=6250000
|  |  in pipelines: 01(GETNEXT), 02(OPEN)
|  |
|  |--08:EXCHANGE [BROADCAST]
|  |  |  mem-estimate=0B mem-reservation=0B thread-reservation=0
|  |  |  tuple-ids=2,3 row-size=10B cardinality=250000
|  |  |  in pipelines: 02(GETNEXT)
|  |  |
|  |  F02:PLAN FRAGMENT [RANDOM] hosts=1 instances=1
|  |  Per-Host Resources: mem-estimate=16.08MB mem-reservation=8.00KB thread-reservation=2
|  |  04:NESTED LOOP JOIN [CROSS JOIN, BROADCAST]
|  |  |  mem-estimate=78.12KB mem-reservation=0B thread-reservation=0
|  |  |  tuple-ids=2,3 row-size=10B cardinality=250000
|  |  |  in pipelines: 02(GETNEXT), 03(OPEN)
|  |  |
|  |  |--07:EXCHANGE [BROADCAST]
|  |  |  |  mem-estimate=0B mem-reservation=0B thread-reservation=0
|  |  |  |  tuple-ids=3 row-size=8B cardinality=10000
|  |  |  |  in pipelines: 03(GETNEXT)
|  |  |  |
|  |  |  F03:PLAN FRAGMENT [RANDOM] hosts=1 instances=1
|  |  |  Per-Host Resources: mem-estimate=16.00MB mem-reservation=128.00KB thread-reservation=2
|  |  |  03:SCAN HDFS [tpch_parquet.supplier t4, RANDOM]
|  |  |     partitions=1/1 files=1 size=883.01KB
|  |  |     stored statistics:
|  |  |       table: rows=10000 size=883.01KB
|  |  |       columns: all
|  |  |     extrapolated-rows=disabled max-scan-range-rows=10000
|  |  |     mem-estimate=16.00MB mem-reservation=128.00KB thread-reservation=1
|  |  |     tuple-ids=3 row-size=8B cardinality=10000
|  |  |     in pipelines: 03(GETNEXT)
|  |  |
|  |  02:SCAN HDFS [tpch_parquet.nation t3, RANDOM]
|  |     partitions=1/1 files=1 size=3.03KB
|  |     stored statistics:
|  |       table: rows=25 size=3.03KB
|  |       columns: all
|  |     extrapolated-rows=disabled max-scan-range-rows=25
|  |     mem-estimate=16.00MB mem-reservation=8.00KB thread-reservation=1
|  |     tuple-ids=2 row-size=2B cardinality=25
|  |     in pipelines: 02(GETNEXT)
|  |
|  01:SCAN HDFS [tpch_parquet.nation t2, RANDOM]
|     partitions=1/1 files=1 size=3.03KB
|     stored statistics:
|       table: rows=25 size=3.03KB
|       columns: all
|     extrapolated-rows=disabled max-scan-range-rows=25
|     mem-estimate=16.00MB mem-reservation=8.00KB thread-reservation=1
|     tuple-ids=1 row-size=2B cardinality=25
|     in pipelines: 01(GETNEXT)
|
00:SCAN HDFS [tpch_parquet.nation t1, RANDOM]
   partitions=1/1 files=1 size=3.03KB
   stored statistics:
     table: rows=25 size=3.03KB
     columns: all
   extrapolated-rows=disabled max-scan-range-rows=25
   mem-estimate=16.00MB mem-reservation=32.00KB thread-reservation=1
   tuple-ids=0 row-size=117B cardinality=25
   in pipelines: 00(GETNEXT)
---- PARALLELPLANS
Max Per-Host Resource Reservation: Memory=352.00KB Threads=9
Per-Host Resource Estimates: Memory=276MB

F04:PLAN FRAGMENT [UNPARTITIONED] hosts=1 instances=1
|  Per-Host Resources: mem-estimate=0B mem-reservation=0B thread-reservation=1
PLAN-ROOT SINK
|  mem-estimate=0B mem-reservation=0B thread-reservation=0
|
10:EXCHANGE [UNPARTITIONED]
|  mem-estimate=0B mem-reservation=0B thread-reservation=0
|  tuple-ids=0,1,2,3 row-size=129B cardinality=156250000
|  in pipelines: 00(GETNEXT)
|
F00:PLAN FRAGMENT [RANDOM] hosts=1 instances=2
Per-Host Resources: mem-estimate=175.05MB mem-reservation=64.00KB thread-reservation=2
06:NESTED LOOP JOIN [CROSS JOIN, BROADCAST]
|  join table id: 00
|  mem-estimate=71.53MB mem-reservation=0B thread-reservation=0
|  tuple-ids=0,1,2,3 row-size=129B cardinality=156250000
|  in pipelines: 00(GETNEXT), 01(OPEN)
|
|--F05:PLAN FRAGMENT [RANDOM] hosts=1 instances=2
|  |  Per-Host Resources: included in parent fragment
|  JOIN BUILD
|  |  join-table-id=00 plan-id=01 cohort-id=01
|  |  mem-estimate=0B mem-reservation=0B thread-reservation=0
|  |
|  09:EXCHANGE [BROADCAST]
|  |  mem-estimate=0B mem-reservation=0B thread-reservation=0
|  |  tuple-ids=1,2,3 row-size=12B cardinality=6250000
|  |  in pipelines: 01(GETNEXT)
|  |
|  F01:PLAN FRAGMENT [RANDOM] hosts=1 instances=2
|  Per-Host Resources: mem-estimate=36.77MB mem-reservation=16.00KB thread-reservation=2
|  05:NESTED LOOP JOIN [CROSS JOIN, BROADCAST]
|  |  join table id: 01
|  |  mem-estimate=2.38MB mem-reservation=0B thread-reservation=0
|  |  tuple-ids=1,2,3 row-size=12B cardinality=6250000
|  |  in pipelines: 01(GETNEXT), 02(OPEN)
|  |
|  |--F06:PLAN FRAGMENT [RANDOM] hosts=1 instances=2
|  |  |  Per-Host Resources: included in parent fragment
|  |  JOIN BUILD
|  |  |  join-table-id=01 plan-id=02 cohort-id=02
|  |  |  mem-estimate=0B mem-reservation=0B thread-reservation=0
|  |  |
|  |  08:EXCHANGE [BROADCAST]
|  |  |  mem-estimate=0B mem-reservation=0B thread-reservation=0
|  |  |  tuple-ids=2,3 row-size=10B cardinality=250000
|  |  |  in pipelines: 02(GETNEXT)
|  |  |
|  |  F02:PLAN FRAGMENT [RANDOM] hosts=1 instances=2
|  |  Per-Host Resources: mem-estimate=32.15MB mem-reservation=16.00KB thread-reservation=2
|  |  04:NESTED LOOP JOIN [CROSS JOIN, BROADCAST]
|  |  |  join table id: 02
|  |  |  mem-estimate=78.12KB mem-reservation=0B thread-reservation=0
|  |  |  tuple-ids=2,3 row-size=10B cardinality=250000
|  |  |  in pipelines: 02(GETNEXT), 03(OPEN)
|  |  |
|  |  |--F07:PLAN FRAGMENT [RANDOM] hosts=1 instances=2
|  |  |  |  Per-Host Resources: included in parent fragment
|  |  |  JOIN BUILD
|  |  |  |  join-table-id=02 plan-id=03 cohort-id=03
|  |  |  |  mem-estimate=0B mem-reservation=0B thread-reservation=0
|  |  |  |
|  |  |  07:EXCHANGE [BROADCAST]
|  |  |  |  mem-estimate=0B mem-reservation=0B thread-reservation=0
|  |  |  |  tuple-ids=3 row-size=8B cardinality=10000
|  |  |  |  in pipelines: 03(GETNEXT)
|  |  |  |
|  |  |  F03:PLAN FRAGMENT [RANDOM] hosts=1 instances=2
|  |  |  Per-Host Resources: mem-estimate=32.00MB mem-reservation=256.00KB thread-reservation=2
|  |  |  03:SCAN HDFS [tpch_parquet.supplier t4, RANDOM]
|  |  |     partitions=1/1 files=1 size=883.01KB
|  |  |     stored statistics:
|  |  |       table: rows=10000 size=883.01KB
|  |  |       columns: all
|  |  |     extrapolated-rows=disabled max-scan-range-rows=10000
|  |  |     mem-estimate=16.00MB mem-reservation=128.00KB thread-reservation=0
|  |  |     tuple-ids=3 row-size=8B cardinality=10000
|  |  |     in pipelines: 03(GETNEXT)
|  |  |
|  |  02:SCAN HDFS [tpch_parquet.nation t3, RANDOM]
|  |     partitions=1/1 files=1 size=3.03KB
|  |     stored statistics:
|  |       table: rows=25 size=3.03KB
|  |       columns: all
|  |     extrapolated-rows=disabled max-scan-range-rows=25
|  |     mem-estimate=16.00MB mem-reservation=8.00KB thread-reservation=0
|  |     tuple-ids=2 row-size=2B cardinality=25
|  |     in pipelines: 02(GETNEXT)
|  |
|  01:SCAN HDFS [tpch_parquet.nation t2, RANDOM]
|     partitions=1/1 files=1 size=3.03KB
|     stored statistics:
|       table: rows=25 size=3.03KB
|       columns: all
|     extrapolated-rows=disabled max-scan-range-rows=25
|     mem-estimate=16.00MB mem-reservation=8.00KB thread-reservation=0
|     tuple-ids=1 row-size=2B cardinality=25
|     in pipelines: 01(GETNEXT)
|
00:SCAN HDFS [tpch_parquet.nation t1, RANDOM]
   partitions=1/1 files=1 size=3.03KB
   stored statistics:
     table: rows=25 size=3.03KB
     columns: all
   extrapolated-rows=disabled max-scan-range-rows=25
   mem-estimate=16.00MB mem-reservation=32.00KB thread-reservation=0
   tuple-ids=0 row-size=117B cardinality=25
   in pipelines: 00(GETNEXT)
====
# Pipeline of analytic nodes. They should be treated as streaming nodes.
select tinyint_col, smallint_col,
sum(smallint_col) over (partition by tinyint_col order by smallint_col),
sum(smallint_col) over (partition by tinyint_col order by smallint_col
                        rows between unbounded preceding and 1 following),
                        sum(smallint_col) over (partition by tinyint_col order by smallint_col
                                                rows between 1 following and 2 following)
                                                from functional.alltypesagg
---- PLAN
Max Per-Host Resource Reservation: Memory=18.12MB Threads=2
Per-Host Resource Estimates: Memory=34MB
Codegen disabled by planner

F00:PLAN FRAGMENT [UNPARTITIONED] hosts=1 instances=1
|  Per-Host Resources: mem-estimate=34.00MB mem-reservation=18.12MB thread-reservation=2
PLAN-ROOT SINK
|  mem-estimate=0B mem-reservation=0B thread-reservation=0
|
04:ANALYTIC
|  functions: sum(smallint_col)
|  partition by: tinyint_col
|  order by: smallint_col ASC
|  window: ROWS BETWEEN 1 FOLLOWING AND 2 FOLLOWING
|  mem-estimate=4.00MB mem-reservation=4.00MB spill-buffer=2.00MB thread-reservation=0
|  tuple-ids=5,2,3,4 row-size=27B cardinality=11000
|  in pipelines: 01(GETNEXT)
|
03:ANALYTIC
|  functions: sum(smallint_col)
|  partition by: tinyint_col
|  order by: smallint_col ASC
|  window: ROWS BETWEEN UNBOUNDED PRECEDING AND 1 FOLLOWING
|  mem-estimate=4.00MB mem-reservation=4.00MB spill-buffer=2.00MB thread-reservation=0
|  tuple-ids=5,2,3 row-size=19B cardinality=11000
|  in pipelines: 01(GETNEXT)
|
02:ANALYTIC
|  functions: sum(smallint_col)
|  partition by: tinyint_col
|  order by: smallint_col ASC
|  window: RANGE BETWEEN UNBOUNDED PRECEDING AND CURRENT ROW
|  mem-estimate=4.00MB mem-reservation=4.00MB spill-buffer=2.00MB thread-reservation=0
|  tuple-ids=5,2 row-size=11B cardinality=11000
|  in pipelines: 01(GETNEXT)
|
01:SORT
|  order by: tinyint_col ASC NULLS FIRST, smallint_col ASC
|  mem-estimate=6.00MB mem-reservation=6.00MB spill-buffer=2.00MB thread-reservation=0
|  tuple-ids=5 row-size=3B cardinality=11000
|  in pipelines: 01(GETNEXT), 00(OPEN)
|
00:SCAN HDFS [functional.alltypesagg]
   partitions=11/11 files=11 size=814.73KB
   stored statistics:
     table: rows=11000 size=814.73KB
     partitions: 11/11 rows=11000
     columns: all
   extrapolated-rows=disabled max-scan-range-rows=1005
   mem-estimate=16.00MB mem-reservation=128.00KB thread-reservation=1
   tuple-ids=0 row-size=3B cardinality=11000
   in pipelines: 00(GETNEXT)
====
# Kudu Scan
select * from functional_kudu.alltypes
---- PLAN
Max Per-Host Resource Reservation: Memory=0B Threads=2
Per-Host Resource Estimates: Memory=10MB
Codegen disabled by planner

F00:PLAN FRAGMENT [UNPARTITIONED] hosts=1 instances=1
|  Per-Host Resources: mem-estimate=4.88MB mem-reservation=0B thread-reservation=2
PLAN-ROOT SINK
|  mem-estimate=0B mem-reservation=0B thread-reservation=0
|
00:SCAN KUDU [functional_kudu.alltypes]
   mem-estimate=4.88MB mem-reservation=0B thread-reservation=1
   tuple-ids=0 row-size=97B cardinality=7300
   in pipelines: 00(GETNEXT)
====
# Kudu Scan of single column
select int_col from functional_kudu.alltypes
---- PLAN
Max Per-Host Resource Reservation: Memory=0B Threads=2
Per-Host Resource Estimates: Memory=10MB
Codegen disabled by planner

F00:PLAN FRAGMENT [UNPARTITIONED] hosts=1 instances=1
|  Per-Host Resources: mem-estimate=384.00KB mem-reservation=0B thread-reservation=2
PLAN-ROOT SINK
|  mem-estimate=0B mem-reservation=0B thread-reservation=0
|
00:SCAN KUDU [functional_kudu.alltypes]
   mem-estimate=384.00KB mem-reservation=0B thread-reservation=1
   tuple-ids=0 row-size=4B cardinality=7300
   in pipelines: 00(GETNEXT)
====
# Kudu Scan count(*)
select count(*) from functional_kudu.alltypes
---- PLAN
Max Per-Host Resource Reservation: Memory=0B Threads=2
Per-Host Resource Estimates: Memory=10MB
Codegen disabled by planner

F00:PLAN FRAGMENT [UNPARTITIONED] hosts=1 instances=1
|  Per-Host Resources: mem-estimate=10.00MB mem-reservation=0B thread-reservation=2
PLAN-ROOT SINK
|  mem-estimate=0B mem-reservation=0B thread-reservation=0
|
01:AGGREGATE [FINALIZE]
|  output: count(*)
|  mem-estimate=10.00MB mem-reservation=0B spill-buffer=2.00MB thread-reservation=0
|  tuple-ids=1 row-size=8B cardinality=1
|  in pipelines: 01(GETNEXT), 00(OPEN)
|
00:SCAN KUDU [functional_kudu.alltypes]
   mem-estimate=0B mem-reservation=0B thread-reservation=1
   tuple-ids=0 row-size=0B cardinality=7300
   in pipelines: 00(GETNEXT)
====
# Kudu Scan
select * from tpch_kudu.nation
---- PLAN
Max Per-Host Resource Reservation: Memory=0B Threads=2
Per-Host Resource Estimates: Memory=10MB
Codegen disabled by planner

F00:PLAN FRAGMENT [UNPARTITIONED] hosts=1 instances=1
|  Per-Host Resources: mem-estimate=1.50MB mem-reservation=0B thread-reservation=2
PLAN-ROOT SINK
|  mem-estimate=0B mem-reservation=0B thread-reservation=0
|
00:SCAN KUDU [tpch_kudu.nation]
   mem-estimate=1.50MB mem-reservation=0B thread-reservation=1
   tuple-ids=0 row-size=117B cardinality=25
   in pipelines: 00(GETNEXT)
====
